{"numFailedTestSuites":0,"numFailedTests":0,"numPassedTestSuites":59,"numPassedTests":112,"numPendingTestSuites":2,"numPendingTests":2,"numRuntimeErrorTestSuites":0,"numTodoTests":0,"numTotalTestSuites":61,"numTotalTests":114,"openHandles":[],"snapshot":{"added":0,"didUpdate":false,"failure":false,"filesAdded":0,"filesRemoved":0,"filesRemovedList":[],"filesUnmatched":0,"filesUpdated":0,"matched":0,"total":0,"unchecked":0,"uncheckedKeysByFile":[],"unmatched":0,"updated":0},"startTime":1755761493652,"success":true,"testResults":[{"assertionResults":[{"ancestorTitles":["Amy Android end-to-end performance"],"duration":null,"failureDetails":[],"failureMessages":[],"fullName":"Amy Android end-to-end performance processes frames within 50ms inference budget","invocations":1,"location":null,"numPassingAsserts":0,"retryReasons":[],"status":"pending","title":"processes frames within 50ms inference budget"}],"coverage":{},"endTime":1755761497592,"message":"","name":"/home/lars/PhpstormProjects/AmysEcho/app/test/amyAndroidPerformance.test.ts","startTime":1755761497592,"status":"skipped","summary":""},{"assertionResults":[{"ancestorTitles":["RecognitionScreen debug overlay"],"duration":null,"failureDetails":[],"failureMessages":[],"fullName":"RecognitionScreen debug overlay toggles overlay on long-press","invocations":1,"location":null,"numPassingAsserts":0,"retryReasons":[],"status":"pending","title":"toggles overlay on long-press"}],"coverage":{},"endTime":1755761497592,"message":"","name":"/home/lars/PhpstormProjects/AmysEcho/app/test/recognitionDebugOverlay.test.tsx","startTime":1755761497592,"status":"skipped","summary":""},{"assertionResults":[{"ancestorTitles":["mlService"],"duration":36,"failureDetails":[],"failureMessages":[],"fullName":"mlService should load models and be ready","invocations":1,"location":null,"numPassingAsserts":1,"retryReasons":[],"status":"passed","title":"should load models and be ready"},{"ancestorTitles":["mlService"],"duration":5,"failureDetails":[],"failureMessages":[],"fullName":"mlService loads TFLite models from provided URLs","invocations":1,"location":null,"numPassingAsserts":4,"retryReasons":[],"status":"passed","title":"loads TFLite models from provided URLs"},{"ancestorTitles":["mlService"],"duration":7,"failureDetails":[],"failureMessages":[],"fullName":"mlService falls back to local model when remote classification fails","invocations":1,"location":null,"numPassingAsserts":1,"retryReasons":[],"status":"passed","title":"falls back to local model when remote classification fails"},{"ancestorTitles":["mlService"],"duration":4,"failureDetails":[],"failureMessages":[],"fullName":"mlService recognizes gestures with high confidence from local model","invocations":1,"location":null,"numPassingAsserts":3,"retryReasons":[],"status":"passed","title":"recognizes gestures with high confidence from local model"},{"ancestorTitles":["mlService"],"duration":3,"failureDetails":[],"failureMessages":[],"fullName":"mlService requests remote classification when worklet prediction confidence is low","invocations":1,"location":null,"numPassingAsserts":2,"retryReasons":[],"status":"passed","title":"requests remote classification when worklet prediction confidence is low"},{"ancestorTitles":["mlService"],"duration":2,"failureDetails":[],"failureMessages":[],"fullName":"mlService maintains accuracy across jittery frames","invocations":1,"location":null,"numPassingAsserts":1,"retryReasons":[],"status":"passed","title":"maintains accuracy across jittery frames"},{"ancestorTitles":["mlService"],"duration":15,"failureDetails":[],"failureMessages":[],"fullName":"mlService records performance metrics","invocations":1,"location":null,"numPassingAsserts":1,"retryReasons":[],"status":"passed","title":"records performance metrics"},{"ancestorTitles":["mlService"],"duration":7,"failureDetails":[],"failureMessages":[],"fullName":"mlService retries remote classification after cooldown","invocations":1,"location":null,"numPassingAsserts":3,"retryReasons":[],"status":"passed","title":"retries remote classification after cooldown"}],"endTime":1755761495423,"message":"","name":"/home/lars/PhpstormProjects/AmysEcho/app/test/mlService.test.ts","startTime":1755761495237,"status":"passed","summary":""},{"assertionResults":[{"ancestorTitles":["backupService"],"duration":78,"failureDetails":[],"failureMessages":[],"fullName":"backupService backs up and restores protected gestures","invocations":1,"location":null,"numPassingAsserts":4,"retryReasons":[],"status":"passed","title":"backs up and restores protected gestures"},{"ancestorTitles":["backupService"],"duration":13,"failureDetails":[],"failureMessages":[],"fullName":"backupService returns null when no data to backup","invocations":1,"location":null,"numPassingAsserts":1,"retryReasons":[],"status":"passed","title":"returns null when no data to backup"},{"ancestorTitles":["backupService"],"duration":14,"failureDetails":[],"failureMessages":[],"fullName":"backupService returns false when no backup file exists","invocations":1,"location":null,"numPassingAsserts":1,"retryReasons":[],"status":"passed","title":"returns false when no backup file exists"},{"ancestorTitles":["backupService"],"duration":25,"failureDetails":[],"failureMessages":[],"fullName":"backupService handles corrupted backup file gracefully","invocations":1,"location":null,"numPassingAsserts":2,"retryReasons":[],"status":"passed","title":"handles corrupted backup file gracefully"},{"ancestorTitles":["backupService"],"duration":25,"failureDetails":[],"failureMessages":[],"fullName":"backupService exports decrypted gestures","invocations":1,"location":null,"numPassingAsserts":3,"retryReasons":[],"status":"passed","title":"exports decrypted gestures"}],"endTime":1755761495436,"message":"","name":"/home/lars/PhpstormProjects/AmysEcho/app/test/backupService.test.ts","startTime":1755761495187,"status":"passed","summary":""},{"assertionResults":[{"ancestorTitles":["gestureClassifier (services)"],"duration":4,"failureDetails":[],"failureMessages":[],"fullName":"gestureClassifier (services) should classify known gesture with high confidence","invocations":1,"location":null,"numPassingAsserts":4,"retryReasons":[],"status":"passed","title":"should classify known gesture with high confidence"},{"ancestorTitles":["gestureClassifier (services)"],"duration":1,"failureDetails":[],"failureMessages":[],"fullName":"gestureClassifier (services) should return low confidence for unclear landmarks","invocations":1,"location":null,"numPassingAsserts":2,"retryReasons":[],"status":"passed","title":"should return low confidence for unclear landmarks"},{"ancestorTitles":["gestureClassifier (services)"],"duration":1,"failureDetails":[],"failureMessages":[],"fullName":"gestureClassifier (services) should handle empty landmark input gracefully","invocations":1,"location":null,"numPassingAsserts":1,"retryReasons":[],"status":"passed","title":"should handle empty landmark input gracefully"}],"endTime":1755761495525,"message":"","name":"/home/lars/PhpstormProjects/AmysEcho/app/test/unit/gestureClassifier.test.ts","startTime":1755761495468,"status":"passed","summary":""},{"assertionResults":[{"ancestorTitles":["Services"],"duration":33,"failureDetails":[],"failureMessages":[],"fullName":"Services should run all services without errors","invocations":1,"location":null,"numPassingAsserts":4,"retryReasons":[],"status":"passed","title":"should run all services without errors"}],"endTime":1755761495553,"message":"","name":"/home/lars/PhpstormProjects/AmysEcho/app/test/services.test.ts","startTime":1755761495462,"status":"passed","summary":""},{"assertionResults":[{"ancestorTitles":["Usage Tracker"],"duration":3,"failureDetails":[],"failureMessages":[],"fullName":"Usage Tracker should increment and load usage stats correctly","invocations":1,"location":null,"numPassingAsserts":2,"retryReasons":[],"status":"passed","title":"should increment and load usage stats correctly"}],"endTime":1755761495614,"message":"","name":"/home/lars/PhpstormProjects/AmysEcho/app/test/usageTracker.test.ts","startTime":1755761495531,"status":"passed","summary":""},{"assertionResults":[{"ancestorTitles":["AppServicesProvider"],"duration":34,"failureDetails":[],"failureMessages":[],"fullName":"AppServicesProvider displays error message when initialization fails","invocations":1,"location":null,"numPassingAsserts":2,"retryReasons":[],"status":"passed","title":"displays error message when initialization fails"}],"endTime":1755761495688,"message":"","name":"/home/lars/PhpstormProjects/AmysEcho/app/test/appServicesProvider.test.tsx","startTime":1755761495560,"status":"passed","summary":""},{"assertionResults":[{"ancestorTitles":["SymbolButton"],"duration":19,"failureDetails":[],"failureMessages":[],"fullName":"SymbolButton triggers haptic feedback on press","invocations":1,"location":null,"numPassingAsserts":2,"retryReasons":[],"status":"passed","title":"triggers haptic feedback on press"},{"ancestorTitles":["SymbolButton"],"duration":3,"failureDetails":[],"failureMessages":[],"fullName":"SymbolButton applies pressed visual style","invocations":1,"location":null,"numPassingAsserts":1,"retryReasons":[],"status":"passed","title":"applies pressed visual style"},{"ancestorTitles":["SymbolButton"],"duration":2,"failureDetails":[],"failureMessages":[],"fullName":"SymbolButton uses symbol color for background","invocations":1,"location":null,"numPassingAsserts":1,"retryReasons":[],"status":"passed","title":"uses symbol color for background"}],"endTime":1755761495738,"message":"","name":"/home/lars/PhpstormProjects/AmysEcho/app/test/symbolButton.test.tsx","startTime":1755761495620,"status":"passed","summary":""},{"assertionResults":[{"ancestorTitles":["Database functions"],"duration":11,"failureDetails":[],"failureMessages":[],"fullName":"Database functions should perform all database operations correctly","invocations":1,"location":null,"numPassingAsserts":16,"retryReasons":[],"status":"passed","title":"should perform all database operations correctly"}],"endTime":1755761495754,"message":"","name":"/home/lars/PhpstormProjects/AmysEcho/app/test/db.test.ts","startTime":1755761495694,"status":"passed","summary":""},{"assertionResults":[{"ancestorTitles":["audioService feedback"],"duration":217,"failureDetails":[],"failureMessages":[],"fullName":"audioService feedback plays success sound before speech with haptic feedback","invocations":1,"location":null,"numPassingAsserts":5,"retryReasons":[],"status":"passed","title":"plays success sound before speech with haptic feedback"},{"ancestorTitles":["audioService feedback"],"duration":204,"failureDetails":[],"failureMessages":[],"fullName":"audioService feedback plays error sound before speech with haptic feedback","invocations":1,"location":null,"numPassingAsserts":3,"retryReasons":[],"status":"passed","title":"plays error sound before speech with haptic feedback"},{"ancestorTitles":["audioService feedback"],"duration":203,"failureDetails":[],"failureMessages":[],"fullName":"audioService feedback speaks gentle encouragement for a gesture","invocations":1,"location":null,"numPassingAsserts":1,"retryReasons":[],"status":"passed","title":"speaks gentle encouragement for a gesture"}],"endTime":1755761495796,"message":"","name":"/home/lars/PhpstormProjects/AmysEcho/app/test/audioFeedback.test.ts","startTime":1755761494570,"status":"passed","summary":""},{"assertionResults":[{"ancestorTitles":["DgsVideoPlayer performance"],"duration":8,"failureDetails":[],"failureMessages":[],"fullName":"DgsVideoPlayer performance shows a loading indicator while buffering","invocations":1,"location":null,"numPassingAsserts":1,"retryReasons":[],"status":"passed","title":"shows a loading indicator while buffering"},{"ancestorTitles":["DgsVideoPlayer performance"],"duration":6,"failureDetails":[],"failureMessages":[],"fullName":"DgsVideoPlayer performance starts playback quickly after loading","invocations":1,"location":null,"numPassingAsserts":2,"retryReasons":[],"status":"passed","title":"starts playback quickly after loading"}],"endTime":1755761495834,"message":"","name":"/home/lars/PhpstormProjects/AmysEcho/app/test/dgsVideoPlayer.test.tsx","startTime":1755761495747,"status":"passed","summary":""},{"assertionResults":[{"ancestorTitles":["Analytics Service"],"duration":3,"failureDetails":[],"failureMessages":[],"fullName":"Analytics Service should compute analytics correctly","invocations":1,"location":null,"numPassingAsserts":5,"retryReasons":[],"status":"passed","title":"should compute analytics correctly"},{"ancestorTitles":["Analytics Service"],"duration":1,"failureDetails":[],"failureMessages":[],"fullName":"Analytics Service should return default values for empty analytics","invocations":1,"location":null,"numPassingAsserts":4,"retryReasons":[],"status":"passed","title":"should return default values for empty analytics"},{"ancestorTitles":["Analytics Service"],"duration":4,"failureDetails":[],"failureMessages":[],"fullName":"Analytics Service should update analytics correctly","invocations":1,"location":null,"numPassingAsserts":10,"retryReasons":[],"status":"passed","title":"should update analytics correctly"},{"ancestorTitles":["Analytics Service"],"duration":1,"failureDetails":[],"failureMessages":[],"fullName":"Analytics Service should compute summary success rate","invocations":1,"location":null,"numPassingAsserts":1,"retryReasons":[],"status":"passed","title":"should compute summary success rate"},{"ancestorTitles":["Analytics Service"],"duration":3,"failureDetails":[],"failureMessages":[],"fullName":"Analytics Service should analyze correction frequency and recommendations","invocations":1,"location":null,"numPassingAsserts":4,"retryReasons":[],"status":"passed","title":"should analyze correction frequency and recommendations"}],"endTime":1755761495854,"message":"","name":"/home/lars/PhpstormProjects/AmysEcho/app/test/analytics.test.ts","startTime":1755761495759,"status":"passed","summary":""},{"assertionResults":[{"ancestorTitles":["ModelPerformanceMonitor"],"duration":2,"failureDetails":[],"failureMessages":[],"fullName":"ModelPerformanceMonitor detects confidence drop","invocations":1,"location":null,"numPassingAsserts":1,"retryReasons":[],"status":"passed","title":"detects confidence drop"},{"ancestorTitles":["ModelPerformanceMonitor"],"duration":1,"failureDetails":[],"failureMessages":[],"fullName":"ModelPerformanceMonitor detects high uncertain rate","invocations":1,"location":null,"numPassingAsserts":1,"retryReasons":[],"status":"passed","title":"detects high uncertain rate"},{"ancestorTitles":["ModelPerformanceMonitor"],"duration":0,"failureDetails":[],"failureMessages":[],"fullName":"ModelPerformanceMonitor passes healthy performance","invocations":1,"location":null,"numPassingAsserts":1,"retryReasons":[],"status":"passed","title":"passes healthy performance"},{"ancestorTitles":["ModelPerformanceMonitor"],"duration":1,"failureDetails":[],"failureMessages":[],"fullName":"ModelPerformanceMonitor detects high latency","invocations":1,"location":null,"numPassingAsserts":1,"retryReasons":[],"status":"passed","title":"detects high latency"},{"ancestorTitles":["ModelPerformanceMonitor"],"duration":1,"failureDetails":[],"failureMessages":[],"fullName":"ModelPerformanceMonitor tracks frames and exports metrics","invocations":1,"location":null,"numPassingAsserts":5,"retryReasons":[],"status":"passed","title":"tracks frames and exports metrics"},{"ancestorTitles":["ModelPerformanceMonitor"],"duration":1,"failureDetails":[],"failureMessages":[],"fullName":"ModelPerformanceMonitor ignores missing latencies when computing median","invocations":1,"location":null,"numPassingAsserts":1,"retryReasons":[],"status":"passed","title":"ignores missing latencies when computing median"}],"endTime":1755761495922,"message":"","name":"/home/lars/PhpstormProjects/AmysEcho/app/test/modelPerformanceMonitor.test.ts","startTime":1755761495869,"status":"passed","summary":""},{"assertionResults":[{"ancestorTitles":["extractHandLandmarks"],"duration":34,"failureDetails":[],"failureMessages":[],"fullName":"extractHandLandmarks returns landmarks when hand is detected","invocations":1,"location":null,"numPassingAsserts":8,"retryReasons":[],"status":"passed","title":"returns landmarks when hand is detected"},{"ancestorTitles":["extractHandLandmarks"],"duration":1,"failureDetails":[],"failureMessages":[],"fullName":"extractHandLandmarks returns null when no hand is detected","invocations":1,"location":null,"numPassingAsserts":1,"retryReasons":[],"status":"passed","title":"returns null when no hand is detected"},{"ancestorTitles":["extractHandLandmarks"],"duration":0,"failureDetails":[],"failureMessages":[],"fullName":"extractHandLandmarks returns null when model is not set","invocations":1,"location":null,"numPassingAsserts":1,"retryReasons":[],"status":"passed","title":"returns null when model is not set"}],"endTime":1755761495963,"message":"","name":"/home/lars/PhpstormProjects/AmysEcho/app/test/landmarkExtractor.test.ts","startTime":1755761495842,"status":"passed","summary":""},{"assertionResults":[{"ancestorTitles":["ProgressScreen"],"duration":59,"failureDetails":[],"failureMessages":[],"fullName":"ProgressScreen renders usage statistics","invocations":1,"location":null,"numPassingAsserts":4,"retryReasons":[],"status":"passed","title":"renders usage statistics"}],"endTime":1755761495964,"message":"","name":"/home/lars/PhpstormProjects/AmysEcho/app/test/progressScreen.test.tsx","startTime":1755761495802,"status":"passed","summary":""},{"assertionResults":[{"ancestorTitles":["Landmark vector contract"],"duration":5,"failureDetails":[],"failureMessages":[],"fullName":"Landmark vector contract accepts 63-length flat vectors","invocations":1,"location":null,"numPassingAsserts":2,"retryReasons":[],"status":"passed","title":"accepts 63-length flat vectors"}],"endTime":1755761495986,"message":"","name":"/home/lars/PhpstormProjects/AmysEcho/app/test/landmarkVectorContract.test.ts","startTime":1755761495927,"status":"passed","summary":""},{"assertionResults":[{"ancestorTitles":[],"duration":17,"failureDetails":[],"failureMessages":[],"fullName":"selecting gesture navigates to Training in practice mode","invocations":1,"location":null,"numPassingAsserts":1,"retryReasons":[],"status":"passed","title":"selecting gesture navigates to Training in practice mode"}],"endTime":1755761496053,"message":"","name":"/home/lars/PhpstormProjects/AmysEcho/app/tests/PracticeScreen.test.tsx","startTime":1755761495969,"status":"passed","summary":""},{"assertionResults":[{"ancestorTitles":["saveTrainingSample"],"duration":5,"failureDetails":[],"failureMessages":[],"fullName":"saveTrainingSample stores samples with default HIP_2 source","invocations":1,"location":null,"numPassingAsserts":2,"retryReasons":[],"status":"passed","title":"stores samples with default HIP_2 source"},{"ancestorTitles":["saveTrainingSample"],"duration":2,"failureDetails":[],"failureMessages":[],"fullName":"saveTrainingSample stores samples with HIP_4 source when specified","invocations":1,"location":null,"numPassingAsserts":2,"retryReasons":[],"status":"passed","title":"stores samples with HIP_4 source when specified"}],"endTime":1755761496058,"message":"","name":"/home/lars/PhpstormProjects/AmysEcho/app/test/practiceStorage.test.ts","startTime":1755761495975,"status":"passed","summary":""},{"assertionResults":[{"ancestorTitles":[],"duration":2,"failureDetails":[],"failureMessages":[],"fullName":"mapToPreview centers content with letterboxing (wider preview)","invocations":1,"location":null,"numPassingAsserts":3,"retryReasons":[],"status":"passed","title":"mapToPreview centers content with letterboxing (wider preview)"},{"ancestorTitles":[],"duration":1,"failureDetails":[],"failureMessages":[],"fullName":"mapToPreview mirrors x when mirror=true","invocations":1,"location":null,"numPassingAsserts":1,"retryReasons":[],"status":"passed","title":"mapToPreview mirrors x when mirror=true"},{"ancestorTitles":[],"duration":1,"failureDetails":[],"failureMessages":[],"fullName":"mapToPreview clamps to preview bounds","invocations":1,"location":null,"numPassingAsserts":4,"retryReasons":[],"status":"passed","title":"mapToPreview clamps to preview bounds"},{"ancestorTitles":[],"duration":1,"failureDetails":[],"failureMessages":[],"fullName":"mapToPreview centers content with letterboxing (taller preview)","invocations":1,"location":null,"numPassingAsserts":4,"retryReasons":[],"status":"passed","title":"mapToPreview centers content with letterboxing (taller preview)"}],"endTime":1755761496113,"message":"","name":"/home/lars/PhpstormProjects/AmysEcho/app/test/landmarkMapping.test.ts","startTime":1755761495991,"status":"passed","summary":""},{"assertionResults":[{"ancestorTitles":["GestureDataProtector"],"duration":8,"failureDetails":[],"failureMessages":[],"fullName":"GestureDataProtector anonymizes and encrypts gesture data","invocations":1,"location":null,"numPassingAsserts":4,"retryReasons":[],"status":"passed","title":"anonymizes and encrypts gesture data"}],"endTime":1755761496223,"message":"","name":"/home/lars/PhpstormProjects/AmysEcho/app/test/dataProtection.test.ts","startTime":1755761496075,"status":"passed","summary":""},{"assertionResults":[{"ancestorTitles":["model loading performance"],"duration":5,"failureDetails":[],"failureMessages":[],"fullName":"model loading performance loads gesture_classifier.tflite under 100ms","invocations":1,"location":null,"numPassingAsserts":1,"retryReasons":[],"status":"passed","title":"loads gesture_classifier.tflite under 100ms"},{"ancestorTitles":["model loading performance"],"duration":13,"failureDetails":[],"failureMessages":[],"fullName":"model loading performance loads hand_landmarker.tflite under 100ms","invocations":1,"location":null,"numPassingAsserts":1,"retryReasons":[],"status":"passed","title":"loads hand_landmarker.tflite under 100ms"},{"ancestorTitles":["model loading performance"],"duration":3,"failureDetails":[],"failureMessages":[],"fullName":"model loading performance loads gesture model through bundler","invocations":1,"location":null,"numPassingAsserts":1,"retryReasons":[],"status":"passed","title":"loads gesture model through bundler"},{"ancestorTitles":["model loading performance"],"duration":1,"failureDetails":[],"failureMessages":[],"fullName":"model loading performance loads task file through bundler","invocations":1,"location":null,"numPassingAsserts":1,"retryReasons":[],"status":"passed","title":"loads task file through bundler"}],"endTime":1755761496253,"message":"","name":"/home/lars/PhpstormProjects/AmysEcho/app/test/modelLoadingPerformance.test.ts","startTime":1755761496088,"status":"passed","summary":""},{"assertionResults":[{"ancestorTitles":["MessageProvider"],"duration":11,"failureDetails":[],"failureMessages":[],"fullName":"MessageProvider displays console warnings","invocations":1,"location":null,"numPassingAsserts":1,"retryReasons":[],"status":"passed","title":"displays console warnings"},{"ancestorTitles":["MessageProvider"],"duration":8,"failureDetails":[],"failureMessages":[],"fullName":"MessageProvider appends multiple console messages","invocations":1,"location":null,"numPassingAsserts":1,"retryReasons":[],"status":"passed","title":"appends multiple console messages"},{"ancestorTitles":["MessageProvider"],"duration":5,"failureDetails":[],"failureMessages":[],"fullName":"MessageProvider ignores logs triggered during re-render","invocations":1,"location":null,"numPassingAsserts":1,"retryReasons":[],"status":"passed","title":"ignores logs triggered during re-render"}],"endTime":1755761496282,"message":"","name":"/home/lars/PhpstormProjects/AmysEcho/app/test/messageProvider.test.tsx","startTime":1755761496141,"status":"passed","summary":""},{"assertionResults":[{"ancestorTitles":["Correction feedback loop"],"duration":37,"failureDetails":[],"failureMessages":[],"fullName":"Correction feedback loop incorporates logged corrections into offline recognition","invocations":1,"location":null,"numPassingAsserts":2,"retryReasons":[],"status":"passed","title":"incorporates logged corrections into offline recognition"}],"endTime":1755761496324,"message":"","name":"/home/lars/PhpstormProjects/AmysEcho/app/test/correctionFeedbackLoop.test.ts","startTime":1755761496231,"status":"passed","summary":""},{"assertionResults":[{"ancestorTitles":["AdaptivePerformanceManager"],"duration":2,"failureDetails":[],"failureMessages":[],"fullName":"AdaptivePerformanceManager switches to low power when battery or thermal is bad","invocations":1,"location":null,"numPassingAsserts":2,"retryReasons":[],"status":"passed","title":"switches to low power when battery or thermal is bad"},{"ancestorTitles":["AdaptivePerformanceManager"],"duration":1,"failureDetails":[],"failureMessages":[],"fullName":"AdaptivePerformanceManager keeps high performance when conditions are good","invocations":1,"location":null,"numPassingAsserts":2,"retryReasons":[],"status":"passed","title":"keeps high performance when conditions are good"}],"endTime":1755761496367,"message":"","name":"/home/lars/PhpstormProjects/AmysEcho/app/test/adaptivePerformance.test.ts","startTime":1755761496319,"status":"passed","summary":""},{"assertionResults":[{"ancestorTitles":["APIRetryManager"],"duration":9,"failureDetails":[],"failureMessages":[],"fullName":"APIRetryManager retries failed operations with exponential backoff","invocations":1,"location":null,"numPassingAsserts":6,"retryReasons":[],"status":"passed","title":"retries failed operations with exponential backoff"},{"ancestorTitles":["APIRetryManager"],"duration":12,"failureDetails":[],"failureMessages":[],"fullName":"APIRetryManager throws after exceeding max retries","invocations":1,"location":null,"numPassingAsserts":2,"retryReasons":[],"status":"passed","title":"throws after exceeding max retries"}],"endTime":1755761496380,"message":"","name":"/home/lars/PhpstormProjects/AmysEcho/app/test/apiRetry.test.ts","startTime":1755761496262,"status":"passed","summary":""},{"assertionResults":[{"ancestorTitles":["Retrain Offline Model"],"duration":21,"failureDetails":[],"failureMessages":[],"fullName":"Retrain Offline Model should retrain the offline model and generate the output file","invocations":1,"location":null,"numPassingAsserts":5,"retryReasons":[],"status":"passed","title":"should retrain the offline model and generate the output file"}],"endTime":1755761496395,"message":"","name":"/home/lars/PhpstormProjects/AmysEcho/app/test/retrain.test.ts","startTime":1755761496328,"status":"passed","summary":""},{"assertionResults":[{"ancestorTitles":["BottomNav"],"duration":6,"failureDetails":[],"failureMessages":[],"fullName":"BottomNav uses large touch targets with haptic feedback","invocations":1,"location":null,"numPassingAsserts":3,"retryReasons":[],"status":"passed","title":"uses large touch targets with haptic feedback"},{"ancestorTitles":["BottomNav"],"duration":3,"failureDetails":[],"failureMessages":[],"fullName":"BottomNav exposes accessibility roles, labels, and hints","invocations":1,"location":null,"numPassingAsserts":10,"retryReasons":[],"status":"passed","title":"exposes accessibility roles, labels, and hints"}],"endTime":1755761496439,"message":"","name":"/home/lars/PhpstormProjects/AmysEcho/app/test/bottomNav.test.tsx","startTime":1755761496371,"status":"passed","summary":""},{"assertionResults":[{"ancestorTitles":["Offline Recognizer"],"duration":10,"failureDetails":[],"failureMessages":[],"fullName":"Offline Recognizer should classify gestures using the offline model","invocations":1,"location":null,"numPassingAsserts":2,"retryReasons":[],"status":"passed","title":"should classify gestures using the offline model"}],"endTime":1755761496463,"message":"","name":"/home/lars/PhpstormProjects/AmysEcho/app/test/recognizerOffline.test.ts","startTime":1755761496399,"status":"passed","summary":""},{"assertionResults":[{"ancestorTitles":[],"duration":6,"failureDetails":[],"failureMessages":[],"fullName":"add sign navigates to Training","invocations":1,"location":null,"numPassingAsserts":1,"retryReasons":[],"status":"passed","title":"add sign navigates to Training"}],"endTime":1755761496488,"message":"","name":"/home/lars/PhpstormProjects/AmysEcho/app/tests/TeachScreen.test.tsx","startTime":1755761496391,"status":"passed","summary":""},{"assertionResults":[{"ancestorTitles":["Dialog Engine"],"duration":2,"failureDetails":[],"failureMessages":[],"fullName":"Dialog Engine should return empty suggestions without an API key","invocations":1,"location":null,"numPassingAsserts":2,"retryReasons":[],"status":"passed","title":"should return empty suggestions without an API key"},{"ancestorTitles":["Dialog Engine"],"duration":6,"failureDetails":[],"failureMessages":[],"fullName":"Dialog Engine uses context to fetch and parse suggestions","invocations":1,"location":null,"numPassingAsserts":5,"retryReasons":[],"status":"passed","title":"uses context to fetch and parse suggestions"}],"endTime":1755761496537,"message":"","name":"/home/lars/PhpstormProjects/AmysEcho/app/test/dialogEngine.test.ts","startTime":1755761496474,"status":"passed","summary":""},{"assertionResults":[{"ancestorTitles":["SecureConfigManager"],"duration":5,"failureDetails":[],"failureMessages":[],"fullName":"SecureConfigManager stores key with hash and validates integrity","invocations":1,"location":null,"numPassingAsserts":2,"retryReasons":[],"status":"passed","title":"stores key with hash and validates integrity"}],"endTime":1755761496544,"message":"","name":"/home/lars/PhpstormProjects/AmysEcho/app/test/secureConfig.test.ts","startTime":1755761496447,"status":"passed","summary":""},{"assertionResults":[{"ancestorTitles":["Adaptive Learning"],"duration":4,"failureDetails":[],"failureMessages":[],"fullName":"Adaptive Learning should correctly process interactions and update gesture definitions","invocations":1,"location":null,"numPassingAsserts":6,"retryReasons":[],"status":"passed","title":"should correctly process interactions and update gesture definitions"}],"endTime":1755761496595,"message":"","name":"/home/lars/PhpstormProjects/AmysEcho/app/test/adaptiveLearning.test.ts","startTime":1755761496503,"status":"passed","summary":""},{"assertionResults":[{"ancestorTitles":[],"duration":6,"failureDetails":[],"failureMessages":[],"fullName":"CTA buttons expose accessibility labels","invocations":1,"location":null,"numPassingAsserts":7,"retryReasons":[],"status":"passed","title":"CTA buttons expose accessibility labels"}],"endTime":1755761496620,"message":"","name":"/home/lars/PhpstormProjects/AmysEcho/app/tests/a11y.test.tsx","startTime":1755761496542,"status":"passed","summary":""},{"assertionResults":[{"ancestorTitles":["logCorrection"],"duration":5,"failureDetails":[],"failureMessages":[],"fullName":"logCorrection stores correction samples and logs","invocations":1,"location":null,"numPassingAsserts":8,"retryReasons":[],"status":"passed","title":"stores correction samples and logs"}],"endTime":1755761496643,"message":"","name":"/home/lars/PhpstormProjects/AmysEcho/app/test/correctionStorage.test.ts","startTime":1755761496550,"status":"passed","summary":""},{"assertionResults":[{"ancestorTitles":["Build Scripts"],"duration":3,"failureDetails":[],"failureMessages":[],"fullName":"Build Scripts should contain the correct build scripts","invocations":1,"location":null,"numPassingAsserts":4,"retryReasons":[],"status":"passed","title":"should contain the correct build scripts"}],"endTime":1755761496668,"message":"","name":"/home/lars/PhpstormProjects/AmysEcho/app/test/buildScripts.test.ts","startTime":1755761496601,"status":"passed","summary":""},{"assertionResults":[{"ancestorTitles":["HYBRID_DEFAULTS"],"duration":3,"failureDetails":[],"failureMessages":[],"fullName":"HYBRID_DEFAULTS matches plan thresholds and timeouts","invocations":1,"location":null,"numPassingAsserts":5,"retryReasons":[],"status":"passed","title":"matches plan thresholds and timeouts"}],"endTime":1755761496709,"message":"","name":"/home/lars/PhpstormProjects/AmysEcho/app/test/hybridDefaults.test.ts","startTime":1755761496626,"status":"passed","summary":""},{"assertionResults":[{"ancestorTitles":[],"duration":2,"failureDetails":[],"failureMessages":[],"fullName":"OnboardingScreen has next and skip buttons with navigation","invocations":1,"location":null,"numPassingAsserts":3,"retryReasons":[],"status":"passed","title":"OnboardingScreen has next and skip buttons with navigation"}],"endTime":1755761496721,"message":"","name":"/home/lars/PhpstormProjects/AmysEcho/app/tests/OnboardingScreen.test.tsx","startTime":1755761496672,"status":"passed","summary":""},{"assertionResults":[{"ancestorTitles":["checkForModelUpdate"],"duration":3,"failureDetails":[],"failureMessages":[],"fullName":"checkForModelUpdate returns false when not on wifi","invocations":1,"location":null,"numPassingAsserts":2,"retryReasons":[],"status":"passed","title":"returns false when not on wifi"},{"ancestorTitles":["checkForModelUpdate"],"duration":2,"failureDetails":[],"failureMessages":[],"fullName":"checkForModelUpdate downloads model when on wifi","invocations":1,"location":null,"numPassingAsserts":2,"retryReasons":[],"status":"passed","title":"downloads model when on wifi"}],"endTime":1755761496740,"message":"","name":"/home/lars/PhpstormProjects/AmysEcho/app/test/modelUpdate.test.ts","startTime":1755761496650,"status":"passed","summary":""},{"assertionResults":[{"ancestorTitles":["Seed Database"],"duration":6,"failureDetails":[],"failureMessages":[],"fullName":"Seed Database should seed the database and persist the data","invocations":1,"location":null,"numPassingAsserts":8,"retryReasons":[],"status":"passed","title":"should seed the database and persist the data"}],"endTime":1755761496799,"message":"","name":"/home/lars/PhpstormProjects/AmysEcho/app/test/seed.test.ts","startTime":1755761496726,"status":"passed","summary":""},{"assertionResults":[{"ancestorTitles":["Model"],"duration":1,"failureDetails":[],"failureMessages":[],"fullName":"Model should switch between vocabulary sets correctly","invocations":1,"location":null,"numPassingAsserts":4,"retryReasons":[],"status":"passed","title":"should switch between vocabulary sets correctly"}],"endTime":1755761496803,"message":"","name":"/home/lars/PhpstormProjects/AmysEcho/app/test/model.test.ts","startTime":1755761496756,"status":"passed","summary":""},{"assertionResults":[{"ancestorTitles":["MemoryOptimizer"],"duration":4,"failureDetails":[],"failureMessages":[],"fullName":"MemoryOptimizer uses reduced buffer on low-memory devices","invocations":1,"location":null,"numPassingAsserts":1,"retryReasons":[],"status":"passed","title":"uses reduced buffer on low-memory devices"},{"ancestorTitles":["MemoryOptimizer"],"duration":1,"failureDetails":[],"failureMessages":[],"fullName":"MemoryOptimizer uses default buffer on higher-memory devices","invocations":1,"location":null,"numPassingAsserts":1,"retryReasons":[],"status":"passed","title":"uses default buffer on higher-memory devices"}],"endTime":1755761496808,"message":"","name":"/home/lars/PhpstormProjects/AmysEcho/app/test/memoryOptimizer.test.ts","startTime":1755761496714,"status":"passed","summary":""},{"assertionResults":[{"ancestorTitles":[],"duration":2,"failureDetails":[],"failureMessages":[],"fullName":"gesture inference stays under 50ms (synthetic)","invocations":1,"location":null,"numPassingAsserts":2,"retryReasons":[],"status":"passed","title":"gesture inference stays under 50ms (synthetic)"}],"endTime":1755761496857,"message":"","name":"/home/lars/PhpstormProjects/AmysEcho/app/test/gesture.budget.test.ts","startTime":1755761496803,"status":"passed","summary":""},{"assertionResults":[{"ancestorTitles":[],"duration":1,"failureDetails":[],"failureMessages":[],"fullName":"CorrectionScreen has submit and cancel buttons with service call","invocations":1,"location":null,"numPassingAsserts":3,"retryReasons":[],"status":"passed","title":"CorrectionScreen has submit and cancel buttons with service call"}],"endTime":1755761496875,"message":"","name":"/home/lars/PhpstormProjects/AmysEcho/app/tests/CorrectionScreen.test.tsx","startTime":1755761496830,"status":"passed","summary":""},{"assertionResults":[{"ancestorTitles":["correctionService"],"duration":3,"failureDetails":[],"failureMessages":[],"fullName":"correctionService sends correction with auth header","invocations":1,"location":null,"numPassingAsserts":1,"retryReasons":[],"status":"passed","title":"sends correction with auth header"}],"endTime":1755761496880,"message":"","name":"/home/lars/PhpstormProjects/AmysEcho/app/test/correctionService.test.ts","startTime":1755761496807,"status":"passed","summary":""},{"assertionResults":[{"ancestorTitles":["classifyGesture buffer reuse"],"duration":2,"failureDetails":[],"failureMessages":[],"fullName":"classifyGesture buffer reuse reuses the same input buffer across invocations","invocations":1,"location":null,"numPassingAsserts":2,"retryReasons":[],"status":"passed","title":"reuses the same input buffer across invocations"}],"endTime":1755761496915,"message":"","name":"/home/lars/PhpstormProjects/AmysEcho/app/test/gestureClassifierBuffer.test.ts","startTime":1755761496861,"status":"passed","summary":""},{"assertionResults":[{"ancestorTitles":["EAS Config"],"duration":2,"failureDetails":[],"failureMessages":[],"fullName":"EAS Config should be a valid JSON file","invocations":1,"location":null,"numPassingAsserts":1,"retryReasons":[],"status":"passed","title":"should be a valid JSON file"}],"endTime":1755761496926,"message":"","name":"/home/lars/PhpstormProjects/AmysEcho/app/test/easConfig.test.ts","startTime":1755761496878,"status":"passed","summary":""},{"assertionResults":[{"ancestorTitles":["playSymbolVideo"],"duration":3,"failureDetails":[],"failureMessages":[],"fullName":"playSymbolVideo skips when not using DGS or video missing","invocations":1,"location":null,"numPassingAsserts":2,"retryReasons":[],"status":"passed","title":"skips when not using DGS or video missing"},{"ancestorTitles":["playSymbolVideo"],"duration":1,"failureDetails":[],"failureMessages":[],"fullName":"playSymbolVideo checks video existence when DGS video is requested","invocations":1,"location":null,"numPassingAsserts":1,"retryReasons":[],"status":"passed","title":"checks video existence when DGS video is requested"}],"endTime":1755761496983,"message":"","name":"/home/lars/PhpstormProjects/AmysEcho/app/test/dgsVideoService.test.ts","startTime":1755761496886,"status":"passed","summary":""},{"assertionResults":[{"ancestorTitles":[],"duration":2,"failureDetails":[],"failureMessages":[],"fullName":"RecognitionScreen has correction button navigating to Correction screen","invocations":1,"location":null,"numPassingAsserts":2,"retryReasons":[],"status":"passed","title":"RecognitionScreen has correction button navigating to Correction screen"}],"endTime":1755761497017,"message":"","name":"/home/lars/PhpstormProjects/AmysEcho/app/tests/RecognitionScreen.test.tsx","startTime":1755761496930,"status":"passed","summary":""},{"assertionResults":[{"ancestorTitles":["crashReporting"],"duration":8,"failureDetails":[],"failureMessages":[],"fullName":"crashReporting queues and flushes crash reports","invocations":1,"location":null,"numPassingAsserts":6,"retryReasons":[],"status":"passed","title":"queues and flushes crash reports"}],"endTime":1755761497049,"message":"","name":"/home/lars/PhpstormProjects/AmysEcho/app/test/crashReporting.test.ts","startTime":1755761496961,"status":"passed","summary":""},{"assertionResults":[{"ancestorTitles":["triggerSpeakAndShow"],"duration":7,"failureDetails":[],"failureMessages":[],"fullName":"triggerSpeakAndShow triggers speech, haptics, and visual callback","invocations":1,"location":null,"numPassingAsserts":3,"retryReasons":[],"status":"passed","title":"triggers speech, haptics, and visual callback"},{"ancestorTitles":["triggerSpeakAndShow"],"duration":6,"failureDetails":[],"failureMessages":[],"fullName":"triggerSpeakAndShow still shows symbol when speech fails","invocations":1,"location":null,"numPassingAsserts":2,"retryReasons":[],"status":"passed","title":"still shows symbol when speech fails"}],"endTime":1755761497103,"message":"","name":"/home/lars/PhpstormProjects/AmysEcho/app/test/speakShow.test.tsx","startTime":1755761496989,"status":"passed","summary":""},{"assertionResults":[{"ancestorTitles":["Interaction analytics logging"],"duration":3,"failureDetails":[],"failureMessages":[],"fullName":"Interaction analytics logging tracks success rate from logged interactions","invocations":1,"location":null,"numPassingAsserts":2,"retryReasons":[],"status":"passed","title":"tracks success rate from logged interactions"},{"ancestorTitles":["Interaction analytics logging"],"duration":1,"failureDetails":[],"failureMessages":[],"fullName":"Interaction analytics logging preserves caregiver overrides when provided","invocations":1,"location":null,"numPassingAsserts":1,"retryReasons":[],"status":"passed","title":"preserves caregiver overrides when provided"}],"endTime":1755761497107,"message":"","name":"/home/lars/PhpstormProjects/AmysEcho/app/test/analyticsLogging.test.ts","startTime":1755761497054,"status":"passed","summary":""},{"assertionResults":[{"ancestorTitles":["EngagementTracker"],"duration":3,"failureDetails":[],"failureMessages":[],"fullName":"EngagementTracker records session durations","invocations":1,"location":null,"numPassingAsserts":3,"retryReasons":[],"status":"passed","title":"records session durations"}],"endTime":1755761497113,"message":"","name":"/home/lars/PhpstormProjects/AmysEcho/app/test/engagementTracker.test.ts","startTime":1755761497023,"status":"passed","summary":""},{"assertionResults":[{"ancestorTitles":["classifyGesture temperature scaling"],"duration":1,"failureDetails":[],"failureMessages":[],"fullName":"classifyGesture temperature scaling sharpens probabilities when temperature is low","invocations":1,"location":null,"numPassingAsserts":1,"retryReasons":[],"status":"passed","title":"sharpens probabilities when temperature is low"}],"endTime":1755761497156,"message":"","name":"/home/lars/PhpstormProjects/AmysEcho/app/test/gestureClassifierTemperature.test.ts","startTime":1755761497111,"status":"passed","summary":""},{"assertionResults":[{"ancestorTitles":["Logger"],"duration":3,"failureDetails":[],"failureMessages":[],"fullName":"Logger should only log messages at or above the current log level","invocations":1,"location":null,"numPassingAsserts":2,"retryReasons":[],"status":"passed","title":"should only log messages at or above the current log level"}],"endTime":1755761497194,"message":"","name":"/home/lars/PhpstormProjects/AmysEcho/app/test/logger.test.ts","startTime":1755761497109,"status":"passed","summary":""},{"assertionResults":[{"ancestorTitles":["ChildSessionManager"],"duration":4,"failureDetails":[],"failureMessages":[],"fullName":"ChildSessionManager triggers encouragement and break callbacks","invocations":1,"location":null,"numPassingAsserts":2,"retryReasons":[],"status":"passed","title":"triggers encouragement and break callbacks"},{"ancestorTitles":["ChildSessionManager"],"duration":3,"failureDetails":[],"failureMessages":[],"fullName":"ChildSessionManager resets encouragement timer on activity","invocations":1,"location":null,"numPassingAsserts":2,"retryReasons":[],"status":"passed","title":"resets encouragement timer on activity"}],"endTime":1755761497212,"message":"","name":"/home/lars/PhpstormProjects/AmysEcho/app/test/childSessionManager.test.ts","startTime":1755761497118,"status":"passed","summary":""},{"assertionResults":[{"ancestorTitles":["Recognizer"],"duration":29,"failureDetails":[],"failureMessages":[],"fullName":"Recognizer should use local fallback for classification","invocations":1,"location":null,"numPassingAsserts":1,"retryReasons":[],"status":"passed","title":"should use local fallback for classification"}],"endTime":1755761497259,"message":"","name":"/home/lars/PhpstormProjects/AmysEcho/app/test/recognizer.test.ts","startTime":1755761497159,"status":"passed","summary":""},{"assertionResults":[{"ancestorTitles":["Profile Storage"],"duration":3,"failureDetails":[],"failureMessages":[],"fullName":"Profile Storage should create and load a profile with accessibility flags","invocations":1,"location":null,"numPassingAsserts":2,"retryReasons":[],"status":"passed","title":"should create and load a profile with accessibility flags"}],"endTime":1755761497292,"message":"","name":"/home/lars/PhpstormProjects/AmysEcho/app/test/profileStorage.test.ts","startTime":1755761497230,"status":"passed","summary":""},{"assertionResults":[{"ancestorTitles":["TrainingDataValidator"],"duration":2,"failureDetails":[],"failureMessages":[],"fullName":"TrainingDataValidator flags too few frames","invocations":1,"location":null,"numPassingAsserts":2,"retryReasons":[],"status":"passed","title":"flags too few frames"},{"ancestorTitles":["TrainingDataValidator"],"duration":1,"failureDetails":[],"failureMessages":[],"fullName":"TrainingDataValidator flags insufficient motion","invocations":1,"location":null,"numPassingAsserts":2,"retryReasons":[],"status":"passed","title":"flags insufficient motion"},{"ancestorTitles":["TrainingDataValidator"],"duration":2,"failureDetails":[],"failureMessages":[],"fullName":"TrainingDataValidator accepts reasonable sample","invocations":1,"location":null,"numPassingAsserts":2,"retryReasons":[],"status":"passed","title":"accepts reasonable sample"}],"endTime":1755761497394,"message":"","name":"/home/lars/PhpstormProjects/AmysEcho/app/test/trainingValidator.test.ts","startTime":1755761497218,"status":"passed","summary":""},{"assertionResults":[{"ancestorTitles":[],"duration":2,"failureDetails":[],"failureMessages":[],"fullName":"normalizeLandmarks2D translates wrist to origin and scales by hand size","invocations":1,"location":null,"numPassingAsserts":4,"retryReasons":[],"status":"passed","title":"normalizeLandmarks2D translates wrist to origin and scales by hand size"},{"ancestorTitles":[],"duration":1,"failureDetails":[],"failureMessages":[],"fullName":"normalizeLandmarksToFlat returns a flattened float array of length 63","invocations":1,"location":null,"numPassingAsserts":2,"retryReasons":[],"status":"passed","title":"normalizeLandmarksToFlat returns a flattened float array of length 63"},{"ancestorTitles":[],"duration":1,"failureDetails":[],"failureMessages":[],"fullName":"normalizeLandmarks2D with rotation alignment aligns middle MCP to +X axis","invocations":1,"location":null,"numPassingAsserts":1,"retryReasons":[],"status":"passed","title":"normalizeLandmarks2D with rotation alignment aligns middle MCP to +X axis"}],"endTime":1755761497403,"message":"","name":"/home/lars/PhpstormProjects/AmysEcho/app/test/landmarkNormalizer.test.ts","startTime":1755761497297,"status":"passed","summary":""},{"assertionResults":[{"ancestorTitles":["LanguageManager"],"duration":1,"failureDetails":[],"failureMessages":[],"fullName":"LanguageManager returns English gesture labels by default","invocations":1,"location":null,"numPassingAsserts":1,"retryReasons":[],"status":"passed","title":"returns English gesture labels by default"},{"ancestorTitles":["LanguageManager"],"duration":0,"failureDetails":[],"failureMessages":[],"fullName":"LanguageManager returns German gesture labels when language set to de","invocations":1,"location":null,"numPassingAsserts":1,"retryReasons":[],"status":"passed","title":"returns German gesture labels when language set to de"}],"endTime":1755761497421,"message":"","name":"/home/lars/PhpstormProjects/AmysEcho/app/test/languageManager.test.ts","startTime":1755761497266,"status":"passed","summary":""}],"wasInterrupted":false}
