{"/home/lars/PhpstormProjects/AmysEcho/app/db/models.ts": {"path":"/home/lars/PhpstormProjects/AmysEcho/app/db/models.ts","statementMap":{"0":{"start":{"line":135,"column":0},"end":{"line":135,"column":16}},"1":{"start":{"line":1,"column":0},"end":{"line":1,"column":44}},"2":{"start":{"line":2,"column":0},"end":{"line":2,"column":93}},"3":{"start":{"line":4,"column":0},"end":{"line":4,"column":13}},"4":{"start":{"line":5,"column":9},"end":{"line":5,"column":28}},"5":{"start":{"line":6,"column":9},"end":{"line":8,"column":13}},"6":{"start":{"line":10,"column":16},"end":{"line":10,"column":null}},"7":{"start":{"line":11,"column":40},"end":{"line":11,"column":null}},"8":{"start":{"line":12,"column":44},"end":{"line":12,"column":null}},"9":{"start":{"line":13,"column":23},"end":{"line":13,"column":null}},"10":{"start":{"line":14,"column":26},"end":{"line":14,"column":null}},"11":{"start":{"line":15,"column":22},"end":{"line":15,"column":null}},"12":{"start":{"line":16,"column":22},"end":{"line":16,"column":null}},"13":{"start":{"line":17,"column":59},"end":{"line":17,"column":null}},"14":{"start":{"line":38,"column":4},"end":{"line":38,"column":21}},"15":{"start":{"line":42,"column":4},"end":{"line":42,"column":25}},"16":{"start":{"line":46,"column":4},"end":{"line":46,"column":40}},"17":{"start":{"line":46,"column":30},"end":{"line":46,"column":40}},"18":{"start":{"line":47,"column":4},"end":{"line":51,"column":5}},"19":{"start":{"line":48,"column":6},"end":{"line":48,"column":45}},"20":{"start":{"line":50,"column":6},"end":{"line":50,"column":16}},"21":{"start":{"line":20,"column":0},"end":{"line":20,"column":13}},"22":{"start":{"line":21,"column":9},"end":{"line":21,"column":27}},"23":{"start":{"line":23,"column":16},"end":{"line":23,"column":null}},"24":{"start":{"line":24,"column":21},"end":{"line":24,"column":null}},"25":{"start":{"line":25,"column":28},"end":{"line":25,"column":null}},"26":{"start":{"line":26,"column":32},"end":{"line":26,"column":null}},"27":{"start":{"line":27,"column":21},"end":{"line":27,"column":null}},"28":{"start":{"line":28,"column":20},"end":{"line":28,"column":null}},"29":{"start":{"line":29,"column":21},"end":{"line":29,"column":null}},"30":{"start":{"line":30,"column":22},"end":{"line":30,"column":null}},"31":{"start":{"line":31,"column":22},"end":{"line":31,"column":null}},"32":{"start":{"line":32,"column":17},"end":{"line":32,"column":null}},"33":{"start":{"line":33,"column":17},"end":{"line":33,"column":null}},"34":{"start":{"line":34,"column":25},"end":{"line":34,"column":null}},"35":{"start":{"line":35,"column":25},"end":{"line":35,"column":null}},"36":{"start":{"line":55,"column":0},"end":{"line":55,"column":13}},"37":{"start":{"line":56,"column":9},"end":{"line":56,"column":35}},"38":{"start":{"line":57,"column":9},"end":{"line":59,"column":13}},"39":{"start":{"line":61,"column":17},"end":{"line":61,"column":null}},"40":{"start":{"line":64,"column":0},"end":{"line":64,"column":13}},"41":{"start":{"line":65,"column":9},"end":{"line":65,"column":31}},"42":{"start":{"line":66,"column":38},"end":{"line":66,"column":null}},"43":{"start":{"line":67,"column":36},"end":{"line":67,"column":null}},"44":{"start":{"line":68,"column":24},"end":{"line":68,"column":null}},"45":{"start":{"line":71,"column":0},"end":{"line":71,"column":13}},"46":{"start":{"line":72,"column":9},"end":{"line":72,"column":42}},"47":{"start":{"line":73,"column":52},"end":{"line":73,"column":null}},"48":{"start":{"line":74,"column":36},"end":{"line":74,"column":null}},"49":{"start":{"line":77,"column":0},"end":{"line":77,"column":13}},"50":{"start":{"line":78,"column":9},"end":{"line":78,"column":39}},"51":{"start":{"line":79,"column":9},"end":{"line":82,"column":13}},"52":{"start":{"line":84,"column":22},"end":{"line":84,"column":null}},"53":{"start":{"line":85,"column":16},"end":{"line":85,"column":null}},"54":{"start":{"line":86,"column":18},"end":{"line":86,"column":null}},"55":{"start":{"line":87,"column":25},"end":{"line":87,"column":null}},"56":{"start":{"line":88,"column":37},"end":{"line":88,"column":null}},"57":{"start":{"line":89,"column":36},"end":{"line":89,"column":null}},"58":{"start":{"line":90,"column":39},"end":{"line":90,"column":null}},"59":{"start":{"line":91,"column":22},"end":{"line":91,"column":null}},"60":{"start":{"line":92,"column":22},"end":{"line":92,"column":null}},"61":{"start":{"line":93,"column":36},"end":{"line":93,"column":null}},"62":{"start":{"line":94,"column":37},"end":{"line":94,"column":null}},"63":{"start":{"line":97,"column":0},"end":{"line":97,"column":13}},"64":{"start":{"line":98,"column":9},"end":{"line":98,"column":41}},"65":{"start":{"line":99,"column":9},"end":{"line":101,"column":13}},"66":{"start":{"line":102,"column":25},"end":{"line":102,"column":null}},"67":{"start":{"line":103,"column":18},"end":{"line":103,"column":null}},"68":{"start":{"line":104,"column":26},"end":{"line":104,"column":null}},"69":{"start":{"line":105,"column":26},"end":{"line":105,"column":null}},"70":{"start":{"line":106,"column":22},"end":{"line":106,"column":null}},"71":{"start":{"line":107,"column":31},"end":{"line":107,"column":null}},"72":{"start":{"line":108,"column":60},"end":{"line":108,"column":null}},"73":{"start":{"line":111,"column":0},"end":{"line":111,"column":13}},"74":{"start":{"line":112,"column":9},"end":{"line":112,"column":36}},"75":{"start":{"line":113,"column":22},"end":{"line":113,"column":null}},"76":{"start":{"line":114,"column":33},"end":{"line":114,"column":null}},"77":{"start":{"line":115,"column":27},"end":{"line":115,"column":null}},"78":{"start":{"line":116,"column":29},"end":{"line":116,"column":null}},"79":{"start":{"line":117,"column":22},"end":{"line":117,"column":null}},"80":{"start":{"line":118,"column":31},"end":{"line":118,"column":null}},"81":{"start":{"line":119,"column":33},"end":{"line":119,"column":null}},"82":{"start":{"line":120,"column":33},"end":{"line":120,"column":null}},"83":{"start":{"line":121,"column":22},"end":{"line":121,"column":null}},"84":{"start":{"line":124,"column":0},"end":{"line":124,"column":13}},"85":{"start":{"line":125,"column":9},"end":{"line":125,"column":38}},"86":{"start":{"line":126,"column":33},"end":{"line":126,"column":null}},"87":{"start":{"line":127,"column":29},"end":{"line":127,"column":null}},"88":{"start":{"line":128,"column":28},"end":{"line":128,"column":null}},"89":{"start":{"line":129,"column":33},"end":{"line":129,"column":null}},"90":{"start":{"line":130,"column":29},"end":{"line":130,"column":null}},"91":{"start":{"line":131,"column":27},"end":{"line":131,"column":null}},"92":{"start":{"line":136,"column":2},"end":{"line":136,"column":14}},"93":{"start":{"line":139,"column":0},"end":{"line":139,"column":13}},"94":{"start":{"line":140,"column":9},"end":{"line":140,"column":31}},"95":{"start":{"line":142,"column":29},"end":{"line":142,"column":null}},"96":{"start":{"line":143,"column":26},"end":{"line":143,"column":null}},"97":{"start":{"line":144,"column":23},"end":{"line":144,"column":null}},"98":{"start":{"line":145,"column":40},"end":{"line":145,"column":null}},"99":{"start":{"line":146,"column":22},"end":{"line":146,"column":null}},"100":{"start":{"line":147,"column":22},"end":{"line":147,"column":null}}},"fnMap":{"0":{"name":"(anonymous_2)","decl":{"start":{"line":37,"column":2},"end":{"line":37,"column":6}},"loc":{"start":{"line":37,"column":11},"end":{"line":39,"column":3}}},"1":{"name":"(anonymous_3)","decl":{"start":{"line":41,"column":2},"end":{"line":41,"column":6}},"loc":{"start":{"line":41,"column":20},"end":{"line":43,"column":3}}},"2":{"name":"(anonymous_4)","decl":{"start":{"line":45,"column":2},"end":{"line":45,"column":6}},"loc":{"start":{"line":45,"column":17},"end":{"line":52,"column":3}}},"3":{"name":"sanitizeLandmarks","decl":{"start":{"line":135,"column":16},"end":{"line":135,"column":33}},"loc":{"start":{"line":135,"column":43},"end":{"line":137,"column":1}}}},"branchMap":{"0":{"loc":{"start":{"line":15,"column":34},"end":{"line":15,"column":39}},"type":"cond-expr","locations":[{"start":{"line":15,"column":38},"end":{"line":15,"column":39}},{"start":{"line":15,"column":38},"end":{"line":15,"column":39}}]},"1":{"loc":{"start":{"line":15,"column":34},"end":{"line":15,"column":38}},"type":"binary-expr","locations":[{"start":{"line":15,"column":34},"end":{"line":15,"column":39}},{"start":{"line":15,"column":34},"end":{"line":15,"column":38}}]},"2":{"loc":{"start":{"line":16,"column":34},"end":{"line":16,"column":39}},"type":"cond-expr","locations":[{"start":{"line":16,"column":38},"end":{"line":16,"column":39}},{"start":{"line":16,"column":38},"end":{"line":16,"column":39}}]},"3":{"loc":{"start":{"line":16,"column":34},"end":{"line":16,"column":38}},"type":"binary-expr","locations":[{"start":{"line":16,"column":34},"end":{"line":16,"column":39}},{"start":{"line":16,"column":34},"end":{"line":16,"column":38}}]},"4":{"loc":{"start":{"line":46,"column":4},"end":{"line":46,"column":40}},"type":"if","locations":[{"start":{"line":46,"column":4},"end":{"line":46,"column":40}}]},"5":{"loc":{"start":{"line":31,"column":34},"end":{"line":31,"column":39}},"type":"cond-expr","locations":[{"start":{"line":31,"column":38},"end":{"line":31,"column":39}},{"start":{"line":31,"column":38},"end":{"line":31,"column":39}}]},"6":{"loc":{"start":{"line":31,"column":34},"end":{"line":31,"column":38}},"type":"binary-expr","locations":[{"start":{"line":31,"column":34},"end":{"line":31,"column":39}},{"start":{"line":31,"column":34},"end":{"line":31,"column":38}}]},"7":{"loc":{"start":{"line":91,"column":34},"end":{"line":91,"column":39}},"type":"cond-expr","locations":[{"start":{"line":91,"column":38},"end":{"line":91,"column":39}},{"start":{"line":91,"column":38},"end":{"line":91,"column":39}}]},"8":{"loc":{"start":{"line":91,"column":34},"end":{"line":91,"column":38}},"type":"binary-expr","locations":[{"start":{"line":91,"column":34},"end":{"line":91,"column":39}},{"start":{"line":91,"column":34},"end":{"line":91,"column":38}}]},"9":{"loc":{"start":{"line":92,"column":34},"end":{"line":92,"column":39}},"type":"cond-expr","locations":[{"start":{"line":92,"column":38},"end":{"line":92,"column":39}},{"start":{"line":92,"column":38},"end":{"line":92,"column":39}}]},"10":{"loc":{"start":{"line":92,"column":34},"end":{"line":92,"column":38}},"type":"binary-expr","locations":[{"start":{"line":92,"column":34},"end":{"line":92,"column":39}},{"start":{"line":92,"column":34},"end":{"line":92,"column":38}}]},"11":{"loc":{"start":{"line":106,"column":34},"end":{"line":106,"column":39}},"type":"cond-expr","locations":[{"start":{"line":106,"column":38},"end":{"line":106,"column":39}},{"start":{"line":106,"column":38},"end":{"line":106,"column":39}}]},"12":{"loc":{"start":{"line":106,"column":34},"end":{"line":106,"column":38}},"type":"binary-expr","locations":[{"start":{"line":106,"column":34},"end":{"line":106,"column":39}},{"start":{"line":106,"column":34},"end":{"line":106,"column":38}}]},"13":{"loc":{"start":{"line":121,"column":34},"end":{"line":121,"column":39}},"type":"cond-expr","locations":[{"start":{"line":121,"column":38},"end":{"line":121,"column":39}},{"start":{"line":121,"column":38},"end":{"line":121,"column":39}}]},"14":{"loc":{"start":{"line":121,"column":34},"end":{"line":121,"column":38}},"type":"binary-expr","locations":[{"start":{"line":121,"column":34},"end":{"line":121,"column":39}},{"start":{"line":121,"column":34},"end":{"line":121,"column":38}}]},"15":{"loc":{"start":{"line":131,"column":44},"end":{"line":131,"column":49}},"type":"cond-expr","locations":[{"start":{"line":131,"column":48},"end":{"line":131,"column":49}},{"start":{"line":131,"column":48},"end":{"line":131,"column":49}}]},"16":{"loc":{"start":{"line":131,"column":44},"end":{"line":131,"column":48}},"type":"binary-expr","locations":[{"start":{"line":131,"column":44},"end":{"line":131,"column":49}},{"start":{"line":131,"column":44},"end":{"line":131,"column":48}}]}},"s":{"0":2,"1":2,"2":2,"3":2,"4":2,"5":2,"6":2,"7":2,"8":2,"9":2,"10":2,"11":2,"12":2,"13":2,"14":0,"15":0,"16":0,"17":0,"18":0,"19":0,"20":0,"21":2,"22":2,"23":2,"24":2,"25":2,"26":2,"27":2,"28":2,"29":2,"30":2,"31":2,"32":2,"33":2,"34":2,"35":2,"36":2,"37":2,"38":2,"39":2,"40":2,"41":2,"42":2,"43":2,"44":2,"45":2,"46":2,"47":2,"48":2,"49":2,"50":2,"51":2,"52":2,"53":2,"54":2,"55":2,"56":2,"57":2,"58":2,"59":2,"60":2,"61":2,"62":2,"63":2,"64":2,"65":2,"66":2,"67":2,"68":2,"69":2,"70":2,"71":2,"72":2,"73":2,"74":2,"75":2,"76":2,"77":2,"78":2,"79":2,"80":2,"81":2,"82":2,"83":2,"84":2,"85":2,"86":2,"87":2,"88":2,"89":2,"90":2,"91":2,"92":0,"93":2,"94":2,"95":2,"96":2,"97":2,"98":2,"99":2,"100":2},"f":{"0":0,"1":0,"2":0,"3":0},"b":{"0":[2,0],"1":[2,2],"2":[2,0],"3":[2,2],"4":[0],"5":[2,0],"6":[2,2],"7":[2,0],"8":[2,2],"9":[2,0],"10":[2,2],"11":[2,0],"12":[2,2],"13":[2,0],"14":[2,2],"15":[2,0],"16":[2,2]}}
,"/home/lars/PhpstormProjects/AmysEcho/app/db/schema.ts": {"path":"/home/lars/PhpstormProjects/AmysEcho/app/db/schema.ts","statementMap":{"0":{"start":{"line":1,"column":0},"end":{"line":1,"column":61}},"1":{"start":{"line":3,"column":13},"end":{"line":120,"column":3}}},"fnMap":{},"branchMap":{},"s":{"0":2,"1":2},"f":{},"b":{}}
,"/home/lars/PhpstormProjects/AmysEcho/app/db/migrations/index.ts": {"path":"/home/lars/PhpstormProjects/AmysEcho/app/db/migrations/index.ts","statementMap":{"0":{"start":{"line":1,"column":0},"end":{"line":1,"column":null}},"1":{"start":{"line":7,"column":13},"end":{"line":48,"column":3}}},"fnMap":{},"branchMap":{},"s":{"0":2,"1":2},"f":{},"b":{}}
,"/home/lars/PhpstormProjects/AmysEcho/app/src/constants.ts": {"path":"/home/lars/PhpstormProjects/AmysEcho/app/src/constants.ts","statementMap":{"0":{"start":{"line":1,"column":0},"end":{"line":1,"column":47}},"1":{"start":{"line":3,"column":13},"end":{"line":3,"column":82}},"2":{"start":{"line":4,"column":13},"end":{"line":4,"column":75}},"3":{"start":{"line":5,"column":13},"end":{"line":5,"column":40}},"4":{"start":{"line":7,"column":13},"end":{"line":7,"column":44}},"5":{"start":{"line":9,"column":13},"end":{"line":9,"column":49}},"6":{"start":{"line":10,"column":13},"end":{"line":10,"column":57}},"7":{"start":{"line":11,"column":13},"end":{"line":11,"column":67}},"8":{"start":{"line":13,"column":13},"end":{"line":14,"column":67}},"9":{"start":{"line":15,"column":13},"end":{"line":17,"column":2}},"10":{"start":{"line":18,"column":13},"end":{"line":20,"column":2}},"11":{"start":{"line":22,"column":13},"end":{"line":24,"column":2}},"12":{"start":{"line":27,"column":13},"end":{"line":28,"column":58}},"13":{"start":{"line":30,"column":13},"end":{"line":31,"column":62}},"14":{"start":{"line":33,"column":13},"end":{"line":39,"column":14}},"15":{"start":{"line":40,"column":17},"end":{"line":40,"column":74}},"16":{"start":{"line":41,"column":0},"end":{"line":44,"column":1}},"17":{"start":{"line":43,"column":2},"end":{"line":43,"column":64}},"18":{"start":{"line":45,"column":13},"end":{"line":45,"column":72}}},"fnMap":{},"branchMap":{"0":{"loc":{"start":{"line":3,"column":23},"end":{"line":3,"column":81}},"type":"binary-expr","locations":[{"start":{"line":3,"column":23},"end":{"line":3,"column":54}},{"start":{"line":3,"column":58},"end":{"line":3,"column":81}}]},"1":{"loc":{"start":{"line":4,"column":25},"end":{"line":4,"column":74}},"type":"binary-expr","locations":[{"start":{"line":4,"column":25},"end":{"line":4,"column":58}},{"start":{"line":4,"column":62},"end":{"line":4,"column":74}}]},"2":{"loc":{"start":{"line":16,"column":2},"end":{"line":16,"column":51}},"type":"binary-expr","locations":[{"start":{"line":16,"column":2},"end":{"line":16,"column":41}},{"start":{"line":16,"column":45},"end":{"line":16,"column":51}}]},"3":{"loc":{"start":{"line":19,"column":2},"end":{"line":19,"column":50}},"type":"binary-expr","locations":[{"start":{"line":19,"column":2},"end":{"line":19,"column":43}},{"start":{"line":19,"column":47},"end":{"line":19,"column":50}}]},"4":{"loc":{"start":{"line":23,"column":2},"end":{"line":23,"column":52}},"type":"binary-expr","locations":[{"start":{"line":23,"column":2},"end":{"line":23,"column":45}},{"start":{"line":23,"column":49},"end":{"line":23,"column":52}}]},"5":{"loc":{"start":{"line":34,"column":3},"end":{"line":35,"column":63}},"type":"binary-expr","locations":[{"start":{"line":34,"column":3},"end":{"line":34,"column":36}},{"start":{"line":35,"column":5},"end":{"line":35,"column":62}}]},"6":{"loc":{"start":{"line":35,"column":5},"end":{"line":35,"column":62}},"type":"cond-expr","locations":[{"start":{"line":35,"column":46},"end":{"line":35,"column":53}},{"start":{"line":35,"column":56},"end":{"line":35,"column":62}}]},"7":{"loc":{"start":{"line":40,"column":17},"end":{"line":40,"column":74}},"type":"cond-expr","locations":[{"start":{"line":40,"column":45},"end":{"line":40,"column":49}},{"start":{"line":40,"column":49},"end":{"line":40,"column":74}}]},"8":{"loc":{"start":{"line":40,"column":17},"end":{"line":40,"column":49}},"type":"binary-expr","locations":[{"start":{"line":40,"column":17},"end":{"line":40,"column":49}},{"start":{"line":40,"column":45},"end":{"line":40,"column":49}}]},"9":{"loc":{"start":{"line":41,"column":0},"end":{"line":44,"column":1}},"type":"if","locations":[{"start":{"line":41,"column":0},"end":{"line":44,"column":1}}]}},"s":{"0":26,"1":26,"2":26,"3":26,"4":26,"5":26,"6":26,"7":26,"8":26,"9":26,"10":26,"11":26,"12":26,"13":26,"14":26,"15":26,"16":26,"17":0,"18":26},"f":{},"b":{"0":[26,26],"1":[26,26],"2":[26,26],"3":[26,26],"4":[26,26],"5":[26,26],"6":[0,26],"7":[26,0],"8":[26,26],"9":[0]}}
,"/home/lars/PhpstormProjects/AmysEcho/app/src/model.ts": {"path":"/home/lars/PhpstormProjects/AmysEcho/app/src/model.ts","statementMap":{"0":{"start":{"line":81,"column":0},"end":{"line":81,"column":16}},"1":{"start":{"line":87,"column":0},"end":{"line":87,"column":16}},"2":{"start":{"line":91,"column":0},"end":{"line":91,"column":16}},"3":{"start":{"line":98,"column":0},"end":{"line":98,"column":16}},"4":{"start":{"line":104,"column":0},"end":{"line":104,"column":22}},"5":{"start":{"line":20,"column":13},"end":{"line":46,"column":2}},"6":{"start":{"line":48,"column":13},"end":{"line":77,"column":2}},"7":{"start":{"line":79,"column":28},"end":{"line":79,"column":35}},"8":{"start":{"line":82,"column":2},"end":{"line":84,"column":3}},"9":{"start":{"line":82,"column":40},"end":{"line":82,"column":51}},"10":{"start":{"line":83,"column":4},"end":{"line":83,"column":31}},"11":{"start":{"line":88,"column":2},"end":{"line":88,"column":105}},"12":{"start":{"line":88,"column":43},"end":{"line":88,"column":73}},"13":{"start":{"line":92,"column":19},"end":{"line":92,"column":68}},"14":{"start":{"line":92,"column":53},"end":{"line":92,"column":67}},"15":{"start":{"line":93,"column":2},"end":{"line":93,"column":27}},"16":{"start":{"line":93,"column":17},"end":{"line":93,"column":27}},"17":{"start":{"line":95,"column":2},"end":{"line":95,"column":77}},"18":{"start":{"line":95,"column":43},"end":{"line":95,"column":75}},"19":{"start":{"line":99,"column":2},"end":{"line":101,"column":3}},"20":{"start":{"line":99,"column":41},"end":{"line":99,"column":58}},"21":{"start":{"line":100,"column":4},"end":{"line":100,"column":38}},"22":{"start":{"line":105,"column":33},"end":{"line":105,"column":58}},"23":{"start":{"line":106,"column":17},"end":{"line":106,"column":43}},"24":{"start":{"line":107,"column":2},"end":{"line":107,"column":39}},"25":{"start":{"line":107,"column":24},"end":{"line":107,"column":37}}},"fnMap":{"0":{"name":"setActiveVocabularySet","decl":{"start":{"line":81,"column":16},"end":{"line":81,"column":38}},"loc":{"start":{"line":81,"column":49},"end":{"line":85,"column":1}}},"1":{"name":"(anonymous_17)","decl":{"start":{"line":82,"column":35},"end":{"line":82,"column":36}},"loc":{"start":{"line":82,"column":40},"end":{"line":82,"column":51}}},"2":{"name":"getActiveVocabularySet","decl":{"start":{"line":87,"column":16},"end":{"line":87,"column":38}},"loc":{"start":{"line":87,"column":38},"end":{"line":89,"column":1}}},"3":{"name":"(anonymous_19)","decl":{"start":{"line":88,"column":38},"end":{"line":88,"column":39}},"loc":{"start":{"line":88,"column":43},"end":{"line":88,"column":73}}},"4":{"name":"getGesturesForVocabularySet","decl":{"start":{"line":91,"column":16},"end":{"line":91,"column":43}},"loc":{"start":{"line":91,"column":57},"end":{"line":96,"column":1}}},"5":{"name":"(anonymous_21)","decl":{"start":{"line":92,"column":48},"end":{"line":92,"column":49}},"loc":{"start":{"line":92,"column":53},"end":{"line":92,"column":67}}},"6":{"name":"(anonymous_22)","decl":{"start":{"line":95,"column":38},"end":{"line":95,"column":39}},"loc":{"start":{"line":95,"column":43},"end":{"line":95,"column":75}}},"7":{"name":"addGesture","decl":{"start":{"line":98,"column":16},"end":{"line":98,"column":26}},"loc":{"start":{"line":98,"column":51},"end":{"line":102,"column":1}}},"8":{"name":"(anonymous_24)","decl":{"start":{"line":99,"column":34},"end":{"line":99,"column":35}},"loc":{"start":{"line":99,"column":41},"end":{"line":99,"column":58}}},"9":{"name":"initGestureModel","decl":{"start":{"line":104,"column":22},"end":{"line":104,"column":38}},"loc":{"start":{"line":104,"column":38},"end":{"line":108,"column":null}}},"10":{"name":"(anonymous_27)","decl":{"start":{"line":105,"column":33},"end":{"line":105,"column":46}},"loc":{"start":{"line":105,"column":33},"end":{"line":105,"column":58}}},"11":{"name":"(anonymous_28)","decl":{"start":{"line":107,"column":17},"end":{"line":107,"column":18}},"loc":{"start":{"line":107,"column":24},"end":{"line":107,"column":37}}}},"branchMap":{"0":{"loc":{"start":{"line":82,"column":2},"end":{"line":84,"column":3}},"type":"if","locations":[{"start":{"line":82,"column":2},"end":{"line":84,"column":3}}]},"1":{"loc":{"start":{"line":88,"column":9},"end":{"line":88,"column":104}},"type":"binary-expr","locations":[{"start":{"line":88,"column":9},"end":{"line":88,"column":74}},{"start":{"line":88,"column":78},"end":{"line":88,"column":104}}]},"2":{"loc":{"start":{"line":93,"column":2},"end":{"line":93,"column":27}},"type":"if","locations":[{"start":{"line":93,"column":2},"end":{"line":93,"column":27}}]},"3":{"loc":{"start":{"line":99,"column":2},"end":{"line":101,"column":3}},"type":"if","locations":[{"start":{"line":99,"column":2},"end":{"line":101,"column":3}}]}},"s":{"0":8,"1":8,"2":8,"3":8,"4":8,"5":8,"6":8,"7":8,"8":1,"9":2,"10":1,"11":2,"12":3,"13":1,"14":2,"15":1,"16":0,"17":1,"18":25,"19":1,"20":25,"21":1,"22":2,"23":1,"24":1,"25":1},"f":{"0":1,"1":2,"2":2,"3":3,"4":1,"5":2,"6":25,"7":1,"8":25,"9":1,"10":1,"11":1},"b":{"0":[1],"1":[2,0],"2":[0],"3":[1]}}
,"/home/lars/PhpstormProjects/AmysEcho/app/src/storage.ts": {"path":"/home/lars/PhpstormProjects/AmysEcho/app/src/storage.ts","statementMap":{"0":{"start":{"line":34,"column":0},"end":{"line":34,"column":22}},"1":{"start":{"line":51,"column":0},"end":{"line":51,"column":22}},"2":{"start":{"line":74,"column":0},"end":{"line":74,"column":16}},"3":{"start":{"line":81,"column":0},"end":{"line":81,"column":22}},"4":{"start":{"line":92,"column":0},"end":{"line":92,"column":22}},"5":{"start":{"line":96,"column":0},"end":{"line":96,"column":22}},"6":{"start":{"line":111,"column":0},"end":{"line":111,"column":22}},"7":{"start":{"line":136,"column":0},"end":{"line":136,"column":22}},"8":{"start":{"line":167,"column":0},"end":{"line":167,"column":22}},"9":{"start":{"line":175,"column":0},"end":{"line":175,"column":22}},"10":{"start":{"line":179,"column":0},"end":{"line":179,"column":22}},"11":{"start":{"line":184,"column":0},"end":{"line":184,"column":22}},"12":{"start":{"line":188,"column":0},"end":{"line":188,"column":22}},"13":{"start":{"line":195,"column":0},"end":{"line":195,"column":22}},"14":{"start":{"line":199,"column":0},"end":{"line":199,"column":22}},"15":{"start":{"line":203,"column":0},"end":{"line":203,"column":22}},"16":{"start":{"line":207,"column":0},"end":{"line":207,"column":22}},"17":{"start":{"line":219,"column":0},"end":{"line":219,"column":22}},"18":{"start":{"line":228,"column":0},"end":{"line":228,"column":22}},"19":{"start":{"line":1,"column":0},"end":{"line":1,"column":69}},"20":{"start":{"line":2,"column":0},"end":{"line":2,"column":49}},"21":{"start":{"line":3,"column":0},"end":{"line":3,"column":33}},"22":{"start":{"line":5,"column":0},"end":{"line":5,"column":62}},"23":{"start":{"line":17,"column":27},"end":{"line":17,"column":44}},"24":{"start":{"line":18,"column":21},"end":{"line":18,"column":42}},"25":{"start":{"line":19,"column":16},"end":{"line":19,"column":33}},"26":{"start":{"line":35,"column":18},"end":{"line":35,"column":75}},"27":{"start":{"line":36,"column":2},"end":{"line":36,"column":35}},"28":{"start":{"line":40,"column":2},"end":{"line":48,"column":4}},"29":{"start":{"line":53,"column":2},"end":{"line":65,"column":5}},"30":{"start":{"line":53,"column":34},"end":{"line":65,"column":4}},"31":{"start":{"line":54,"column":23},"end":{"line":54,"column":58}},"32":{"start":{"line":55,"column":4},"end":{"line":64,"column":7}},"33":{"start":{"line":56,"column":6},"end":{"line":56,"column":28}},"34":{"start":{"line":57,"column":6},"end":{"line":57,"column":66}},"35":{"start":{"line":58,"column":6},"end":{"line":58,"column":63}},"36":{"start":{"line":59,"column":6},"end":{"line":59,"column":40}},"37":{"start":{"line":60,"column":6},"end":{"line":60,"column":46}},"38":{"start":{"line":61,"column":7},"end":{"line":61,"column":66}},"39":{"start":{"line":62,"column":6},"end":{"line":62,"column":31}},"40":{"start":{"line":63,"column":6},"end":{"line":63,"column":31}},"41":{"start":{"line":67,"column":12},"end":{"line":67,"column":53}},"42":{"start":{"line":68,"column":2},"end":{"line":68,"column":36}},"43":{"start":{"line":69,"column":2},"end":{"line":69,"column":14}},"44":{"start":{"line":72,"column":31},"end":{"line":72,"column":69}},"45":{"start":{"line":75,"column":2},"end":{"line":75,"column":39}},"46":{"start":{"line":76,"column":2},"end":{"line":78,"column":4}},"47":{"start":{"line":77,"column":4},"end":{"line":77,"column":44}},"48":{"start":{"line":82,"column":2},"end":{"line":82,"column":53}},"49":{"start":{"line":83,"column":2},"end":{"line":89,"column":5}},"50":{"start":{"line":84,"column":4},"end":{"line":88,"column":5}},"51":{"start":{"line":85,"column":6},"end":{"line":85,"column":13}},"52":{"start":{"line":87,"column":6},"end":{"line":87,"column":64}},"53":{"start":{"line":93,"column":2},"end":{"line":93,"column":50}},"54":{"start":{"line":97,"column":14},"end":{"line":97,"column":49}},"55":{"start":{"line":98,"column":2},"end":{"line":98,"column":24}},"56":{"start":{"line":98,"column":12},"end":{"line":98,"column":24}},"57":{"start":{"line":99,"column":2},"end":{"line":104,"column":3}},"58":{"start":{"line":100,"column":19},"end":{"line":100,"column":70}},"59":{"start":{"line":101,"column":4},"end":{"line":101,"column":32}},"60":{"start":{"line":103,"column":4},"end":{"line":103,"column":16}},"61":{"start":{"line":108,"column":2},"end":{"line":108,"column":71}},"62":{"start":{"line":112,"column":22},"end":{"line":112,"column":62}},"63":{"start":{"line":113,"column":19},"end":{"line":113,"column":61}},"64":{"start":{"line":114,"column":2},"end":{"line":120,"column":5}},"65":{"start":{"line":121,"column":2},"end":{"line":121,"column":69}},"66":{"start":{"line":123,"column":18},"end":{"line":123,"column":53}},"67":{"start":{"line":124,"column":15},"end":{"line":124,"column":49}},"68":{"start":{"line":125,"column":2},"end":{"line":132,"column":5}},"69":{"start":{"line":133,"column":2},"end":{"line":133,"column":60}},"70":{"start":{"line":137,"column":2},"end":{"line":165,"column":null}},"71":{"start":{"line":141,"column":14},"end":{"line":141,"column":54}},"72":{"start":{"line":142,"column":33},"end":{"line":142,"column":59}},"73":{"start":{"line":143,"column":2},"end":{"line":149,"column":5}},"74":{"start":{"line":150,"column":2},"end":{"line":150,"column":65}},"75":{"start":{"line":152,"column":21},"end":{"line":152,"column":79}},"76":{"start":{"line":153,"column":2},"end":{"line":164,"column":5}},"77":{"start":{"line":153,"column":34},"end":{"line":164,"column":4}},"78":{"start":{"line":154,"column":4},"end":{"line":163,"column":7}},"79":{"start":{"line":155,"column":6},"end":{"line":155,"column":56}},"80":{"start":{"line":157,"column":6},"end":{"line":157,"column":51}},"81":{"start":{"line":158,"column":6},"end":{"line":158,"column":29}},"82":{"start":{"line":159,"column":6},"end":{"line":159,"column":30}},"83":{"start":{"line":160,"column":6},"end":{"line":160,"column":32}},"84":{"start":{"line":161,"column":6},"end":{"line":161,"column":36}},"85":{"start":{"line":162,"column":6},"end":{"line":162,"column":42}},"86":{"start":{"line":170,"column":14},"end":{"line":170,"column":54}},"87":{"start":{"line":171,"column":33},"end":{"line":171,"column":59}},"88":{"start":{"line":172,"column":2},"end":{"line":172,"column":82}},"89":{"start":{"line":172,"column":28},"end":{"line":172,"column":73}},"90":{"start":{"line":176,"column":2},"end":{"line":176,"column":43}},"91":{"start":{"line":180,"column":2},"end":{"line":180,"column":41}},"92":{"start":{"line":183,"column":26},"end":{"line":183,"column":43}},"93":{"start":{"line":185,"column":2},"end":{"line":185,"column":59}},"94":{"start":{"line":189,"column":2},"end":{"line":189,"column":53}},"95":{"start":{"line":192,"column":25},"end":{"line":192,"column":41}},"96":{"start":{"line":193,"column":30},"end":{"line":193,"column":47}},"97":{"start":{"line":196,"column":2},"end":{"line":196,"column":52}},"98":{"start":{"line":200,"column":2},"end":{"line":200,"column":48}},"99":{"start":{"line":204,"column":2},"end":{"line":204,"column":58}},"100":{"start":{"line":208,"column":2},"end":{"line":208,"column":53}},"101":{"start":{"line":211,"column":28},"end":{"line":211,"column":44}},"102":{"start":{"line":220,"column":14},"end":{"line":220,"column":61}},"103":{"start":{"line":221,"column":36},"end":{"line":221,"column":62}},"104":{"start":{"line":222,"column":2},"end":{"line":225,"column":3}},"105":{"start":{"line":222,"column":28},"end":{"line":222,"column":47}},"106":{"start":{"line":223,"column":4},"end":{"line":223,"column":27}},"107":{"start":{"line":224,"column":4},"end":{"line":224,"column":78}},"108":{"start":{"line":229,"column":14},"end":{"line":229,"column":61}},"109":{"start":{"line":230,"column":2},"end":{"line":230,"column":36}}},"fnMap":{"0":{"name":"loadProfiles","decl":{"start":{"line":34,"column":22},"end":{"line":34,"column":34}},"loc":{"start":{"line":34,"column":34},"end":{"line":37,"column":null}}},"1":{"name":"mapDbProfile","decl":{"start":{"line":39,"column":9},"end":{"line":39,"column":21}},"loc":{"start":{"line":39,"column":34},"end":{"line":49,"column":1}}},"2":{"name":"createProfile","decl":{"start":{"line":51,"column":22},"end":{"line":51,"column":35}},"loc":{"start":{"line":51,"column":64},"end":{"line":70,"column":null}}},"3":{"name":"(anonymous_22)","decl":{"start":{"line":53,"column":23},"end":{"line":53,"column":32}},"loc":{"start":{"line":53,"column":34},"end":{"line":65,"column":4}}},"4":{"name":"(anonymous_23)","decl":{"start":{"line":53,"column":34},"end":{"line":53,"column":null}},"loc":{"start":{"line":53,"column":34},"end":{"line":65,"column":3}}},"5":{"name":"(anonymous_24)","decl":{"start":{"line":55,"column":37},"end":{"line":55,"column":38}},"loc":{"start":{"line":55,"column":41},"end":{"line":64,"column":5}}},"6":{"name":"onActiveProfileChange","decl":{"start":{"line":74,"column":16},"end":{"line":74,"column":37}},"loc":{"start":{"line":74,"column":75},"end":{"line":79,"column":1}}},"7":{"name":"(anonymous_26)","decl":{"start":{"line":76,"column":9},"end":{"line":76,"column":12}},"loc":{"start":{"line":76,"column":14},"end":{"line":78,"column":3}}},"8":{"name":"setActiveProfileId","decl":{"start":{"line":81,"column":22},"end":{"line":81,"column":40}},"loc":{"start":{"line":81,"column":51},"end":{"line":90,"column":null}}},"9":{"name":"(anonymous_29)","decl":{"start":{"line":83,"column":33},"end":{"line":83,"column":34}},"loc":{"start":{"line":83,"column":40},"end":{"line":89,"column":3}}},"10":{"name":"loadActiveProfileId","decl":{"start":{"line":92,"column":22},"end":{"line":92,"column":41}},"loc":{"start":{"line":92,"column":41},"end":{"line":94,"column":null}}},"11":{"name":"loadProfile","decl":{"start":{"line":96,"column":22},"end":{"line":96,"column":33}},"loc":{"start":{"line":96,"column":45},"end":{"line":105,"column":null}}},"12":{"name":"genId","decl":{"start":{"line":107,"column":9},"end":{"line":107,"column":14}},"loc":{"start":{"line":107,"column":14},"end":{"line":109,"column":1}}},"13":{"name":"logCorrection","decl":{"start":{"line":111,"column":22},"end":{"line":111,"column":35}},"loc":{"start":{"line":111,"column":53},"end":{"line":134,"column":null}}},"14":{"name":"saveTrainingSample","decl":{"start":{"line":136,"column":22},"end":{"line":136,"column":40}},"loc":{"start":{"line":136,"column":40},"end":{"line":165,"column":null}}},"15":{"name":"(anonymous_38)","decl":{"start":{"line":137,"column":2},"end":{"line":137,"column":29}},"loc":{"start":{"line":139,"column":37},"end":{"line":165,"column":1}}},"16":{"name":"(anonymous_39)","decl":{"start":{"line":153,"column":23},"end":{"line":153,"column":32}},"loc":{"start":{"line":153,"column":34},"end":{"line":164,"column":4}}},"17":{"name":"(anonymous_40)","decl":{"start":{"line":153,"column":34},"end":{"line":153,"column":null}},"loc":{"start":{"line":153,"column":34},"end":{"line":164,"column":3}}},"18":{"name":"(anonymous_41)","decl":{"start":{"line":154,"column":28},"end":{"line":154,"column":29}},"loc":{"start":{"line":154,"column":39},"end":{"line":163,"column":5}}},"19":{"name":"loadTrainingSampleCount","decl":{"start":{"line":167,"column":22},"end":{"line":167,"column":45}},"loc":{"start":{"line":168,"column":29},"end":{"line":173,"column":null}}},"20":{"name":"(anonymous_44)","decl":{"start":{"line":172,"column":21},"end":{"line":172,"column":22}},"loc":{"start":{"line":172,"column":28},"end":{"line":172,"column":73}}},"21":{"name":"saveOpenAIApiKey","decl":{"start":{"line":175,"column":22},"end":{"line":175,"column":38}},"loc":{"start":{"line":175,"column":50},"end":{"line":177,"column":null}}},"22":{"name":"loadOpenAIApiKey","decl":{"start":{"line":179,"column":22},"end":{"line":179,"column":38}},"loc":{"start":{"line":179,"column":38},"end":{"line":181,"column":null}}},"23":{"name":"saveBackendApiToken","decl":{"start":{"line":184,"column":22},"end":{"line":184,"column":41}},"loc":{"start":{"line":184,"column":55},"end":{"line":186,"column":null}}},"24":{"name":"loadBackendApiToken","decl":{"start":{"line":188,"column":22},"end":{"line":188,"column":41}},"loc":{"start":{"line":188,"column":41},"end":{"line":190,"column":null}}},"25":{"name":"saveCustomModelUri","decl":{"start":{"line":195,"column":22},"end":{"line":195,"column":40}},"loc":{"start":{"line":195,"column":52},"end":{"line":197,"column":null}}},"26":{"name":"loadCustomModelUri","decl":{"start":{"line":199,"column":22},"end":{"line":199,"column":40}},"loc":{"start":{"line":199,"column":40},"end":{"line":201,"column":null}}},"27":{"name":"saveCustomModelHash","decl":{"start":{"line":203,"column":22},"end":{"line":203,"column":41}},"loc":{"start":{"line":203,"column":54},"end":{"line":205,"column":null}}},"28":{"name":"loadCustomModelHash","decl":{"start":{"line":207,"column":22},"end":{"line":207,"column":41}},"loc":{"start":{"line":207,"column":41},"end":{"line":209,"column":null}}},"29":{"name":"saveCustomGesture","decl":{"start":{"line":219,"column":22},"end":{"line":219,"column":39}},"loc":{"start":{"line":219,"column":62},"end":{"line":226,"column":null}}},"30":{"name":"(anonymous_63)","decl":{"start":{"line":222,"column":21},"end":{"line":222,"column":22}},"loc":{"start":{"line":222,"column":28},"end":{"line":222,"column":47}}},"31":{"name":"loadCustomGestures","decl":{"start":{"line":228,"column":22},"end":{"line":228,"column":40}},"loc":{"start":{"line":228,"column":40},"end":{"line":231,"column":null}}}},"branchMap":{"0":{"loc":{"start":{"line":97,"column":14},"end":{"line":97,"column":49}},"type":"binary-expr","locations":[{"start":{"line":97,"column":14},"end":{"line":97,"column":16}},{"start":{"line":97,"column":21},"end":{"line":97,"column":48}}]},"1":{"loc":{"start":{"line":98,"column":2},"end":{"line":98,"column":24}},"type":"if","locations":[{"start":{"line":98,"column":2},"end":{"line":98,"column":24}}]},"2":{"loc":{"start":{"line":113,"column":19},"end":{"line":113,"column":61}},"type":"cond-expr","locations":[{"start":{"line":113,"column":33},"end":{"line":113,"column":56}},{"start":{"line":113,"column":59},"end":{"line":113,"column":61}}]},"3":{"loc":{"start":{"line":124,"column":15},"end":{"line":124,"column":49}},"type":"cond-expr","locations":[{"start":{"line":124,"column":25},"end":{"line":124,"column":44}},{"start":{"line":124,"column":47},"end":{"line":124,"column":49}}]},"4":{"loc":{"start":{"line":139,"column":2},"end":{"line":139,"column":37}},"type":"default-arg","locations":[{"start":{"line":139,"column":30},"end":{"line":139,"column":37}}]},"5":{"loc":{"start":{"line":142,"column":33},"end":{"line":142,"column":59}},"type":"cond-expr","locations":[{"start":{"line":142,"column":39},"end":{"line":142,"column":54}},{"start":{"line":142,"column":57},"end":{"line":142,"column":59}}]},"6":{"loc":{"start":{"line":171,"column":33},"end":{"line":171,"column":59}},"type":"cond-expr","locations":[{"start":{"line":171,"column":39},"end":{"line":171,"column":54}},{"start":{"line":171,"column":57},"end":{"line":171,"column":59}}]},"7":{"loc":{"start":{"line":221,"column":36},"end":{"line":221,"column":62}},"type":"cond-expr","locations":[{"start":{"line":221,"column":42},"end":{"line":221,"column":57}},{"start":{"line":221,"column":60},"end":{"line":221,"column":62}}]},"8":{"loc":{"start":{"line":222,"column":2},"end":{"line":225,"column":3}},"type":"if","locations":[{"start":{"line":222,"column":2},"end":{"line":225,"column":3}}]},"9":{"loc":{"start":{"line":230,"column":9},"end":{"line":230,"column":35}},"type":"cond-expr","locations":[{"start":{"line":230,"column":15},"end":{"line":230,"column":30}},{"start":{"line":230,"column":33},"end":{"line":230,"column":35}}]}},"s":{"0":8,"1":8,"2":8,"3":8,"4":8,"5":8,"6":8,"7":8,"8":8,"9":8,"10":8,"11":8,"12":8,"13":8,"14":8,"15":8,"16":8,"17":8,"18":8,"19":8,"20":8,"21":8,"22":8,"23":8,"24":8,"25":8,"26":1,"27":1,"28":4,"29":2,"30":2,"31":2,"32":2,"33":2,"34":2,"35":2,"36":2,"37":2,"38":2,"39":2,"40":2,"41":2,"42":2,"43":2,"44":8,"45":1,"46":1,"47":1,"48":3,"49":3,"50":1,"51":1,"52":0,"53":3,"54":5,"55":5,"56":1,"57":4,"58":4,"59":3,"60":1,"61":11,"62":3,"63":3,"64":3,"65":3,"66":3,"67":3,"68":3,"69":3,"70":5,"71":5,"72":5,"73":5,"74":5,"75":5,"76":5,"77":5,"78":5,"79":5,"80":5,"81":5,"82":5,"83":5,"84":5,"85":5,"86":3,"87":3,"88":3,"89":5,"90":1,"91":1,"92":8,"93":1,"94":1,"95":8,"96":8,"97":1,"98":1,"99":1,"100":1,"101":8,"102":4,"103":4,"104":4,"105":1,"106":3,"107":3,"108":4,"109":4},"f":{"0":1,"1":4,"2":2,"3":2,"4":2,"5":2,"6":1,"7":1,"8":3,"9":1,"10":3,"11":5,"12":11,"13":3,"14":5,"15":5,"16":5,"17":5,"18":5,"19":3,"20":5,"21":1,"22":1,"23":1,"24":1,"25":1,"26":1,"27":1,"28":1,"29":4,"30":1,"31":4},"b":{"0":[5,2],"1":[1],"2":[1,2],"3":[1,2],"4":[3],"5":[1,4],"6":[2,1],"7":[1,3],"8":[3],"9":[3,1]}}
,"/home/lars/PhpstormProjects/AmysEcho/app/src/components/AccessibilityContext.tsx": {"path":"/home/lars/PhpstormProjects/AmysEcho/app/src/components/AccessibilityContext.tsx","statementMap":{"0":{"start":{"line":20,"column":0},"end":{"line":20,"column":16}},"1":{"start":{"line":1,"column":0},"end":{"line":1,"column":50}},"2":{"start":{"line":12,"column":55},"end":{"line":16,"column":2}},"3":{"start":{"line":18,"column":13},"end":{"line":18,"column":98}},"4":{"start":{"line":21,"column":2},"end":{"line":21,"column":42}}},"fnMap":{"0":{"name":"(anonymous_0)","decl":{"start":{"line":15,"column":10},"end":{"line":15,"column":13}},"loc":{"start":{"line":15,"column":15},"end":{"line":15,"column":18}}},"1":{"name":"useAccessibility","decl":{"start":{"line":20,"column":16},"end":{"line":20,"column":32}},"loc":{"start":{"line":20,"column":32},"end":{"line":22,"column":1}}}},"branchMap":{},"s":{"0":3,"1":3,"2":3,"3":3,"4":8},"f":{"0":0,"1":8},"b":{}}
,"/home/lars/PhpstormProjects/AmysEcho/app/src/components/BottomNav.tsx": {"path":"/home/lars/PhpstormProjects/AmysEcho/app/src/components/BottomNav.tsx","statementMap":{"0":{"start":{"line":17,"column":0},"end":{"line":17,"column":24}},"1":{"start":{"line":1,"column":0},"end":{"line":1,"column":26}},"2":{"start":{"line":2,"column":0},"end":{"line":2,"column":65}},"3":{"start":{"line":4,"column":0},"end":{"line":4,"column":88}},"4":{"start":{"line":5,"column":0},"end":{"line":5,"column":59}},"5":{"start":{"line":7,"column":0},"end":{"line":7,"column":50}},"6":{"start":{"line":8,"column":0},"end":{"line":8,"column":58}},"7":{"start":{"line":9,"column":0},"end":{"line":9,"column":61}},"8":{"start":{"line":10,"column":0},"end":{"line":10,"column":58}},"9":{"start":{"line":18,"column":21},"end":{"line":18,"column":72}},"10":{"start":{"line":19,"column":16},"end":{"line":19,"column":26}},"11":{"start":{"line":20,"column":27},"end":{"line":20,"column":45}},"12":{"start":{"line":23,"column":31},"end":{"line":38,"column":3}},"13":{"start":{"line":24,"column":48},"end":{"line":36,"column":6}},"14":{"start":{"line":37,"column":4},"end":{"line":37,"column":49}},"15":{"start":{"line":39,"column":2},"end":{"line":201,"column":4}},"16":{"start":{"line":52,"column":11},"end":{"line":52,"column":30}},"17":{"start":{"line":53,"column":11},"end":{"line":53,"column":61}},"18":{"start":{"line":55,"column":33},"end":{"line":60,"column":null}},"19":{"start":{"line":90,"column":11},"end":{"line":90,"column":30}},"20":{"start":{"line":91,"column":11},"end":{"line":91,"column":43}},"21":{"start":{"line":93,"column":33},"end":{"line":97,"column":null}},"22":{"start":{"line":127,"column":10},"end":{"line":127,"column":29}},"23":{"start":{"line":128,"column":10},"end":{"line":128,"column":71}},"24":{"start":{"line":130,"column":32},"end":{"line":134,"column":null}},"25":{"start":{"line":164,"column":10},"end":{"line":164,"column":29}},"26":{"start":{"line":165,"column":10},"end":{"line":165,"column":47}},"27":{"start":{"line":167,"column":32},"end":{"line":171,"column":null}},"28":{"start":{"line":204,"column":15},"end":{"line":270,"column":2}},"29":{"start":{"line":279,"column":2},"end":{"line":296,"column":4}},"30":{"start":{"line":300,"column":2},"end":{"line":315,"column":4}},"31":{"start":{"line":319,"column":2},"end":{"line":334,"column":4}},"32":{"start":{"line":338,"column":2},"end":{"line":353,"column":4}}},"fnMap":{"0":{"name":"BottomNav","decl":{"start":{"line":17,"column":24},"end":{"line":17,"column":33}},"loc":{"start":{"line":17,"column":62},"end":{"line":202,"column":1}}},"1":{"name":"(anonymous_11)","decl":{"start":{"line":23,"column":31},"end":{"line":23,"column":34}},"loc":{"start":{"line":23,"column":36},"end":{"line":38,"column":3}}},"2":{"name":"(anonymous_12)","decl":{"start":{"line":51,"column":18},"end":{"line":51,"column":21}},"loc":{"start":{"line":51,"column":23},"end":{"line":54,"column":10}}},"3":{"name":"(anonymous_13)","decl":{"start":{"line":55,"column":16},"end":{"line":55,"column":17}},"loc":{"start":{"line":55,"column":33},"end":{"line":60,"column":null}}},"4":{"name":"(anonymous_14)","decl":{"start":{"line":89,"column":18},"end":{"line":89,"column":21}},"loc":{"start":{"line":89,"column":23},"end":{"line":92,"column":10}}},"5":{"name":"(anonymous_15)","decl":{"start":{"line":93,"column":16},"end":{"line":93,"column":17}},"loc":{"start":{"line":93,"column":33},"end":{"line":97,"column":null}}},"6":{"name":"(anonymous_16)","decl":{"start":{"line":126,"column":17},"end":{"line":126,"column":20}},"loc":{"start":{"line":126,"column":22},"end":{"line":129,"column":9}}},"7":{"name":"(anonymous_17)","decl":{"start":{"line":130,"column":15},"end":{"line":130,"column":16}},"loc":{"start":{"line":130,"column":32},"end":{"line":134,"column":null}}},"8":{"name":"(anonymous_18)","decl":{"start":{"line":163,"column":17},"end":{"line":163,"column":20}},"loc":{"start":{"line":163,"column":22},"end":{"line":166,"column":9}}},"9":{"name":"(anonymous_19)","decl":{"start":{"line":167,"column":15},"end":{"line":167,"column":16}},"loc":{"start":{"line":167,"column":32},"end":{"line":171,"column":null}}},"10":{"name":"HandIcon","decl":{"start":{"line":278,"column":9},"end":{"line":278,"column":17}},"loc":{"start":{"line":278,"column":51},"end":{"line":297,"column":1}}},"11":{"name":"BookIcon","decl":{"start":{"line":299,"column":9},"end":{"line":299,"column":17}},"loc":{"start":{"line":299,"column":51},"end":{"line":316,"column":1}}},"12":{"name":"SettingsIcon","decl":{"start":{"line":318,"column":9},"end":{"line":318,"column":21}},"loc":{"start":{"line":318,"column":55},"end":{"line":335,"column":1}}},"13":{"name":"CalendarIcon","decl":{"start":{"line":337,"column":9},"end":{"line":337,"column":21}},"loc":{"start":{"line":337,"column":55},"end":{"line":354,"column":1}}}},"branchMap":{"0":{"loc":{"start":{"line":37,"column":11},"end":{"line":37,"column":48}},"type":"binary-expr","locations":[{"start":{"line":37,"column":11},"end":{"line":37,"column":34}},{"start":{"line":37,"column":38},"end":{"line":37,"column":48}}]},"1":{"loc":{"start":{"line":40,"column":36},"end":{"line":40,"column":70}},"type":"binary-expr","locations":[{"start":{"line":40,"column":36},"end":{"line":40,"column":48}},{"start":{"line":40,"column":52},"end":{"line":40,"column":70}}]},"2":{"loc":{"start":{"line":42,"column":48},"end":{"line":42,"column":92}},"type":"binary-expr","locations":[{"start":{"line":42,"column":48},"end":{"line":42,"column":60}},{"start":{"line":42,"column":64},"end":{"line":42,"column":92}}]},"3":{"loc":{"start":{"line":43,"column":45},"end":{"line":43,"column":84}},"type":"binary-expr","locations":[{"start":{"line":43,"column":45},"end":{"line":43,"column":57}},{"start":{"line":43,"column":61},"end":{"line":43,"column":84}}]},"4":{"loc":{"start":{"line":58,"column":11},"end":{"line":58,"column":56}},"type":"binary-expr","locations":[{"start":{"line":58,"column":11},"end":{"line":58,"column":35}},{"start":{"line":58,"column":39},"end":{"line":58,"column":56}}]},"5":{"loc":{"start":{"line":59,"column":11},"end":{"line":59,"column":84}},"type":"binary-expr","locations":[{"start":{"line":59,"column":11},"end":{"line":59,"column":18}},{"start":{"line":59,"column":23},"end":{"line":59,"column":83}}]},"6":{"loc":{"start":{"line":59,"column":23},"end":{"line":59,"column":83}},"type":"cond-expr","locations":[{"start":{"line":59,"column":38},"end":{"line":59,"column":60}},{"start":{"line":59,"column":63},"end":{"line":59,"column":83}}]},"7":{"loc":{"start":{"line":68,"column":12},"end":{"line":74,"column":38}},"type":"cond-expr","locations":[{"start":{"line":69,"column":16},"end":{"line":71,"column":44}},{"start":{"line":72,"column":16},"end":{"line":74,"column":38}}]},"8":{"loc":{"start":{"line":69,"column":16},"end":{"line":71,"column":44}},"type":"cond-expr","locations":[{"start":{"line":70,"column":18},"end":{"line":70,"column":41}},{"start":{"line":71,"column":18},"end":{"line":71,"column":44}}]},"9":{"loc":{"start":{"line":72,"column":16},"end":{"line":74,"column":38}},"type":"cond-expr","locations":[{"start":{"line":73,"column":16},"end":{"line":73,"column":36}},{"start":{"line":74,"column":16},"end":{"line":74,"column":38}}]},"10":{"loc":{"start":{"line":81,"column":13},"end":{"line":81,"column":43}},"type":"binary-expr","locations":[{"start":{"line":81,"column":13},"end":{"line":81,"column":25}},{"start":{"line":81,"column":29},"end":{"line":81,"column":43}}]},"11":{"loc":{"start":{"line":82,"column":13},"end":{"line":82,"column":89}},"type":"binary-expr","locations":[{"start":{"line":82,"column":13},"end":{"line":82,"column":37}},{"start":{"line":82,"column":42},"end":{"line":82,"column":88}}]},"12":{"loc":{"start":{"line":82,"column":42},"end":{"line":82,"column":88}},"type":"cond-expr","locations":[{"start":{"line":82,"column":57},"end":{"line":82,"column":72}},{"start":{"line":82,"column":75},"end":{"line":82,"column":88}}]},"13":{"loc":{"start":{"line":96,"column":11},"end":{"line":96,"column":84}},"type":"binary-expr","locations":[{"start":{"line":96,"column":11},"end":{"line":96,"column":18}},{"start":{"line":96,"column":23},"end":{"line":96,"column":83}}]},"14":{"loc":{"start":{"line":96,"column":23},"end":{"line":96,"column":83}},"type":"cond-expr","locations":[{"start":{"line":96,"column":38},"end":{"line":96,"column":60}},{"start":{"line":96,"column":63},"end":{"line":96,"column":83}}]},"15":{"loc":{"start":{"line":105,"column":13},"end":{"line":111,"column":39}},"type":"cond-expr","locations":[{"start":{"line":106,"column":17},"end":{"line":108,"column":45}},{"start":{"line":109,"column":17},"end":{"line":111,"column":39}}]},"16":{"loc":{"start":{"line":106,"column":17},"end":{"line":108,"column":45}},"type":"cond-expr","locations":[{"start":{"line":107,"column":19},"end":{"line":107,"column":42}},{"start":{"line":108,"column":19},"end":{"line":108,"column":45}}]},"17":{"loc":{"start":{"line":109,"column":17},"end":{"line":111,"column":39}},"type":"cond-expr","locations":[{"start":{"line":110,"column":17},"end":{"line":110,"column":37}},{"start":{"line":111,"column":17},"end":{"line":111,"column":39}}]},"18":{"loc":{"start":{"line":118,"column":13},"end":{"line":118,"column":43}},"type":"binary-expr","locations":[{"start":{"line":118,"column":13},"end":{"line":118,"column":25}},{"start":{"line":118,"column":29},"end":{"line":118,"column":43}}]},"19":{"loc":{"start":{"line":119,"column":13},"end":{"line":119,"column":86}},"type":"binary-expr","locations":[{"start":{"line":119,"column":13},"end":{"line":119,"column":34}},{"start":{"line":119,"column":39},"end":{"line":119,"column":85}}]},"20":{"loc":{"start":{"line":119,"column":39},"end":{"line":119,"column":85}},"type":"cond-expr","locations":[{"start":{"line":119,"column":54},"end":{"line":119,"column":69}},{"start":{"line":119,"column":72},"end":{"line":119,"column":85}}]},"21":{"loc":{"start":{"line":133,"column":10},"end":{"line":133,"column":83}},"type":"binary-expr","locations":[{"start":{"line":133,"column":10},"end":{"line":133,"column":17}},{"start":{"line":133,"column":22},"end":{"line":133,"column":82}}]},"22":{"loc":{"start":{"line":133,"column":22},"end":{"line":133,"column":82}},"type":"cond-expr","locations":[{"start":{"line":133,"column":37},"end":{"line":133,"column":59}},{"start":{"line":133,"column":62},"end":{"line":133,"column":82}}]},"23":{"loc":{"start":{"line":142,"column":12},"end":{"line":148,"column":38}},"type":"cond-expr","locations":[{"start":{"line":143,"column":16},"end":{"line":145,"column":44}},{"start":{"line":146,"column":16},"end":{"line":148,"column":38}}]},"24":{"loc":{"start":{"line":143,"column":16},"end":{"line":145,"column":44}},"type":"cond-expr","locations":[{"start":{"line":144,"column":18},"end":{"line":144,"column":41}},{"start":{"line":145,"column":18},"end":{"line":145,"column":44}}]},"25":{"loc":{"start":{"line":146,"column":16},"end":{"line":148,"column":38}},"type":"cond-expr","locations":[{"start":{"line":147,"column":16},"end":{"line":147,"column":36}},{"start":{"line":148,"column":16},"end":{"line":148,"column":38}}]},"26":{"loc":{"start":{"line":155,"column":12},"end":{"line":155,"column":42}},"type":"binary-expr","locations":[{"start":{"line":155,"column":12},"end":{"line":155,"column":24}},{"start":{"line":155,"column":28},"end":{"line":155,"column":42}}]},"27":{"loc":{"start":{"line":156,"column":12},"end":{"line":156,"column":85}},"type":"binary-expr","locations":[{"start":{"line":156,"column":12},"end":{"line":156,"column":33}},{"start":{"line":156,"column":38},"end":{"line":156,"column":84}}]},"28":{"loc":{"start":{"line":156,"column":38},"end":{"line":156,"column":84}},"type":"cond-expr","locations":[{"start":{"line":156,"column":53},"end":{"line":156,"column":68}},{"start":{"line":156,"column":71},"end":{"line":156,"column":84}}]},"29":{"loc":{"start":{"line":170,"column":10},"end":{"line":170,"column":83}},"type":"binary-expr","locations":[{"start":{"line":170,"column":10},"end":{"line":170,"column":17}},{"start":{"line":170,"column":22},"end":{"line":170,"column":82}}]},"30":{"loc":{"start":{"line":170,"column":22},"end":{"line":170,"column":82}},"type":"cond-expr","locations":[{"start":{"line":170,"column":37},"end":{"line":170,"column":59}},{"start":{"line":170,"column":62},"end":{"line":170,"column":82}}]},"31":{"loc":{"start":{"line":179,"column":12},"end":{"line":185,"column":38}},"type":"cond-expr","locations":[{"start":{"line":180,"column":16},"end":{"line":182,"column":44}},{"start":{"line":183,"column":16},"end":{"line":185,"column":38}}]},"32":{"loc":{"start":{"line":180,"column":16},"end":{"line":182,"column":44}},"type":"cond-expr","locations":[{"start":{"line":181,"column":18},"end":{"line":181,"column":41}},{"start":{"line":182,"column":18},"end":{"line":182,"column":44}}]},"33":{"loc":{"start":{"line":183,"column":16},"end":{"line":185,"column":38}},"type":"cond-expr","locations":[{"start":{"line":184,"column":16},"end":{"line":184,"column":36}},{"start":{"line":185,"column":16},"end":{"line":185,"column":38}}]},"34":{"loc":{"start":{"line":192,"column":12},"end":{"line":192,"column":42}},"type":"binary-expr","locations":[{"start":{"line":192,"column":12},"end":{"line":192,"column":24}},{"start":{"line":192,"column":28},"end":{"line":192,"column":42}}]},"35":{"loc":{"start":{"line":193,"column":12},"end":{"line":193,"column":83}},"type":"binary-expr","locations":[{"start":{"line":193,"column":12},"end":{"line":193,"column":31}},{"start":{"line":193,"column":36},"end":{"line":193,"column":82}}]},"36":{"loc":{"start":{"line":193,"column":36},"end":{"line":193,"column":82}},"type":"cond-expr","locations":[{"start":{"line":193,"column":51},"end":{"line":193,"column":66}},{"start":{"line":193,"column":69},"end":{"line":193,"column":82}}]}},"s":{"0":1,"1":1,"2":1,"3":1,"4":1,"5":1,"6":1,"7":1,"8":1,"9":9,"10":9,"11":9,"12":9,"13":9,"14":9,"15":9,"16":1,"17":1,"18":2,"19":1,"20":1,"21":0,"22":1,"23":1,"24":0,"25":1,"26":1,"27":0,"28":1,"29":9,"30":9,"31":9,"32":9},"f":{"0":9,"1":9,"2":1,"3":2,"4":1,"5":0,"6":1,"7":0,"8":1,"9":0,"10":9,"11":9,"12":9,"13":9},"b":{"0":[9,1],"1":[9,1],"2":[9,1],"3":[9,1],"4":[2,2],"5":[2,2],"6":[1,1],"7":[1,8],"8":[1,0],"9":[5,3],"10":[9,1],"11":[9,6],"12":[1,5],"13":[0,0],"14":[0,0],"15":[1,8],"16":[0,1],"17":[1,7],"18":[9,1],"19":[9,1],"20":[0,1],"21":[0,0],"22":[0,0],"23":[1,8],"24":[0,1],"25":[1,7],"26":[9,1],"27":[9,1],"28":[0,1],"29":[0,0],"30":[0,0],"31":[1,8],"32":[0,1],"33":[1,7],"34":[9,1],"35":[9,1],"36":[0,1]}}
,"/home/lars/PhpstormProjects/AmysEcho/app/src/components/Celebration.tsx": {"path":"/home/lars/PhpstormProjects/AmysEcho/app/src/components/Celebration.tsx","statementMap":{"0":{"start":{"line":9,"column":0},"end":{"line":9,"column":24}},"1":{"start":{"line":1,"column":0},"end":{"line":1,"column":58}},"2":{"start":{"line":2,"column":0},"end":{"line":2,"column":58}},"3":{"start":{"line":3,"column":0},"end":{"line":3,"column":58}},"4":{"start":{"line":4,"column":0},"end":{"line":4,"column":41}},"5":{"start":{"line":5,"column":0},"end":{"line":5,"column":62}},"6":{"start":{"line":7,"column":13},"end":{"line":7,"column":55}},"7":{"start":{"line":10,"column":24},"end":{"line":10,"column":42}},"8":{"start":{"line":11,"column":18},"end":{"line":11,"column":55}},"9":{"start":{"line":13,"column":20},"end":{"line":28,"column":null}},"10":{"start":{"line":15,"column":6},"end":{"line":27,"column":8}},"11":{"start":{"line":31,"column":2},"end":{"line":37,"column":18}},"12":{"start":{"line":32,"column":4},"end":{"line":32,"column":22}},"13":{"start":{"line":34,"column":4},"end":{"line":36,"column":6}},"14":{"start":{"line":35,"column":6},"end":{"line":35,"column":23}},"15":{"start":{"line":39,"column":2},"end":{"line":48,"column":4}},"16":{"start":{"line":51,"column":15},"end":{"line":64,"column":2}}},"fnMap":{"0":{"name":"Celebration","decl":{"start":{"line":9,"column":24},"end":{"line":9,"column":35}},"loc":{"start":{"line":9,"column":35},"end":{"line":49,"column":1}}},"1":{"name":"(anonymous_10)","decl":{"start":{"line":14,"column":4},"end":{"line":14,"column":7}},"loc":{"start":{"line":15,"column":6},"end":{"line":27,"column":8}}},"2":{"name":"(anonymous_11)","decl":{"start":{"line":31,"column":12},"end":{"line":31,"column":15}},"loc":{"start":{"line":31,"column":17},"end":{"line":37,"column":3}}},"3":{"name":"(anonymous_12)","decl":{"start":{"line":34,"column":11},"end":{"line":34,"column":14}},"loc":{"start":{"line":34,"column":16},"end":{"line":36,"column":5}}}},"branchMap":{"0":{"loc":{"start":{"line":46,"column":45},"end":{"line":46,"column":64}},"type":"cond-expr","locations":[{"start":{"line":46,"column":57},"end":{"line":46,"column":59}},{"start":{"line":46,"column":62},"end":{"line":46,"column":64}}]}},"s":{"0":2,"1":2,"2":2,"3":2,"4":2,"5":2,"6":2,"7":7,"8":7,"9":7,"10":7,"11":7,"12":7,"13":7,"14":7,"15":7,"16":2},"f":{"0":7,"1":7,"2":7,"3":7},"b":{"0":[0,7]}}
,"/home/lars/PhpstormProjects/AmysEcho/app/src/components/ChildErrorBoundary.tsx": {"path":"/home/lars/PhpstormProjects/AmysEcho/app/src/components/ChildErrorBoundary.tsx","statementMap":{"0":{"start":{"line":1,"column":0},"end":{"line":1,"column":52}},"1":{"start":{"line":2,"column":0},"end":{"line":2,"column":65}},"2":{"start":{"line":3,"column":0},"end":{"line":3,"column":62}},"3":{"start":{"line":4,"column":0},"end":{"line":4,"column":58}},"4":{"start":{"line":5,"column":0},"end":{"line":5,"column":64}},"5":{"start":{"line":6,"column":0},"end":{"line":6,"column":41}},"6":{"start":{"line":20,"column":2},"end":{"line":20,"column":37}},"7":{"start":{"line":31,"column":10},"end":{"line":33,"column":4}},"8":{"start":{"line":32,"column":4},"end":{"line":32,"column":39}},"9":{"start":{"line":23,"column":4},"end":{"line":23,"column":30}},"10":{"start":{"line":27,"column":4},"end":{"line":27,"column":43}},"11":{"start":{"line":28,"column":4},"end":{"line":28,"column":66}},"12":{"start":{"line":36,"column":4},"end":{"line":49,"column":5}},"13":{"start":{"line":37,"column":42},"end":{"line":37,"column":54}},"14":{"start":{"line":38,"column":23},"end":{"line":38,"column":42}},"15":{"start":{"line":39,"column":30},"end":{"line":39,"column":98}},"16":{"start":{"line":40,"column":24},"end":{"line":40,"column":76}},"17":{"start":{"line":41,"column":6},"end":{"line":48,"column":8}},"18":{"start":{"line":50,"column":4},"end":{"line":50,"column":50}},"19":{"start":{"line":16,"column":0},"end":{"line":16,"column":13}},"20":{"start":{"line":17,"column":9},"end":{"line":17,"column":23}},"21":{"start":{"line":54,"column":15},"end":{"line":73,"column":2}},"22":{"start":{"line":75,"column":0},"end":{"line":75,"column":34}}},"fnMap":{"0":{"name":"(anonymous_9)","decl":{"start":{"line":16,"column":0},"end":{"line":16,"column":13}},"loc":{"start":{"line":16,"column":0},"end":{"line":52,"column":1}}},"1":{"name":"(anonymous_10)","decl":{"start":{"line":31,"column":24},"end":{"line":31,"column":27}},"loc":{"start":{"line":31,"column":29},"end":{"line":33,"column":3}}},"2":{"name":"(anonymous_11)","decl":{"start":{"line":22,"column":2},"end":{"line":22,"column":8}},"loc":{"start":{"line":22,"column":33},"end":{"line":24,"column":3}}},"3":{"name":"(anonymous_12)","decl":{"start":{"line":26,"column":2},"end":{"line":26,"column":19}},"loc":{"start":{"line":26,"column":34},"end":{"line":29,"column":3}}},"4":{"name":"(anonymous_13)","decl":{"start":{"line":35,"column":2},"end":{"line":35,"column":8}},"loc":{"start":{"line":35,"column":8},"end":{"line":51,"column":3}}}},"branchMap":{"0":{"loc":{"start":{"line":36,"column":4},"end":{"line":49,"column":5}},"type":"if","locations":[{"start":{"line":36,"column":4},"end":{"line":49,"column":5}}]},"1":{"loc":{"start":{"line":38,"column":23},"end":{"line":38,"column":42}},"type":"cond-expr","locations":[{"start":{"line":38,"column":35},"end":{"line":38,"column":37}},{"start":{"line":38,"column":40},"end":{"line":38,"column":42}}]},"2":{"loc":{"start":{"line":39,"column":30},"end":{"line":39,"column":98}},"type":"cond-expr","locations":[{"start":{"line":39,"column":45},"end":{"line":39,"column":74}},{"start":{"line":39,"column":77},"end":{"line":39,"column":98}}]},"3":{"loc":{"start":{"line":40,"column":24},"end":{"line":40,"column":76}},"type":"cond-expr","locations":[{"start":{"line":40,"column":39},"end":{"line":40,"column":62}},{"start":{"line":40,"column":65},"end":{"line":40,"column":76}}]},"4":{"loc":{"start":{"line":44,"column":151},"end":{"line":44,"column":209}},"type":"cond-expr","locations":[{"start":{"line":44,"column":166},"end":{"line":44,"column":192}},{"start":{"line":44,"column":195},"end":{"line":44,"column":209}}]},"5":{"loc":{"start":{"line":45,"column":54},"end":{"line":45,"column":106}},"type":"cond-expr","locations":[{"start":{"line":45,"column":69},"end":{"line":45,"column":92}},{"start":{"line":45,"column":95},"end":{"line":45,"column":106}}]}},"s":{"0":1,"1":1,"2":1,"3":1,"4":1,"5":1,"6":4,"7":4,"8":1,"9":4,"10":2,"11":2,"12":9,"13":4,"14":4,"15":4,"16":4,"17":4,"18":5,"19":1,"20":1,"21":1,"22":1},"f":{"0":5,"1":1,"2":4,"3":2,"4":9},"b":{"0":[4],"1":[0,4],"2":[0,4],"3":[0,4],"4":[0,4],"5":[0,4]}}
,"/home/lars/PhpstormProjects/AmysEcho/app/src/components/DgsVideoPlayer.tsx": {"path":"/home/lars/PhpstormProjects/AmysEcho/app/src/components/DgsVideoPlayer.tsx","statementMap":{"0":{"start":{"line":15,"column":0},"end":{"line":15,"column":24}},"1":{"start":{"line":1,"column":0},"end":{"line":1,"column":26}},"2":{"start":{"line":2,"column":0},"end":{"line":2,"column":84}},"3":{"start":{"line":3,"column":0},"end":{"line":3,"column":55}},"4":{"start":{"line":5,"column":0},"end":{"line":5,"column":41}},"5":{"start":{"line":6,"column":0},"end":{"line":6,"column":49}},"6":{"start":{"line":7,"column":0},"end":{"line":7,"column":62}},"7":{"start":{"line":16,"column":17},"end":{"line":16,"column":44}},"8":{"start":{"line":17,"column":36},"end":{"line":17,"column":62}},"9":{"start":{"line":19,"column":2},"end":{"line":21,"column":19}},"10":{"start":{"line":20,"column":4},"end":{"line":20,"column":29}},"11":{"start":{"line":23,"column":2},"end":{"line":32,"column":15}},"12":{"start":{"line":24,"column":4},"end":{"line":24,"column":24}},"13":{"start":{"line":24,"column":17},"end":{"line":24,"column":24}},"14":{"start":{"line":25,"column":25},"end":{"line":30,"column":6}},"15":{"start":{"line":26,"column":6},"end":{"line":28,"column":7}},"16":{"start":{"line":27,"column":8},"end":{"line":27,"column":60}},"17":{"start":{"line":31,"column":4},"end":{"line":31,"column":39}},"18":{"start":{"line":31,"column":17},"end":{"line":31,"column":38}},"19":{"start":{"line":34,"column":2},"end":{"line":40,"column":15}},"20":{"start":{"line":35,"column":4},"end":{"line":35,"column":24}},"21":{"start":{"line":35,"column":17},"end":{"line":35,"column":24}},"22":{"start":{"line":36,"column":16},"end":{"line":38,"column":6}},"23":{"start":{"line":37,"column":6},"end":{"line":37,"column":26}},"24":{"start":{"line":39,"column":4},"end":{"line":39,"column":30}},"25":{"start":{"line":39,"column":17},"end":{"line":39,"column":29}},"26":{"start":{"line":42,"column":22},"end":{"line":42,"column":50}},"27":{"start":{"line":44,"column":2},"end":{"line":57,"column":42}},"28":{"start":{"line":45,"column":4},"end":{"line":56,"column":5}},"29":{"start":{"line":46,"column":23},"end":{"line":46,"column":102}},"30":{"start":{"line":47,"column":6},"end":{"line":55,"column":7}},"31":{"start":{"line":48,"column":8},"end":{"line":52,"column":9}},"32":{"start":{"line":49,"column":10},"end":{"line":49,"column":24}},"33":{"start":{"line":50,"column":15},"end":{"line":52,"column":9}},"34":{"start":{"line":51,"column":10},"end":{"line":51,"column":26}},"35":{"start":{"line":53,"column":13},"end":{"line":55,"column":7}},"36":{"start":{"line":54,"column":8},"end":{"line":54,"column":23}},"37":{"start":{"line":59,"column":25},"end":{"line":62,"column":14}},"38":{"start":{"line":60,"column":4},"end":{"line":60,"column":24}},"39":{"start":{"line":60,"column":17},"end":{"line":60,"column":24}},"40":{"start":{"line":61,"column":4},"end":{"line":61,"column":34}},"41":{"start":{"line":61,"column":27},"end":{"line":61,"column":32}},"42":{"start":{"line":64,"column":2},"end":{"line":104,"column":4}},"43":{"start":{"line":107,"column":15},"end":{"line":142,"column":2}}},"fnMap":{"0":{"name":"DgsVideoPlayer","decl":{"start":{"line":15,"column":24},"end":{"line":15,"column":38}},"loc":{"start":{"line":15,"column":94},"end":{"line":105,"column":1}}},"1":{"name":"(anonymous_2)","decl":{"start":{"line":19,"column":18},"end":{"line":19,"column":21}},"loc":{"start":{"line":19,"column":23},"end":{"line":21,"column":3}}},"2":{"name":"(anonymous_3)","decl":{"start":{"line":23,"column":18},"end":{"line":23,"column":21}},"loc":{"start":{"line":23,"column":23},"end":{"line":32,"column":3}}},"3":{"name":"(anonymous_4)","decl":{"start":{"line":25,"column":60},"end":{"line":25,"column":61}},"loc":{"start":{"line":25,"column":72},"end":{"line":30,"column":5}}},"4":{"name":"(anonymous_5)","decl":{"start":{"line":31,"column":11},"end":{"line":31,"column":14}},"loc":{"start":{"line":31,"column":17},"end":{"line":31,"column":38}}},"5":{"name":"(anonymous_6)","decl":{"start":{"line":34,"column":18},"end":{"line":34,"column":21}},"loc":{"start":{"line":34,"column":23},"end":{"line":40,"column":3}}},"6":{"name":"(anonymous_7)","decl":{"start":{"line":36,"column":48},"end":{"line":36,"column":51}},"loc":{"start":{"line":36,"column":53},"end":{"line":38,"column":5}}},"7":{"name":"(anonymous_8)","decl":{"start":{"line":39,"column":11},"end":{"line":39,"column":14}},"loc":{"start":{"line":39,"column":17},"end":{"line":39,"column":29}}},"8":{"name":"(anonymous_9)","decl":{"start":{"line":44,"column":18},"end":{"line":44,"column":21}},"loc":{"start":{"line":44,"column":23},"end":{"line":57,"column":3}}},"9":{"name":"(anonymous_10)","decl":{"start":{"line":59,"column":43},"end":{"line":59,"column":46}},"loc":{"start":{"line":59,"column":48},"end":{"line":62,"column":3}}},"10":{"name":"(anonymous_11)","decl":{"start":{"line":61,"column":17},"end":{"line":61,"column":18}},"loc":{"start":{"line":61,"column":27},"end":{"line":61,"column":32}}}},"branchMap":{"0":{"loc":{"start":{"line":24,"column":4},"end":{"line":24,"column":24}},"type":"if","locations":[{"start":{"line":24,"column":4},"end":{"line":24,"column":24}}]},"1":{"loc":{"start":{"line":26,"column":6},"end":{"line":28,"column":7}},"type":"if","locations":[{"start":{"line":26,"column":6},"end":{"line":28,"column":7}}]},"2":{"loc":{"start":{"line":35,"column":4},"end":{"line":35,"column":24}},"type":"if","locations":[{"start":{"line":35,"column":4},"end":{"line":35,"column":24}}]},"3":{"loc":{"start":{"line":42,"column":22},"end":{"line":42,"column":36}},"type":"cond-expr","locations":[{"start":{"line":42,"column":28},"end":{"line":42,"column":30}},{"start":{"line":42,"column":22},"end":{"line":42,"column":36}}]},"4":{"loc":{"start":{"line":42,"column":22},"end":{"line":42,"column":30}},"type":"binary-expr","locations":[{"start":{"line":42,"column":22},"end":{"line":42,"column":30}},{"start":{"line":42,"column":22},"end":{"line":42,"column":30}}]},"5":{"loc":{"start":{"line":45,"column":4},"end":{"line":56,"column":5}},"type":"if","locations":[{"start":{"line":45,"column":4},"end":{"line":56,"column":5}}]},"6":{"loc":{"start":{"line":46,"column":23},"end":{"line":46,"column":102}},"type":"binary-expr","locations":[{"start":{"line":46,"column":23},"end":{"line":46,"column":50}},{"start":{"line":46,"column":54},"end":{"line":46,"column":79}},{"start":{"line":46,"column":83},"end":{"line":46,"column":102}}]},"7":{"loc":{"start":{"line":47,"column":6},"end":{"line":55,"column":7}},"type":"if","locations":[{"start":{"line":47,"column":6},"end":{"line":55,"column":7}},{"start":{"line":53,"column":13},"end":{"line":55,"column":7}}]},"8":{"loc":{"start":{"line":47,"column":10},"end":{"line":47,"column":38}},"type":"binary-expr","locations":[{"start":{"line":47,"column":10},"end":{"line":47,"column":19}},{"start":{"line":47,"column":23},"end":{"line":47,"column":38}}]},"9":{"loc":{"start":{"line":48,"column":8},"end":{"line":52,"column":9}},"type":"if","locations":[{"start":{"line":48,"column":8},"end":{"line":52,"column":9}},{"start":{"line":50,"column":15},"end":{"line":52,"column":9}}]},"10":{"loc":{"start":{"line":48,"column":12},"end":{"line":48,"column":60}},"type":"binary-expr","locations":[{"start":{"line":48,"column":12},"end":{"line":48,"column":20}},{"start":{"line":48,"column":24},"end":{"line":48,"column":60}}]},"11":{"loc":{"start":{"line":50,"column":15},"end":{"line":52,"column":9}},"type":"if","locations":[{"start":{"line":50,"column":15},"end":{"line":52,"column":9}}]},"12":{"loc":{"start":{"line":50,"column":19},"end":{"line":50,"column":68}},"type":"binary-expr","locations":[{"start":{"line":50,"column":19},"end":{"line":50,"column":27}},{"start":{"line":50,"column":31},"end":{"line":50,"column":68}}]},"13":{"loc":{"start":{"line":53,"column":13},"end":{"line":55,"column":7}},"type":"if","locations":[{"start":{"line":53,"column":13},"end":{"line":55,"column":7}}]},"14":{"loc":{"start":{"line":53,"column":17},"end":{"line":53,"column":45}},"type":"binary-expr","locations":[{"start":{"line":53,"column":17},"end":{"line":53,"column":27}},{"start":{"line":53,"column":31},"end":{"line":53,"column":45}}]},"15":{"loc":{"start":{"line":57,"column":25},"end":{"line":57,"column":39}},"type":"cond-expr","locations":[{"start":{"line":57,"column":31},"end":{"line":57,"column":33}},{"start":{"line":57,"column":25},"end":{"line":57,"column":39}}]},"16":{"loc":{"start":{"line":57,"column":25},"end":{"line":57,"column":33}},"type":"binary-expr","locations":[{"start":{"line":57,"column":25},"end":{"line":57,"column":33}},{"start":{"line":57,"column":25},"end":{"line":57,"column":33}}]},"17":{"loc":{"start":{"line":60,"column":4},"end":{"line":60,"column":24}},"type":"if","locations":[{"start":{"line":60,"column":4},"end":{"line":60,"column":24}}]},"18":{"loc":{"start":{"line":66,"column":7},"end":{"line":79,"column":null}},"type":"cond-expr","locations":[{"start":{"line":67,"column":8},"end":{"line":71,"column":null}},{"start":{"line":74,"column":8},"end":{"line":78,"column":null}}]},"19":{"loc":{"start":{"line":81,"column":7},"end":{"line":84,"column":null}},"type":"binary-expr","locations":[{"start":{"line":81,"column":7},"end":{"line":81,"column":18}},{"start":{"line":82,"column":8},"end":{"line":83,"column":null}}]},"20":{"loc":{"start":{"line":86,"column":7},"end":{"line":101,"column":null}},"type":"binary-expr","locations":[{"start":{"line":86,"column":7},"end":{"line":86,"column":13}},{"start":{"line":87,"column":8},"end":{"line":100,"column":null}}]},"21":{"loc":{"start":{"line":91,"column":12},"end":{"line":93,"column":58}},"type":"cond-expr","locations":[{"start":{"line":92,"column":16},"end":{"line":92,"column":59}},{"start":{"line":93,"column":16},"end":{"line":93,"column":58}}]},"22":{"loc":{"start":{"line":97,"column":13},"end":{"line":99,"column":53}},"type":"cond-expr","locations":[{"start":{"line":98,"column":16},"end":{"line":98,"column":54}},{"start":{"line":99,"column":16},"end":{"line":99,"column":53}}]}},"s":{"0":1,"1":1,"2":1,"3":1,"4":1,"5":1,"6":1,"7":8,"8":8,"9":8,"10":4,"11":8,"12":4,"13":0,"14":4,"15":0,"16":0,"17":4,"18":0,"19":8,"20":4,"21":0,"22":4,"23":1,"24":4,"25":0,"26":8,"27":8,"28":8,"29":8,"30":8,"31":4,"32":2,"33":2,"34":0,"35":4,"36":1,"37":8,"38":2,"39":0,"40":2,"41":2,"42":8,"43":1},"f":{"0":8,"1":4,"2":4,"3":0,"4":0,"5":4,"6":1,"7":0,"8":8,"9":2,"10":2},"b":{"0":[0],"1":[0],"2":[0],"3":[0,8],"4":[8,8],"5":[8],"6":[8,6,6],"7":[4,4],"8":[8,5],"9":[2,2],"10":[4,2],"11":[0],"12":[2,0],"13":[1],"14":[4,3],"15":[0,8],"16":[8,8],"17":[0],"18":[8,0],"19":[8,2],"20":[8,8],"21":[5,3],"22":[5,3]}}
,"/home/lars/PhpstormProjects/AmysEcho/app/src/components/ErrorMessage.tsx": {"path":"/home/lars/PhpstormProjects/AmysEcho/app/src/components/ErrorMessage.tsx","statementMap":{"0":{"start":{"line":10,"column":0},"end":{"line":10,"column":24}},"1":{"start":{"line":1,"column":0},"end":{"line":1,"column":26}},"2":{"start":{"line":2,"column":0},"end":{"line":2,"column":54}},"3":{"start":{"line":3,"column":0},"end":{"line":3,"column":58}},"4":{"start":{"line":4,"column":0},"end":{"line":4,"column":58}},"5":{"start":{"line":11,"column":24},"end":{"line":11,"column":42}},"6":{"start":{"line":12,"column":2},"end":{"line":12,"column":28}},"7":{"start":{"line":12,"column":16},"end":{"line":12,"column":28}},"8":{"start":{"line":13,"column":2},"end":{"line":17,"column":4}},"9":{"start":{"line":20,"column":15},"end":{"line":34,"column":2}}},"fnMap":{"0":{"name":"ErrorMessage","decl":{"start":{"line":10,"column":24},"end":{"line":10,"column":36}},"loc":{"start":{"line":10,"column":67},"end":{"line":18,"column":1}}}},"branchMap":{"0":{"loc":{"start":{"line":12,"column":2},"end":{"line":12,"column":28}},"type":"if","locations":[{"start":{"line":12,"column":2},"end":{"line":12,"column":28}}]},"1":{"loc":{"start":{"line":15,"column":45},"end":{"line":15,"column":64}},"type":"cond-expr","locations":[{"start":{"line":15,"column":57},"end":{"line":15,"column":59}},{"start":{"line":15,"column":62},"end":{"line":15,"column":64}}]}},"s":{"0":2,"1":2,"2":2,"3":2,"4":2,"5":33,"6":33,"7":9,"8":24,"9":2},"f":{"0":33},"b":{"0":[9],"1":[0,24]}}
,"/home/lars/PhpstormProjects/AmysEcho/app/src/components/LoadingIndicator.tsx": {"path":"/home/lars/PhpstormProjects/AmysEcho/app/src/components/LoadingIndicator.tsx","statementMap":{"0":{"start":{"line":11,"column":0},"end":{"line":11,"column":24}},"1":{"start":{"line":1,"column":0},"end":{"line":1,"column":26}},"2":{"start":{"line":2,"column":0},"end":{"line":2,"column":73}},"3":{"start":{"line":3,"column":0},"end":{"line":3,"column":58}},"4":{"start":{"line":4,"column":0},"end":{"line":4,"column":50}},"5":{"start":{"line":15,"column":38},"end":{"line":15,"column":56}},"6":{"start":{"line":16,"column":16},"end":{"line":16,"column":77}},"7":{"start":{"line":17,"column":19},"end":{"line":17,"column":38}},"8":{"start":{"line":18,"column":29},"end":{"line":18,"column":57}},"9":{"start":{"line":19,"column":2},"end":{"line":29,"column":4}},"10":{"start":{"line":32,"column":15},"end":{"line":48,"column":2}}},"fnMap":{"0":{"name":"LoadingIndicator","decl":{"start":{"line":11,"column":24},"end":{"line":11,"column":40}},"loc":{"start":{"line":14,"column":24},"end":{"line":30,"column":1}}}},"branchMap":{"0":{"loc":{"start":{"line":12,"column":2},"end":{"line":12,"column":27}},"type":"default-arg","locations":[{"start":{"line":12,"column":10},"end":{"line":12,"column":27}}]},"1":{"loc":{"start":{"line":13,"column":2},"end":{"line":13,"column":19}},"type":"default-arg","locations":[{"start":{"line":13,"column":15},"end":{"line":13,"column":19}}]},"2":{"loc":{"start":{"line":16,"column":16},"end":{"line":16,"column":77}},"type":"cond-expr","locations":[{"start":{"line":16,"column":31},"end":{"line":16,"column":54}},{"start":{"line":16,"column":57},"end":{"line":16,"column":77}}]},"3":{"loc":{"start":{"line":17,"column":19},"end":{"line":17,"column":38}},"type":"cond-expr","locations":[{"start":{"line":17,"column":31},"end":{"line":17,"column":33}},{"start":{"line":17,"column":36},"end":{"line":17,"column":38}}]},"4":{"loc":{"start":{"line":20,"column":36},"end":{"line":20,"column":67}},"type":"binary-expr","locations":[{"start":{"line":20,"column":36},"end":{"line":20,"column":46}},{"start":{"line":20,"column":50},"end":{"line":20,"column":67}}]},"5":{"loc":{"start":{"line":27,"column":33},"end":{"line":27,"column":62}},"type":"binary-expr","locations":[{"start":{"line":27,"column":33},"end":{"line":27,"column":45}},{"start":{"line":27,"column":49},"end":{"line":27,"column":62}}]}},"s":{"0":2,"1":2,"2":2,"3":2,"4":2,"5":11,"6":11,"7":11,"8":11,"9":11,"10":2},"f":{"0":11},"b":{"0":[10],"1":[10],"2":[1,10],"3":[1,10],"4":[11,10],"5":[11,1]}}
,"/home/lars/PhpstormProjects/AmysEcho/app/src/components/MediaPipeGestureDetector.tsx": {"path":"/home/lars/PhpstormProjects/AmysEcho/app/src/components/MediaPipeGestureDetector.tsx","statementMap":{"0":{"start":{"line":1,"column":0},"end":{"line":1,"column":72}},"1":{"start":{"line":2,"column":0},"end":{"line":2,"column":54}},"2":{"start":{"line":3,"column":0},"end":{"line":3,"column":null}},"3":{"start":{"line":9,"column":0},"end":{"line":9,"column":78}},"4":{"start":{"line":10,"column":0},"end":{"line":10,"column":72}},"5":{"start":{"line":11,"column":0},"end":{"line":11,"column":62}},"6":{"start":{"line":47,"column":51},"end":{"line":47,"column":55}},"7":{"start":{"line":48,"column":0},"end":{"line":53,"column":1}},"8":{"start":{"line":50,"column":2},"end":{"line":50,"column":95}},"9":{"start":{"line":52,"column":2},"end":{"line":52,"column":21}},"10":{"start":{"line":55,"column":57},"end":{"line":355,"column":1}},"11":{"start":{"line":67,"column":21},"end":{"line":67,"column":46}},"12":{"start":{"line":68,"column":26},"end":{"line":68,"column":53}},"13":{"start":{"line":69,"column":22},"end":{"line":69,"column":35}},"14":{"start":{"line":70,"column":28},"end":{"line":70,"column":41}},"15":{"start":{"line":71,"column":25},"end":{"line":71,"column":38}},"16":{"start":{"line":72,"column":30},"end":{"line":72,"column":80}},"17":{"start":{"line":73,"column":26},"end":{"line":73,"column":37}},"18":{"start":{"line":75,"column":22},"end":{"line":110,"column":27}},"19":{"start":{"line":76,"column":4},"end":{"line":76,"column":68}},"20":{"start":{"line":76,"column":61},"end":{"line":76,"column":68}},"21":{"start":{"line":77,"column":4},"end":{"line":82,"column":5}},"22":{"start":{"line":78,"column":6},"end":{"line":78,"column":70}},"23":{"start":{"line":79,"column":6},"end":{"line":79,"column":36}},"24":{"start":{"line":80,"column":6},"end":{"line":80,"column":36}},"25":{"start":{"line":81,"column":6},"end":{"line":81,"column":13}},"26":{"start":{"line":83,"column":4},"end":{"line":83,"column":37}},"27":{"start":{"line":84,"column":4},"end":{"line":84,"column":35}},"28":{"start":{"line":85,"column":4},"end":{"line":85,"column":38}},"29":{"start":{"line":86,"column":18},"end":{"line":86,"column":27}},"30":{"start":{"line":88,"column":23},"end":{"line":88,"column":58}},"31":{"start":{"line":89,"column":4},"end":{"line":91,"column":6}},"32":{"start":{"line":92,"column":4},"end":{"line":97,"column":5}},"33":{"start":{"line":92,"column":17},"end":{"line":92,"column":18}},"34":{"start":{"line":93,"column":19},"end":{"line":93,"column":49}},"35":{"start":{"line":94,"column":6},"end":{"line":96,"column":8}},"36":{"start":{"line":98,"column":4},"end":{"line":100,"column":6}},"37":{"start":{"line":101,"column":4},"end":{"line":101,"column":79}},"38":{"start":{"line":101,"column":37},"end":{"line":101,"column":79}},"39":{"start":{"line":102,"column":4},"end":{"line":109,"column":14}},"40":{"start":{"line":103,"column":6},"end":{"line":103,"column":77}},"41":{"start":{"line":104,"column":6},"end":{"line":104,"column":40}},"42":{"start":{"line":105,"column":6},"end":{"line":105,"column":37}},"43":{"start":{"line":106,"column":6},"end":{"line":108,"column":7}},"44":{"start":{"line":107,"column":8},"end":{"line":107,"column":45}},"45":{"start":{"line":112,"column":2},"end":{"line":115,"column":9}},"46":{"start":{"line":113,"column":24},"end":{"line":113,"column":82}},"47":{"start":{"line":113,"column":56},"end":{"line":113,"column":81}},"48":{"start":{"line":113,"column":75},"end":{"line":113,"column":80}},"49":{"start":{"line":114,"column":4},"end":{"line":114,"column":23}},"50":{"start":{"line":117,"column":19},"end":{"line":118,"co
[...]
t":{"line":150,"column":39},"end":{"line":150,"column":54}},"type":"cond-expr","locations":[{"start":{"line":150,"column":49},"end":{"line":150,"column":53}},{"start":{"line":150,"column":53},"end":{"line":150,"column":54}}]},"32":{"loc":{"start":{"line":150,"column":39},"end":{"line":150,"column":53}},"type":"binary-expr","locations":[{"start":{"line":150,"column":39},"end":{"line":150,"column":53}},{"start":{"line":150,"column":49},"end":{"line":150,"column":53}}]},"33":{"loc":{"start":{"line":150,"column":39},"end":{"line":150,"column":49}},"type":"cond-expr","locations":[{"start":{"line":150,"column":40},"end":{"line":150,"column":42}},{"start":{"line":150,"column":39},"end":{"line":150,"column":49}}]},"34":{"loc":{"start":{"line":150,"column":39},"end":{"line":150,"column":42}},"type":"binary-expr","locations":[{"start":{"line":150,"column":39},"end":{"line":150,"column":42}},{"start":{"line":150,"column":39},"end":{"line":150,"column":42}}]},"35":{"loc":{"start":{"line":152,"column":8},"end":{"line":157,"column":null}},"type":"cond-expr","locations":[{"start":{"line":152,"column":46},"end":{"line":152,"column":null}},{"start":{"line":152,"column":46},"end":{"line":157,"column":null}}]},"36":{"loc":{"start":{"line":152,"column":8},"end":{"line":152,"column":null}},"type":"binary-expr","locations":[{"start":{"line":152,"column":8},"end":{"line":152,"column":null}},{"start":{"line":152,"column":46},"end":{"line":152,"column":null}}]},"37":{"loc":{"start":{"line":152,"column":8},"end":{"line":152,"column":46}},"type":"cond-expr","locations":[{"start":{"line":152,"column":33},"end":{"line":152,"column":35}},{"start":{"line":152,"column":33},"end":{"line":152,"column":46}}]},"38":{"loc":{"start":{"line":152,"column":8},"end":{"line":152,"column":35}},"type":"binary-expr","locations":[{"start":{"line":152,"column":8},"end":{"line":152,"column":35}},{"start":{"line":152,"column":33},"end":{"line":152,"column":35}}]},"39":{"loc":{"start":{"line":156,"column":20},"end":{"line":156,"column":43}},"type":"cond-expr","locations":[{"start":{"line":156,"column":30},"end":{"line":156,"column":34}},{"start":{"line":156,"column":34},"end":{"line":156,"column":43}}]},"40":{"loc":{"start":{"line":156,"column":20},"end":{"line":156,"column":34}},"type":"binary-expr","locations":[{"start":{"line":156,"column":20},"end":{"line":156,"column":34}},{"start":{"line":156,"column":30},"end":{"line":156,"column":34}}]},"41":{"loc":{"start":{"line":156,"column":20},"end":{"line":156,"column":30}},"type":"cond-expr","locations":[{"start":{"line":156,"column":21},"end":{"line":156,"column":23}},{"start":{"line":156,"column":20},"end":{"line":156,"column":30}}]},"42":{"loc":{"start":{"line":156,"column":20},"end":{"line":156,"column":23}},"type":"binary-expr","locations":[{"start":{"line":156,"column":20},"end":{"line":156,"column":23}},{"start":{"line":156,"column":20},"end":{"line":156,"column":23}}]},"43":{"loc":{"start":{"line":167,"column":39},"end":{"line":167,"column":62}},"type":"if","locations":[{"start":{"line":167,"column":39},"end":{"line":167,"column":62}}]},"44":{"loc":{"start":{"line":172,"column":39},"end":{"line":172,"column":66}},"type":"if","locations":[{"start":{"line":172,"column":39},"end":{"line":172,"column":66}}]},"45":{"loc":{"start":{"line":197,"column":6},"end":{"line":197,"column":49}},"type":"if","locations":[{"start":{"line":197,"column":6},"end":{"line":197,"column":49}}]},"46":{"loc":{"start":{"line":197,"column":10},"end":{"line":197,"column":35}},"type":"binary-expr","locations":[{"start":{"line":197,"column":10},"end":{"line":197,"column":15}},{"start":{"line":197,"column":19},"end":{"line":197,"column":35}}]},"47":{"loc":{"start":{"line":207,"column":6},"end":{"line":207,"column":34}},"type":"if","locations":[{"start":{"line":207,"column":6},"end":{"line":207,"column":34}}]},"48":{"loc":{"start":{"line":213,"column":26},"end":{"line":214,"column":null}},"type":"cond-expr","locations":[{"start":{"line":213,"column":38},"end":{"line":213,"column":40}},{"start":{"line":213,"column":26},"end":{"line":214,"column":null}}]},"49":{"loc":{"start":{"line":213,"column":26},"end":{"line":213,"column":40}},"type":"binary-expr","locations":[{"start":{"line":213,"column":26},"end":{"line":213,"column":40}},{"start":{"line":213,"column":26},"end":{"line":213,"column":40}}]},"50":{"loc":{"start":{"line":214,"column":13},"end":{"line":214,"column":33}},"type":"cond-expr","locations":[{"start":{"line":214,"column":19},"end":{"line":214,"column":21}},{"start":{"line":214,"column":19},"end":{"line":214,"column":33}}]},"51":{"loc":{"start":{"line":214,"column":13},"end":{"line":214,"column":21}},"type":"binary-expr","locations":[{"start":{"line":214,"column":13},"end":{"line":214,"column":21}},{"start":{"line":214,"column":19},"end":{"line":214,"column":21}}]},"52":{"loc":{"start":{"line":214,"column":13},"end":{"line":214,"column":19}},"type":"cond-expr","locations":[{"start":{"line":214,"column":14},"end":{"line":214,"column":17}},{"start":{"line":214,"column":13},"end":{"line":214,"column":19}}]},"53":{"loc":{"start":{"line":214,"column":13},"end":{"line":214,"column":17}},"type":"binary-expr","locations":[{"start":{"line":214,"column":13},"end":{"line":214,"column":17}},{"start":{"line":214,"column":13},"end":{"line":214,"column":17}}]},"54":{"loc":{"start":{"line":216,"column":27},"end":{"line":217,"column":null}},"type":"cond-expr","locations":[{"start":{"line":216,"column":39},"end":{"line":216,"column":41}},{"start":{"line":216,"column":27},"end":{"line":217,"column":null}}]},"55":{"loc":{"start":{"line":216,"column":27},"end":{"line":216,"column":41}},"type":"binary-expr","locations":[{"start":{"line":216,"column":27},"end":{"line":216,"column":41}},{"start":{"line":216,"column":27},"end":{"line":216,"column":41}}]},"56":{"loc":{"start":{"line":217,"column":13},"end":{"line":217,"column":33}},"type":"cond-expr","locations":[{"start":{"line":217,"column":19},"end":{"line":217,"column":21}},{"start":{"line":217,"column":19},"end":{"line":217,"column":33}}]},"57":{"loc":{"start":{"line":217,"column":13},"end":{"line":217,"column":21}},"type":"binary-expr","locations":[{"start":{"line":217,"column":13},"end":{"line":217,"column":21}},{"start":{"line":217,"column":19},"end":{"line":217,"column":21}}]},"58":{"loc":{"start":{"line":217,"column":13},"end":{"line":217,"column":19}},"type":"cond-expr","locations":[{"start":{"line":217,"column":14},"end":{"line":217,"column":17}},{"start":{"line":217,"column":13},"end":{"line":217,"column":19}}]},"59":{"loc":{"start":{"line":217,"column":13},"end":{"line":217,"column":17}},"type":"binary-expr","locations":[{"start":{"line":217,"column":13},"end":{"line":217,"column":17}},{"start":{"line":217,"column":13},"end":{"line":217,"column":17}}]},"60":{"loc":{"start":{"line":220,"column":21},"end":{"line":220,"column":67}},"type":"cond-expr","locations":[{"start":{"line":220,"column":42},"end":{"line":220,"column":60}},{"start":{"line":220,"column":63},"end":{"line":220,"column":67}}]},"61":{"loc":{"start":{"line":221,"column":22},"end":{"line":221,"column":70}},"type":"cond-expr","locations":[{"start":{"line":221,"column":44},"end":{"line":221,"column":63}},{"start":{"line":221,"column":66},"end":{"line":221,"column":70}}]},"62":{"loc":{"start":{"line":223,"column":17},"end":{"line":223,"column":49}},"type":"cond-expr","locations":[{"start":{"line":223,"column":35},"end":{"line":223,"column":39}},{"start":{"line":223,"column":39},"end":{"line":223,"column":49}}]},"63":{"loc":{"start":{"line":223,"column":17},"end":{"line":223,"column":39}},"type":"binary-expr","locations":[{"start":{"line":223,"column":17},"end":{"line":223,"column":39}},{"start":{"line":223,"column":35},"end":{"line":223,"column":39}}]},"64":{"loc":{"start":{"line":225,"column":14},"end":{"line":225,"column":33}},"type":"cond-expr","locations":[{"start":{"line":225,"column":14},"end":{"line":225,"column":19}},{"start":{"line":225,"column":23},"end":{"line":225,"column":33}}]},"65":{"loc":{"start":{"line":225,"column":14},"end":{"line":225,"column":23}},"type":"binary-expr","locations":[{"start":{"line":225,"column":14},"end":{"line":225,"column":23}},{"start":{"line":225,"column":14},"end":{"line":225,"column":23}}]},"66":{"loc":{"start":{"line":236,"column":4},"end":{"line":236,"column":26}},"type":"if","locations":[{"start":{"line":236,"column":4},"end":{"line":236,"column":26}}]},"67":{"loc":{"start":{"line":238,"column":4},"end":{"line":238,"column":24}},"type":"if","locations":[{"start":{"line":238,"column":4},"end":{"line":238,"column":24}}]},"68":{"loc":{"start":{"line":240,"column":4},"end":{"line":240,"column":79}},"type":"if","locations":[{"start":{"line":240,"column":4},"end":{"line":240,"column":79}}]},"69":{"loc":{"start":{"line":242,"column":4},"end":{"line":242,"column":76}},"type":"if","locations":[{"start":{"line":242,"column":4},"end":{"line":242,"column":76}}]},"70":{"loc":{"start":{"line":247,"column":4},"end":{"line":247,"column":75}},"type":"if","locations":[{"start":{"line":247,"column":4},"end":{"line":247,"column":75}}]},"71":{"loc":{"start":{"line":248,"column":4},"end":{"line":248,"column":76}},"type":"if","locations":[{"start":{"line":248,"column":4},"end":{"line":248,"column":76}}]},"72":{"loc":{"start":{"line":254,"column":6},"end":{"line":257,"column":7}},"type":"if","locations":[{"start":{"line":254,"column":6},"end":{"line":257,"column":7}}]},"73":{"loc":{"start":{"line":259,"column":18},"end":{"line":259,"column":54}},"type":"cond-expr","locations":[{"start":{"line":259,"column":37},"end":{"line":259,"column":41}},{"start":{"line":259,"column":41},"end":{"line":259,"column":54}}]},"74":{"loc":{"start":{"line":259,"column":18},"end":{"line":259,"column":41}},"type":"binary-expr","locations":[{"start":{"line":259,"column":18},"end":{"line":259,"column":41}},{"start":{"line":259,"column":37},"end":{"line":259,"column":41}}]},"75":{"loc":{"start":{"line":259,"column":18},"end":{"line":259,"column":37}},"type":"cond-expr","locations":[{"start":{"line":259,"column":28},"end":{"line":259,"column":31}},{"start":{"line":259,"column":28},"end":{"line":259,"column":37}}]},"76":{"loc":{"start":{"line":259,"column":18},"end":{"line":259,"column":31}},"type":"binary-expr","locations":[{"start":{"line":259,"column":18},"end":{"line":259,"column":31}},{"start":{"line":259,"column":28},"end":{"line":259,"column":31}}]},"77":{"loc":{"start":{"line":264,"column":4},"end":{"line":272,"column":5}},"type":"if","locations":[{"start":{"line":264,"column":4},"end":{"line":272,"column":5}}]},"78":{"loc":{"start":{"line":266,"column":8},"end":{"line":267,"column":null}},"type":"cond-expr","locations":[{"start":{"line":266,"column":46},"end":{"line":266,"column":null}},{"start":{"line":266,"column":46},"end":{"line":267,"column":null}}]},"79":{"loc":{"start":{"line":266,"column":8},"end":{"line":266,"column":null}},"type":"binary-expr","locations":[{"start":{"line":266,"column":8},"end":{"line":266,"column":null}},{"start":{"line":266,"column":46},"end":{"line":266,"column":null}}]},"80":{"loc":{"start":{"line":266,"column":8},"end":{"line":266,"column":46}},"type":"cond-expr","locations":[{"start":{"line":266,"column":33},"end":{"line":266,"column":35}},{"start":{"line":266,"column":33},"end":{"line":266,"column":46}}]},"81":{"loc":{"start":{"line":266,"column":8},"end":{"line":266,"column":35}},"type":"binary-expr","locations":[{"start":{"line":266,"column":8},"end":{"line":266,"column":35}},{"start":{"line":266,"column":33},"end":{"line":266,"column":35}}]},"82":{"loc":{"start":{"line":280,"column":4},"end":{"line":280,"column":35}},"type":"if","locations":[{"start":{"line":280,"column":4},"end":{"line":280,"column":35}}]},"83":{"loc":{"start":{"line":287,"column":4},"end":{"line":287,"column":30}},"type":"if","locations":[{"start":{"line":287,"column":4},"end":{"line":287,"column":30}}]},"84":{"loc":{"start":{"line":295,"column":6},"end":{"line":342,"column":7}},"type":"if","locations":[{"start":{"line":295,"column":6},"end":{"line":342,"column":7}},{"start":{"line":328,"column":13},"end":{"line":342,"column":7}}]},"85":{"loc":{"start":{"line":296,"column":8},"end":{"line":312,"column":9}},"type":"if","locations":[{"start":{"line":296,"column":8},"end":{"line":312,"column":9}}]},"86":{"loc":{"start":{"line":298,"column":12},"end":{"line":303,"column":null}},"type":"cond-expr","locations":[{"start":{"line":298,"column":50},"end":{"line":298,"column":null}},{"start":{"line":298,"column":50},"end":{"line":303,"column":null}}]},"87":{"loc":{"start":{"line":298,"column":12},"end":{"line":298,"column":null}},"type":"binary-expr","locations":[{"start":{"line":298,"column":12},"end":{"line":298,"column":null}},{"start":{"line":298,"column":50},"end":{"line":298,"column":null}}]},"88":{"loc":{"start":{"line":298,"column":12},"end":{"line":298,"column":50}},"type":"cond-expr","locations":[{"start":{"line":298,"column":37},"end":{"line":298,"column":39}},{"start":{"line":298,"column":37},"end":{"line":298,"column":50}}]},"89":{"loc":{"start":{"line":298,"column":12},"end":{"line":298,"column":39}},"type":"binary-expr","locations":[{"start":{"line":298,"column":12},"end":{"line":298,"column":39}},{"start":{"line":298,"column":37},"end":{"line":298,"column":39}}]},"90":{"loc":{"start":{"line":316,"column":10},"end":{"line":322,"column":null}},"type":"cond-expr","locations":[{"start":{"line":316,"column":48},"end":{"line":316,"column":null}},{"start":{"line":316,"column":48},"end":{"line":322,"column":null}}]},"91":{"loc":{"start":{"line":316,"column":10},"end":{"line":316,"column":null}},"type":"binary-expr","locations":[{"start":{"line":316,"column":10},"end":{"line":316,"column":null}},{"start":{"line":316,"column":48},"end":{"line":316,"column":null}}]},"92":{"loc":{"start":{"line":316,"column":10},"end":{"line":316,"column":48}},"type":"cond-expr","locations":[{"start":{"line":316,"column":35},"end":{"line":316,"column":37}},{"start":{"line":316,"column":35},"end":{"line":316,"column":48}}]},"93":{"loc":{"start":{"line":316,"column":10},"end":{"line":316,"column":37}},"type":"binary-expr","locations":[{"start":{"line":316,"column":10},"end":{"line":316,"column":37}},{"start":{"line":316,"column":35},"end":{"line":316,"column":37}}]},"94":{"loc":{"start":{"line":330,"column":10},"end":{"line":334,"column":null}},"type":"cond-expr","locations":[{"start":{"line":330,"column":48},"end":{"line":330,"column":null}},{"start":{"line":330,"column":48},"end":{"line":334,"column":null}}]},"95":{"loc":{"start":{"line":330,"column":10},"end":{"line":330,"column":null}},"type":"binary-expr","locations":[{"start":{"line":330,"column":10},"end":{"line":330,"column":null}},{"start":{"line":330,"column":48},"end":{"line":330,"column":null}}]},"96":{"loc":{"start":{"line":330,"column":10},"end":{"line":330,"column":48}},"type":"cond-expr","locations":[{"start":{"line":330,"column":35},"end":{"line":330,"column":37}},{"start":{"line":330,"column":35},"end":{"line":330,"column":48}}]},"97":{"loc":{"start":{"line":330,"column":10},"end":{"line":330,"column":37}},"type":"binary-expr","locations":[{"start":{"line":330,"column":10},"end":{"line":330,"column":37}},{"start":{"line":330,"column":35},"end":{"line":330,"column":37}}]},"98":{"loc":{"start":{"line":350,"column":8},"end":{"line":354,"column":null}},"type":"cond-expr","locations":[{"start":{"line":350,"column":46},"end":{"line":350,"column":null}},{"start":{"line":350,"column":46},"end":{"line":354,"column":null}}]},"99":{"loc":{"start":{"line":350,"column":8},"end":{"line":350,"column":null}},"type":"binary-expr","locations":[{"start":{"line":350,"column":8},"end":{"line":350,"column":null}},{"start":{"line":350,"column":46},"end":{"line":350,"column":null}}]},"100":{"loc":{"start":{"line":350,"column":8},"end":{"line":350,"column":46}},"type":"cond-expr","locations":[{"start":{"line":350,"column":33},"end":{"line":350,"column":35}},{"start":{"line":350,"column":33},"end":{"line":350,"column":46}}]},"101":{"loc":{"start":{"line":350,"column":8},"end":{"line":350,"column":35}},"type":"binary-expr","locations":[{"start":{"line":350,"column":8},"end":{"line":350,"column":35}},{"start":{"line":350,"column":33},"end":{"line":350,"column":35}}]}},"s":{"0":1,"1":13,"2":30,"3":30,"4":0,"5":30,"6":30,"7":30,"8":30,"9":30,"10":30,"11":30,"12":30,"13":30,"14":30,"15":0,"16":30,"17":30,"18":30,"19":0,"20":30,"21":30,"22":30,"23":60,"24":60,"25":30,"26":30,"27":30,"28":0,"29":30,"30":42,"31":30,"32":0,"33":30,"34":24,"35":6,"36":0,"37":0,"38":0,"39":0,"40":0,"41":0,"42":6,"43":0,"44":6,"45":0,"46":6,"47":0,"48":6,"49":6,"50":6,"51":6,"52":6,"53":6,"54":6,"55":6,"56":6,"57":6,"58":12,"59":12,"60":0,"61":12,"62":6,"63":6,"64":0,"65":0,"66":0,"67":0,"68":0,"69":0,"70":0,"71":0,"72":0,"73":0,"74":0,"75":0,"76":0,"77":0,"78":0,"79":0,"80":0,"81":0,"82":11,"83":11,"84":11,"85":11,"86":11,"87":8942,"88":11,"89":11,"90":1,"91":10,"92":10,"93":10,"94":3,"95":7,"96":7,"97":7,"98":1,"99":6,"100":6,"101":30,"102":30,"103":90,"104":30,"105":6,"106":6,"107":6,"108":6,"109":6,"110":0,"111":6,"112":6,"113":6,"114":6,"115":6,"116":6,"117":6,"118":6,"119":6,"120":6,"121":6,"122":5,"123":5,"124":5,"125":1,"126":5,"127":5,"128":6,"129":6,"130":6,"131":0,"132":6,"133":6,"134":6,"135":6,"136":6,"137":6,"138":6,"139":6,"140":6,"141":6,"142":6,"143":6,"144":6,"145":6,"146":6,"147":12,"148":12,"149":12,"150":12,"151":12,"152":12,"153":762,"154":12,"155":12,"156":13,"157":273,"158":6,"159":12,"160":8,"161":4,"162":4,"163":84,"164":4,"165":84,"166":4,"167":1,"168":3,"169":63,"170":6,"171":5,"172":6,"173":5,"174":6,"175":6,"176":6,"177":6,"178":6,"179":6,"180":6,"181":6,"182":252,"183":252,"184":252,"185":6,"186":9,"187":3,"188":6,"189":6,"190":0,"191":6,"192":6,"193":0,"194":6,"195":6,"196":0,"197":6,"198":6,"199":6,"200":6,"201":6,"202":0,"203":6,"204":0,"205":6,"206":6,"207":6,"208":6,"209":6,"210":6,"211":0,"212":0,"213":0,"214":6,"215":6,"216":13,"217":11,"218":11,"219":11,"220":6,"221":6,"222":0,"223":11,"224":13,"225":13,"226":13,"227":13,"228":13,"229":5,"230":1,"231":4,"232":4,"233":4,"234":4,"235":13,"236":6,"237":0,"238":6,"239":13,"240":5,"241":5,"242":5,"243":5,"244":5,"245":5,"246":4,"247":1,"248":1,"249":0,"250":1,"251":3,"252":3,"253":3,"254":3,"255":0,"256":3,"257":1,"258":1,"259":0,"260":0,"261":5,"262":5,"263":5,"264":5,"265":5,"266":0},"f":{"0":13,"1":30,"2":60,"3":60,"4":42,"5":0,"6":11,"7":10,"8":10,"9":30,"10":90,"11":6,"12":6,"13":12,"14":273,"15":6,"16":12,"17":84,"18":84,"19":63,"20":5,"21":5,"22":9,"23":11,"24":11,"25":5,"26":6,"27":5,"28":5},"b":{"0":[0],"1":[30,0],"2":[30,0],"3":[0],"4":[30,30,30],"5":[0],"6":[30,0],"7":[30,0],"8":[0],"9":[0],"10":[24],"11":[0],"12":[0],"13":[0],"14":[0],"15":[6],"16":[0],"17":[0,0],"18":[0],"19":[0,0],"20":[0],"21":[1,10],"22":[11,11],"23":[1],"24":[3,7],"25":[1],"26":[90,90],"27":[30,0],"28":[0],"29":[6,6,6,6],"30":[6],"31":[5,0],"32":[5,5],"33":[0,5],"34":[5,5],"35":[0,5],"36":[5,5],"37":[0,5],"38":[5,5],"39":[5,0],"40":[5,5],"41":[0,5],"42":[5,5],"43":[0],"44":[6],"45":[8],"46":[12,5],"47":[1],"48":[0,6],"49":[6,6],"50":[0,5],"51":[5,5],"52":[0,5],"53":[5,5],"54":[0,6],"55":[6,6],"56":[0,5],"57":[5,5],"58":[0,5],"59":[5,5],"60":[4,2],"61":[1,5],"62":[2,4],"63":[6,2],"64":[1,5],"65":[6,1],"66":[3],"67":[0],"68":[0],"69":[0],"70":[0],"71":[0],"72":[0],"73":[6,0],"74":[6,6],"75":[0,6],"76":[6,6],"77":[6],"78":[0,6],"79":[6,6],"80":[0,6],"81":[6,6],"82":[1],"83":[0],"84":[4,1],"85":[1],"86":[0,1],"87":[1,1],"88":[0,1],"89":[1,1],"90":[0,3],"91":[3,3],"92":[0,3],"93":[3,3],"94":[0,1],"95":[1,1],"96":[0,1],"97":[1,1],"98":[0,5],"99":[5,5],"100":[0,5],"101":[5,5]}}
,"/home/lars/PhpstormProjects/AmysEcho/app/test/fixtures/minimalMlpZipB64.ts": {"path":"/home/lars/PhpstormProjects/AmysEcho/app/test/fixtures/minimalMlpZipB64.ts","statementMap":{"0":{"start":{"line":1,"column":13},"end":{"line":2,"column":1121}}},"fnMap":{},"branchMap":{},"s":{"0":1},"f":{},"b":{}}
}
