{"/home/lars/PhpstormProjects/AmysEcho/app/src/context/ServicesContext.tsx": {"path":"/home/lars/PhpstormProjects/AmysEcho/app/src/context/ServicesContext.tsx","statementMap":{"0":{"start":{"line":1,"column":0},"end":{"line":1,"column":42}},"1":{"start":{"line":13,"column":13},"end":{"line":13,"column":74}},"2":{"start":{"line":15,"column":27},"end":{"line":21,"column":1}},"3":{"start":{"line":16,"column":18},"end":{"line":16,"column":45}},"4":{"start":{"line":17,"column":2},"end":{"line":19,"column":3}},"5":{"start":{"line":18,"column":4},"end":{"line":18,"column":78}},"6":{"start":{"line":20,"column":2},"end":{"line":20,"column":17}},"7":{"start":{"line":15,"column":13},"end":{"line":15,"column":27}}},"fnMap":{"0":{"name":"(anonymous_9)","decl":{"start":{"line":15,"column":27},"end":{"line":15,"column":30}},"loc":{"start":{"line":15,"column":32},"end":{"line":21,"column":1}}}},"branchMap":{"0":{"loc":{"start":{"line":17,"column":2},"end":{"line":19,"column":3}},"type":"if","locations":[{"start":{"line":17,"column":2},"end":{"line":19,"column":3}}]}},"s":{"0":1,"1":1,"2":1,"3":4,"4":3,"5":2,"6":1,"7":1},"f":{"0":4},"b":{"0":[2]}}
}
