{"total": {"lines":{"total":3246,"covered":2572,"skipped":0,"pct":79.23},"statements":{"total":3516,"covered":2744,"skipped":0,"pct":78.04},"functions":{"total":626,"covered":471,"skipped":0,"pct":75.23},"branches":{"total":1783,"covered":1180,"skipped":0,"pct":66.18},"branchesTrue":{"total":0,"covered":0,"skipped":0,"pct":100}}
,"/home/lars/PhpstormProjects/AmysEcho/app/db/models.ts": {"lines":{"total":100,"covered":93,"skipped":0,"pct":93},"functions":{"total":4,"covered":0,"skipped":0,"pct":0},"statements":{"total":101,"covered":93,"skipped":0,"pct":92.07},"branches":{"total":33,"covered":24,"skipped":0,"pct":72.72}}
,"/home/lars/PhpstormProjects/AmysEcho/app/db/schema.ts": {"lines":{"total":2,"covered":2,"skipped":0,"pct":100},"functions":{"total":0,"covered":0,"skipped":0,"pct":100},"statements":{"total":2,"covered":2,"skipped":0,"pct":100},"branches":{"total":0,"covered":0,"skipped":0,"pct":100}}
,"/home/lars/PhpstormProjects/AmysEcho/app/db/migrations/index.ts": {"lines":{"total":2,"covered":2,"skipped":0,"pct":100},"functions":{"total":0,"covered":0,"skipped":0,"pct":100},"statements":{"total":2,"covered":2,"skipped":0,"pct":100},"branches":{"total":0,"covered":0,"skipped":0,"pct":100}}
,"/home/lars/PhpstormProjects/AmysEcho/app/src/constants.ts": {"lines":{"total":19,"covered":18,"skipped":0,"pct":94.73},"functions":{"total":0,"covered":0,"skipped":0,"pct":100},"statements":{"total":19,"covered":18,"skipped":0,"pct":94.73},"branches":{"total":19,"covered":16,"skipped":0,"pct":84.21}}
,"/home/lars/PhpstormProjects/AmysEcho/app/src/model.ts": {"lines":{"total":19,"covered":19,"skipped":0,"pct":100},"functions":{"total":12,"covered":12,"skipped":0,"pct":100},"statements":{"total":26,"covered":25,"skipped":0,"pct":96.15},"branches":{"total":5,"covered":3,"skipped":0,"pct":60}}
,"/home/lars/PhpstormProjects/AmysEcho/app/src/storage.ts": {"lines":{"total":105,"covered":104,"skipped":0,"pct":99.04},"functions":{"total":32,"covered":32,"skipped":0,"pct":100},"statements":{"total":110,"covered":109,"skipped":0,"pct":99.09},"branches":{"total":17,"covered":17,"skipped":0,"pct":100}}
,"/home/lars/PhpstormProjects/AmysEcho/app/src/components/AccessibilityContext.tsx": {"lines":{"total":5,"covered":5,"skipped":0,"pct":100},"functions":{"total":2,"covered":1,"skipped":0,"pct":50},"statements":{"total":5,"covered":5,"skipped":0,"pct":100},"branches":{"total":0,"covered":0,"skipped":0,"pct":100}}
,"/home/lars/PhpstormProjects/AmysEcho/app/src/components/BottomNav.tsx": {"lines":{"total":33,"covered":30,"skipped":0,"pct":90.9},"functions":{"total":14,"covered":11,"skipped":0,"pct":78.57},"statements":{"total":33,"covered":30,"skipped":0,"pct":90.9},"branches":{"total":74,"covered":55,"skipped":0,"pct":74.32}}
,"/home/lars/PhpstormProjects/AmysEcho/app/src/components/Celebration.tsx": {"lines":{"total":17,"covered":17,"skipped":0,"pct":100},"functions":{"total":4,"covered":4,"skipped":0,"pct":100},"statements":{"total":17,"covered":17,"skipped":0,"pct":100},"branches":{"total":2,"covered":1,"skipped":0,"pct":50}}
,"/home/lars/PhpstormProjects/AmysEcho/app/src/components/ChildErrorBoundary.tsx": {"lines":{"total":23,"covered":23,"skipped":0,"pct":100},"functions":{"total":5,"covered":5,"skipped":0,"pct":100},"statements":{"total":23,"covered":23,"skipped":0,"pct":100},"branches":{"total":11,"covered":6,"skipped":0,"pct":54.54}}
,"/home/lars/PhpstormProjects/AmysEcho/app/src/components/DgsVideoPlayer.tsx": {"lines":{"total":38,"covered":35,"skipped":0,"pct":92.1},"functions":{"total":11,"covered":8,"skipped":0,"pct":72.72},"statements":{"total":44,"covered":36,"skipped":0,"pct":81.81},"branches":{"total":40,"covered":31,"skipped":0,"pct":77.5}}
,"/home/lars/PhpstormProjects/AmysEcho/app/src/components/ErrorMessage.tsx": {"lines":{"total":9,"covered":9,"skipped":0,"pct":100},"functions":{"total":1,"covered":1,"skipped":0,"pct":100},"statements":{"total":10,"covered":10,"skipped":0,"pct":100},"branches":{"total":3,"covered":2,"skipped":0,"pct":66.66}}
,"/home/lars/PhpstormProjects/AmysEcho/app/src/components/LoadingIndicator.tsx": {"lines":{"total":11,"covered":11,"skipped":0,"pct":100},"functions":{"total":1,"covered":1,"skipped":0,"pct":100},"statements":{"total":11,"covered":11,"skipped":0,"pct":100},"branches":{"total":10,"covered":10,"skipped":0,"pct":100}}
,"/home/lars/PhpstormProjects/AmysEcho/app/src/components/MediaPipeGestureDetector.tsx": {"lines":{"total":149,"covered":125,"skipped":0,"pct":83.89},"functions":{"total":20,"covered":18,"skipped":0,"pct":90},"statements":{"total":158,"covered":133,"skipped":0,"pct":84.17},"branches":{"total":144,"covered":100,"skipped":0,"pct":69.44}}
,"/home/lars/PhpstormProjects/AmysEcho/app/src/components/MoodSelector.tsx": {"lines":{"total":15,"covered":15,"skipped":0,"pct":100},"functions":{"total":3,"covered":3,"skipped":0,"pct":100},"statements":{"total":15,"covered":15,"skipped":0,"pct":100},"branches":{"total":30,"covered":30,"skipped":0,"pct":100}}
,"/home/lars/PhpstormProjects/AmysEcho/app/src/components/OfflineBanner.tsx": {"lines":{"total":11,"covered":11,"skipped":0,"pct":100},"functions":{"total":1,"covered":1,"skipped":0,"pct":100},"statements":{"total":12,"covered":12,"skipped":0,"pct":100},"branches":{"total":7,"covered":7,"skipped":0,"pct":100}}
,"/home/lars/PhpstormProjects/AmysEcho/app/src/components/SymbolButton.tsx": {"lines":{"total":13,"covered":13,"skipped":0,"pct":100},"functions":{"total":3,"covered":3,"skipped":0,"pct":100},"statements":{"total":14,"covered":14,"skipped":0,"pct":100},"branches":{"total":12,"covered":8,"skipped":0,"pct":66.66}}
,"/home/lars/PhpstormProjects/AmysEcho/app/src/constants/gesture.ts": {"lines":{"total":1,"covered":1,"skipped":0,"pct":100},"functions":{"total":0,"covered":0,"skipped":0,"pct":100},"statements":{"total":1,"covered":1,"skipped":0,"pct":100},"branches":{"total":0,"covered":0,"skipped":0,"pct":100}}
,"/home/lars/PhpstormProjects/AmysEcho/app/src/constants/ui.ts": {"lines":{"total":3,"covered":3,"skipped":0,"pct":100},"functions":{"total":0,"covered":0,"skipped":0,"pct":100},"statements":{"total":3,"covered":3,"skipped":0,"pct":100},"branches":{"total":0,"covered":0,"skipped":0,"pct":100}}
,"/home/lars/PhpstormProjects/AmysEcho/app/src/context/AppServicesProvider.tsx": {"lines":{"total":58,"covered":40,"skipped":0,"pct":68.96},"functions":{"total":18,"covered":5,"skipped":0,"pct":27.77},"statements":{"total":63,"covered":41,"skipped":0,"pct":65.07},"branches":{"total":12,"covered":5,"skipped":0,"pct":41.66}}
,"/home/lars/PhpstormProjects/AmysEcho/app/src/context/MessageContext.tsx": {"lines":{"total":30,"covered":29,"skipped":0,"pct":96.66},"functions":{"total":9,"covered":9,"skipped":0,"pct":100},"statements":{"total":32,"covered":31,"skipped":0,"pct":96.87},"branches":{"total":2,"covered":1,"skipped":0,"pct":50}}
,"/home/lars/PhpstormProjects/AmysEcho/app/src/context/MoodContext.tsx": {"lines":{"total":38,"covered":35,"skipped":0,"pct":92.1},"functions":{"total":7,"covered":6,"skipped":0,"pct":85.71},"statements":{"total":38,"covered":35,"skipped":0,"pct":92.1},"branches":{"total":17,"covered":15,"skipped":0,"pct":88.23}}
,"/home/lars/PhpstormProjects/AmysEcho/app/src/context/ServicesContext.tsx": {"lines":{"total":7,"covered":7,"skipped":0,"pct":100},"functions":{"total":1,"covered":1,"skipped":0,"pct":100},"statements":{"total":8,"covered":8,"skipped":0,"pct":100},"branches":{"total":1,"covered":1,"skipped":0,"pct":100}}
,"/home/lars/PhpstormProjects/AmysEcho/app/src/screens/CorrectionScreen.tsx": {"lines":{"total":21,"covered":21,"skipped":0,"pct":100},"functions":{"total":4,"covered":4,"skipped":0,"pct":100},"statements":{"total":22,"covered":22,"skipped":0,"pct":100},"branches":{"total":14,"covered":7,"skipped":0,"pct":50}}
,"/home/lars/PhpstormProjects/AmysEcho/app/src/screens/OnboardingScreen.tsx": {"lines":{"total":28,"covered":27,"skipped":0,"pct":96.42},"functions":{"total":6,"covered":5,"skipped":0,"pct":83.33},"statements":{"total":29,"covered":28,"skipped":0,"pct":96.55},"branches":{"total":22,"covered":12,"skipped":0,"pct":54.54}}
,"/home/lars/PhpstormProjects/AmysEcho/app/src/screens/PracticeScreen.tsx": {"lines":{"total":31,"covered":27,"skipped":0,"pct":87.09},"functions":{"total":11,"covered":6,"skipped":0,"pct":54.54},"statements":{"total":32,"covered":27,"skipped":0,"pct":84.37},"branches":{"total":17,"covered":9,"skipped":0,"pct":52.94}}
,"/home/lars/PhpstormProjects/AmysEcho/app/src/screens/ProgressScreen.tsx": {"lines":{"total":28,"covered":25,"skipped":0,"pct":89.28},"functions":{"total":9,"covered":6,"skipped":0,"pct":66.66},"statements":{"total":28,"covered":25,"skipped":0,"pct":89.28},"branches":{"total":13,"covered":8,"skipped":0,"pct":61.53}}
,"/home/lars/PhpstormProjects/AmysEcho/app/src/screens/RecognitionScreen.tsx": {"lines":{"total":335,"covered":233,"skipped":0,"pct":69.55},"functions":{"total":65,"covered":33,"skipped":0,"pct":50.76},"statements":{"total":352,"covered":242,"skipped":0,"pct":68.75},"branches":{"total":180,"covered":104,"skipped":0,"pct":57.77}}
,"/home/lars/PhpstormProjects/AmysEcho/app/src/screens/ScheduleScreen.tsx": {"lines":{"total":11,"covered":11,"skipped":0,"pct":100},"functions":{"total":3,"covered":3,"skipped":0,"pct":100},"statements":{"total":11,"covered":11,"skipped":0,"pct":100},"branches":{"total":0,"covered":0,"skipped":0,"pct":100}}
,"/home/lars/PhpstormProjects/AmysEcho/app/src/screens/TeachScreen.tsx": {"lines":{"total":11,"covered":11,"skipped":0,"pct":100},"functions":{"total":2,"covered":2,"skipped":0,"pct":100},"statements":{"total":11,"covered":11,"skipped":0,"pct":100},"branches":{"total":2,"covered":1,"skipped":0,"pct":50}}
,"/home/lars/PhpstormProjects/AmysEcho/app/src/screens/TeachingScreen.tsx": {"lines":{"total":108,"covered":47,"skipped":0,"pct":43.51},"functions":{"total":18,"covered":4,"skipped":0,"pct":22.22},"statements":{"total":115,"covered":47,"skipped":0,"pct":40.86},"branches":{"total":36,"covered":10,"skipped":0,"pct":27.77}}
,"/home/lars/PhpstormProjects/AmysEcho/app/src/screens/TrainingScreen.tsx": {"lines":{"total":109,"covered":91,"skipped":0,"pct":83.48},"functions":{"total":33,"covered":25,"skipped":0,"pct":75.75},"statements":{"total":124,"covered":101,"skipped":0,"pct":81.45},"branches":{"total":83,"covered":46,"skipped":0,"pct":55.42}}
,"/home/lars/PhpstormProjects/AmysEcho/app/src/services/APIRetryManager.ts": {"lines":{"total":15,"covered":15,"skipped":0,"pct":100},"functions":{"total":3,"covered":3,"skipped":0,"pct":100},"statements":{"total":17,"covered":17,"skipped":0,"pct":100},"branches":{"total":3,"covered":3,"skipped":0,"pct":100}}
,"/home/lars/PhpstormProjects/AmysEcho/app/src/services/LanguageManager.ts": {"lines":{"total":20,"covered":20,"skipped":0,"pct":100},"functions":{"total":11,"covered":11,"skipped":0,"pct":100},"statements":{"total":23,"covered":23,"skipped":0,"pct":100},"branches":{"total":10,"covered":9,"skipped":0,"pct":90}}
,"/home/lars/PhpstormProjects/AmysEcho/app/src/services/OneEuroFilter.ts": {"lines":{"total":31,"covered":21,"skipped":0,"pct":67.74},"functions":{"total":8,"covered":5,"skipped":0,"pct":62.5},"statements":{"total":31,"covered":21,"skipped":0,"pct":67.74},"branches":{"total":8,"covered":2,"skipped":0,"pct":25}}
,"/home/lars/PhpstormProjects/AmysEcho/app/src/services/TrainingDataValidator.ts": {"lines":{"total":43,"covered":34,"skipped":0,"pct":79.06},"functions":{"total":1,"covered":1,"skipped":0,"pct":100},"statements":{"total":45,"covered":36,"skipped":0,"pct":80},"branches":{"total":21,"covered":16,"skipped":0,"pct":76.19}}
,"/home/lars/PhpstormProjects/AmysEcho/app/src/services/analytics.ts": {"lines":{"total":41,"covered":34,"skipped":0,"pct":82.92},"functions":{"total":11,"covered":9,"skipped":0,"pct":81.81},"statements":{"total":47,"covered":40,"skipped":0,"pct":85.1},"branches":{"total":15,"covered":12,"skipped":0,"pct":80}}
,"/home/lars/PhpstormProjects/AmysEcho/app/src/services/audioService.ts": {"lines":{"total":181,"covered":92,"skipped":0,"pct":50.82},"functions":{"total":25,"covered":16,"skipped":0,"pct":64},"statements":{"total":186,"covered":96,"skipped":0,"pct":51.61},"branches":{"total":61,"covered":39,"skipped":0,"pct":63.93}}
,"/home/lars/PhpstormProjects/AmysEcho/app/src/services/backupService.ts": {"lines":{"total":90,"covered":66,"skipped":0,"pct":73.33},"functions":{"total":6,"covered":6,"skipped":0,"pct":100},"statements":{"total":90,"covered":66,"skipped":0,"pct":73.33},"branches":{"total":18,"covered":9,"skipped":0,"pct":50}}
,"/home/lars/PhpstormProjects/AmysEcho/app/src/services/correctionService.ts": {"lines":{"total":5,"covered":4,"skipped":0,"pct":80},"functions":{"total":2,"covered":1,"skipped":0,"pct":50},"statements":{"total":5,"covered":4,"skipped":0,"pct":80},"branches":{"total":0,"covered":0,"skipped":0,"pct":100}}
,"/home/lars/PhpstormProjects/AmysEcho/app/src/services/crashReporting.ts": {"lines":{"total":60,"covered":52,"skipped":0,"pct":86.66},"functions":{"total":8,"covered":7,"skipped":0,"pct":87.5},"statements":{"total":62,"covered":52,"skipped":0,"pct":83.87},"branches":{"total":51,"covered":38,"skipped":0,"pct":74.5}}
,"/home/lars/PhpstormProjects/AmysEcho/app/src/services/dailyJobs.ts": {"lines":{"total":31,"covered":29,"skipped":0,"pct":93.54},"functions":{"total":3,"covered":3,"skipped":0,"pct":100},"statements":{"total":31,"covered":29,"skipped":0,"pct":93.54},"branches":{"total":4,"covered":3,"skipped":0,"pct":75}}
,"/home/lars/PhpstormProjects/AmysEcho/app/src/services/dataProtection.ts": {"lines":{"total":40,"covered":32,"skipped":0,"pct":80},"functions":{"total":12,"covered":11,"skipped":0,"pct":91.66},"statements":{"total":42,"covered":33,"skipped":0,"pct":78.57},"branches":{"total":6,"covered":3,"skipped":0,"pct":50}}
,"/home/lars/PhpstormProjects/AmysEcho/app/src/services/dgsModelClient.ts": {"lines":{"total":66,"covered":45,"skipped":0,"pct":68.18},"functions":{"total":14,"covered":10,"skipped":0,"pct":71.42},"statements":{"total":79,"covered":49,"skipped":0,"pct":62.02},"branches":{"total":43,"covered":25,"skipped":0,"pct":58.13}}
,"/home/lars/PhpstormProjects/AmysEcho/app/src/services/dgsTrainingService.ts": {"lines":{"total":24,"covered":23,"skipped":0,"pct":95.83},"functions":{"total":3,"covered":2,"skipped":0,"pct":66.66},"statements":{"total":25,"covered":24,"skipped":0,"pct":96},"branches":{"total":37,"covered":28,"skipped":0,"pct":75.67}}
,"/home/lars/PhpstormProjects/AmysEcho/app/src/services/dialogEngine.ts": {"lines":{"total":52,"covered":8,"skipped":0,"pct":15.38},"functions":{"total":10,"covered":1,"skipped":0,"pct":10},"statements":{"total":55,"covered":8,"skipped":0,"pct":14.54},"branches":{"total":30,"covered":0,"skipped":0,"pct":0}}
,"/home/lars/PhpstormProjects/AmysEcho/app/src/services/engagementTracker.ts": {"lines":{"total":21,"covered":21,"skipped":0,"pct":100},"functions":{"total":3,"covered":3,"skipped":0,"pct":100},"statements":{"total":22,"covered":21,"skipped":0,"pct":95.45},"branches":{"total":11,"covered":6,"skipped":0,"pct":54.54}}
,"/home/lars/PhpstormProjects/AmysEcho/app/src/services/feedbackService.ts": {"lines":{"total":18,"covered":13,"skipped":0,"pct":72.22},"functions":{"total":6,"covered":5,"skipped":0,"pct":83.33},"statements":{"total":18,"covered":13,"skipped":0,"pct":72.22},"branches":{"total":0,"covered":0,"skipped":0,"pct":100}}
,"/home/lars/PhpstormProjects/AmysEcho/app/src/services/gdprService.ts": {"lines":{"total":20,"covered":16,"skipped":0,"pct":80},"functions":{"total":4,"covered":4,"skipped":0,"pct":100},"statements":{"total":21,"covered":16,"skipped":0,"pct":76.19},"branches":{"total":5,"covered":4,"skipped":0,"pct":80}}
,"/home/lars/PhpstormProjects/AmysEcho/app/src/services/gestureRecorder.ts": {"lines":{"total":13,"covered":13,"skipped":0,"pct":100},"functions":{"total":6,"covered":6,"skipped":0,"pct":100},"statements":{"total":18,"covered":18,"skipped":0,"pct":100},"branches":{"total":6,"covered":4,"skipped":0,"pct":66.66}}
,"/home/lars/PhpstormProjects/AmysEcho/app/src/services/gestureSuggester.ts": {"lines":{"total":80,"covered":5,"skipped":0,"pct":6.25},"functions":{"total":18,"covered":1,"skipped":0,"pct":5.55},"statements":{"total":89,"covered":5,"skipped":0,"pct":5.61},"branches":{"total":32,"covered":0,"skipped":0,"pct":0}}
,"/home/lars/PhpstormProjects/AmysEcho/app/src/services/handUtils.ts": {"lines":{"total":46,"covered":45,"skipped":0,"pct":97.82},"functions":{"total":12,"covered":12,"skipped":0,"pct":100},"statements":{"total":56,"covered":53,"skipped":0,"pct":94.64},"branches":{"total":94,"covered":87,"skipped":0,"pct":92.55}}
,"/home/lars/PhpstormProjects/AmysEcho/app/src/services/healthScore.ts": {"lines":{"total":66,"covered":60,"skipped":0,"pct":90.9},"functions":{"total":13,"covered":12,"skipped":0,"pct":92.3},"statements":{"total":71,"covered":65,"skipped":0,"pct":91.54},"branches":{"total":38,"covered":23,"skipped":0,"pct":60.52}}
,"/home/lars/PhpstormProjects/AmysEcho/app/src/services/hipEvents.ts": {"lines":{"total":14,"covered":12,"skipped":0,"pct":85.71},"functions":{"total":3,"covered":2,"skipped":0,"pct":66.66},"statements":{"total":14,"covered":12,"skipped":0,"pct":85.71},"branches":{"total":4,"covered":2,"skipped":0,"pct":50}}
,"/home/lars/PhpstormProjects/AmysEcho/app/src/services/index.ts": {"lines":{"total":16,"covered":16,"skipped":0,"pct":100},"functions":{"total":2,"covered":0,"skipped":0,"pct":0},"statements":{"total":18,"covered":18,"skipped":0,"pct":100},"branches":{"total":0,"covered":0,"skipped":0,"pct":100}}
,"/home/lars/PhpstormProjects/AmysEcho/app/src/services/landmarkNormalizer.ts": {"lines":{"total":22,"covered":22,"skipped":0,"pct":100},"functions":{"total":5,"covered":5,"skipped":0,"pct":100},"statements":{"total":25,"covered":25,"skipped":0,"pct":100},"branches":{"total":16,"covered":14,"skipped":0,"pct":87.5}}
,"/home/lars/PhpstormProjects/AmysEcho/app/src/services/localCentroids.ts": {"lines":{"total":43,"covered":43,"skipped":0,"pct":100},"functions":{"total":4,"covered":4,"skipped":0,"pct":100},"statements":{"total":54,"covered":50,"skipped":0,"pct":92.59},"branches":{"total":25,"covered":17,"skipped":0,"pct":68}}
,"/home/lars/PhpstormProjects/AmysEcho/app/src/services/modelUpdate.ts": {"lines":{"total":84,"covered":44,"skipped":0,"pct":52.38},"functions":{"total":5,"covered":2,"skipped":0,"pct":40},"statements":{"total":85,"covered":44,"skipped":0,"pct":51.76},"branches":{"total":30,"covered":14,"skipped":0,"pct":46.66}}
,"/home/lars/PhpstormProjects/AmysEcho/app/src/services/offlineClassifier.ts": {"lines":{"total":33,"covered":33,"skipped":0,"pct":100},"functions":{"total":3,"covered":3,"skipped":0,"pct":100},"statements":{"total":36,"covered":36,"skipped":0,"pct":100},"branches":{"total":12,"covered":10,"skipped":0,"pct":83.33}}
,"/home/lars/PhpstormProjects/AmysEcho/app/src/services/practiceRecommender.ts": {"lines":{"total":8,"covered":8,"skipped":0,"pct":100},"functions":{"total":1,"covered":1,"skipped":0,"pct":100},"statements":{"total":8,"covered":8,"skipped":0,"pct":100},"branches":{"total":1,"covered":1,"skipped":0,"pct":100}}
,"/home/lars/PhpstormProjects/AmysEcho/app/src/services/practiceScheduler.ts": {"lines":{"total":41,"covered":33,"skipped":0,"pct":80.48},"functions":{"total":9,"covered":5,"skipped":0,"pct":55.55},"statements":{"total":48,"covered":35,"skipped":0,"pct":72.91},"branches":{"total":16,"covered":11,"skipped":0,"pct":68.75}}
,"/home/lars/PhpstormProjects/AmysEcho/app/src/services/secureConfig.ts": {"lines":{"total":34,"covered":28,"skipped":0,"pct":82.35},"functions":{"total":8,"covered":6,"skipped":0,"pct":75},"statements":{"total":35,"covered":29,"skipped":0,"pct":82.85},"branches":{"total":11,"covered":6,"skipped":0,"pct":54.54}}
,"/home/lars/PhpstormProjects/AmysEcho/app/src/services/sequenceRecognizer.ts": {"lines":{"total":23,"covered":23,"skipped":0,"pct":100},"functions":{"total":7,"covered":7,"skipped":0,"pct":100},"statements":{"total":31,"covered":30,"skipped":0,"pct":96.77},"branches":{"total":10,"covered":9,"skipped":0,"pct":90}}
,"/home/lars/PhpstormProjects/AmysEcho/app/src/services/symbolService.ts": {"lines":{"total":44,"covered":43,"skipped":0,"pct":97.72},"functions":{"total":10,"covered":10,"skipped":0,"pct":100},"statements":{"total":47,"covered":46,"skipped":0,"pct":97.87},"branches":{"total":24,"covered":13,"skipped":0,"pct":54.16}}
,"/home/lars/PhpstormProjects/AmysEcho/app/src/services/syncService.ts": {"lines":{"total":88,"covered":77,"skipped":0,"pct":87.5},"functions":{"total":15,"covered":15,"skipped":0,"pct":100},"statements":{"total":94,"covered":83,"skipped":0,"pct":88.29},"branches":{"total":27,"covered":20,"skipped":0,"pct":74.07}}
,"/home/lars/PhpstormProjects/AmysEcho/app/src/services/trainingDataService.ts": {"lines":{"total":30,"covered":30,"skipped":0,"pct":100},"functions":{"total":13,"covered":13,"skipped":0,"pct":100},"statements":{"total":35,"covered":35,"skipped":0,"pct":100},"branches":{"total":18,"covered":18,"skipped":0,"pct":100}}
,"/home/lars/PhpstormProjects/AmysEcho/app/src/services/trainingSync.ts": {"lines":{"total":68,"covered":63,"skipped":0,"pct":92.64},"functions":{"total":5,"covered":4,"skipped":0,"pct":80},"statements":{"total":78,"covered":67,"skipped":0,"pct":85.89},"branches":{"total":73,"covered":48,"skipped":0,"pct":65.75}}
,"/home/lars/PhpstormProjects/AmysEcho/app/src/services/usageTracker.ts": {"lines":{"total":17,"covered":17,"skipped":0,"pct":100},"functions":{"total":2,"covered":2,"skipped":0,"pct":100},"statements":{"total":17,"covered":17,"skipped":0,"pct":100},"branches":{"total":7,"covered":6,"skipped":0,"pct":85.71}}
,"/home/lars/PhpstormProjects/AmysEcho/app/src/styles/touchTargets.ts": {"lines":{"total":4,"covered":4,"skipped":0,"pct":100},"functions":{"total":0,"covered":0,"skipped":0,"pct":100},"statements":{"total":4,"covered":4,"skipped":0,"pct":100},"branches":{"total":0,"covered":0,"skipped":0,"pct":100}}
,"/home/lars/PhpstormProjects/AmysEcho/app/src/telemetry/recorder.ts": {"lines":{"total":56,"covered":53,"skipped":0,"pct":94.64},"functions":{"total":18,"covered":17,"skipped":0,"pct":94.44},"statements":{"total":64,"covered":60,"skipped":0,"pct":93.75},"branches":{"total":12,"covered":11,"skipped":0,"pct":91.66}}
,"/home/lars/PhpstormProjects/AmysEcho/app/src/utils/landmarkMapping.ts": {"lines":{"total":21,"covered":21,"skipped":0,"pct":100},"functions":{"total":1,"covered":1,"skipped":0,"pct":100},"statements":{"total":25,"covered":24,"skipped":0,"pct":96},"branches":{"total":8,"covered":7,"skipped":0,"pct":87.5}}
,"/home/lars/PhpstormProjects/AmysEcho/app/src/utils/logger.ts": {"lines":{"total":20,"covered":20,"skipped":0,"pct":100},"functions":{"total":7,"covered":7,"skipped":0,"pct":100},"statements":{"total":20,"covered":20,"skipped":0,"pct":100},"branches":{"total":14,"covered":11,"skipped":0,"pct":78.57}}
,"/home/lars/PhpstormProjects/AmysEcho/app/src/utils/recognitionState.ts": {"lines":{"total":4,"covered":4,"skipped":0,"pct":100},"functions":{"total":1,"covered":1,"skipped":0,"pct":100},"statements":{"total":6,"covered":6,"skipped":0,"pct":100},"branches":{"total":2,"covered":2,"skipped":0,"pct":100}}
,"/home/lars/PhpstormProjects/AmysEcho/app/src/webview/installMlp.ts": {"lines":{"total":222,"covered":189,"skipped":0,"pct":85.13},"functions":{"total":29,"covered":28,"skipped":0,"pct":96.55},"statements":{"total":267,"covered":217,"skipped":0,"pct":81.27},"branches":{"total":174,"covered":120,"skipped":0,"pct":68.96}}
,"/home/lars/PhpstormProjects/AmysEcho/app/test/fixtures/minimalMlpZipB64.ts": {"lines":{"total":1,"covered":1,"skipped":0,"pct":100},"functions":{"total":0,"covered":0,"skipped":0,"pct":100},"statements":{"total":1,"covered":1,"skipped":0,"pct":100},"branches":{"total":0,"covered":0,"skipped":0,"pct":100}}
}
