TN:
SF:src/constants.ts
FNF:0
FNH:0
DA:3,1
DA:4,1
DA:5,1
DA:7,1
DA:9,1
DA:10,1
DA:11,1
DA:14,1
DA:15,1
DA:18,1
DA:22,1
DA:28,1
DA:31,1
DA:34,1
DA:40,1
DA:41,1
DA:43,0
DA:45,1
LF:18
LH:17
BRDA:3,0,0,1
BRDA:3,0,1,1
BRDA:4,1,0,1
BRDA:4,1,1,1
BRDA:16,2,0,1
BRDA:16,2,1,1
BRDA:19,3,0,1
BRDA:19,3,1,1
BRDA:23,4,0,1
BRDA:23,4,1,1
BRDA:34,5,0,1
BRDA:34,5,1,1
BRDA:35,6,0,0
BRDA:35,6,1,1
BRDA:40,7,0,1
BRDA:40,7,1,0
BRDA:41,8,0,0
BRDA:41,8,1,1
BRF:18
BRH:15
end_of_record
TN:
SF:src/model.ts
FN:81,setActiveVocabularySet
FN:82,(anonymous_1)
FN:87,getActiveVocabularySet
FN:88,(anonymous_3)
FN:91,getGesturesForVocabularySet
FN:92,(anonymous_5)
FN:95,(anonymous_6)
FN:98,addGesture
FN:99,(anonymous_8)
FN:106,initGestureModel
FN:109,(anonymous_10)
FNF:11
FNH:0
FNDA:0,setActiveVocabularySet
FNDA:0,(anonymous_1)
FNDA:0,getActiveVocabularySet
FNDA:0,(anonymous_3)
FNDA:0,getGesturesForVocabularySet
FNDA:0,(anonymous_5)
FNDA:0,(anonymous_6)
FNDA:0,addGesture
FNDA:0,(anonymous_8)
FNDA:0,initGestureModel
FNDA:0,(anonymous_10)
DA:20,0
DA:48,0
DA:79,0
DA:82,0
DA:83,0
DA:88,0
DA:92,0
DA:93,0
DA:95,0
DA:99,0
DA:100,0
DA:107,0
DA:108,0
DA:109,0
DA:111,0
LF:15
LH:0
BRDA:82,0,0,0
BRDA:82,0,1,0
BRDA:88,1,0,0
BRDA:88,1,1,0
BRDA:93,2,0,0
BRDA:93,2,1,0
BRDA:99,3,0,0
BRDA:99,3,1,0
BRF:8
BRH:0
end_of_record
TN:
SF:src/storage.ts
FN:35,loadProfiles
FN:40,mapDbProfile
FN:53,createProfile
FN:55,(anonymous_3)
FN:57,(anonymous_4)
FN:76,onActiveProfileChange
FN:78,(anonymous_6)
FN:83,setActiveProfileId
FN:85,(anonymous_8)
FN:94,loadActiveProfileId
FN:98,loadProfile
FN:109,genId
FN:113,logCorrection
FN:138,saveTrainingSample
FN:155,(anonymous_14)
FN:156,(anonymous_15)
FN:169,loadTrainingSampleCount
FN:174,(anonymous_17)
FN:177,saveOpenAIApiKey
FN:181,loadOpenAIApiKey
FN:186,saveBackendApiToken
FN:190,loadBackendApiToken
FN:197,saveCustomModelUri
FN:201,loadCustomModelUri
FN:205,saveCustomModelHash
FN:209,loadCustomModelHash
FN:221,saveCustomGesture
FN:224,(anonymous_27)
FN:230,loadCustomGestures
FNF:29
FNH:0
FNDA:0,loadProfiles
FNDA:0,mapDbProfile
FNDA:0,createProfile
FNDA:0,(anonymous_3)
FNDA:0,(anonymous_4)
FNDA:0,onActiveProfileChange
FNDA:0,(anonymous_6)
FNDA:0,setActiveProfileId
FNDA:0,(anonymous_8)
FNDA:0,loadActiveProfileId
FNDA:0,loadProfile
FNDA:0,genId
FNDA:0,logCorrection
FNDA:0,saveTrainingSample
FNDA:0,(anonymous_14)
FNDA:0,(anonymous_15)
FNDA:0,loadTrainingSampleCount
FNDA:0,(anonymous_17)
FNDA:0,saveOpenAIApiKey
FNDA:0,loadOpenAIApiKey
FNDA:0,saveBackendApiToken
FNDA:0,loadBackendApiToken
FNDA:0,saveCustomModelUri
FNDA:0,loadCustomModelUri
FNDA:0,saveCustomModelHash
FNDA:0,loadCustomModelHash
FNDA:0,saveCustomGesture
FNDA:0,(anonymous_27)
FNDA:0,loadCustomGestures
DA:18,0
DA:19,0
DA:20,0
DA:36,0
DA:37,0
DA:41,0
DA:55,0
DA:56,0
DA:57,0
DA:58,0
DA:59,0
DA:60,0
DA:61,0
DA:62,0
DA:63,0
DA:64,0
DA:65,0
DA:69,0
DA:70,0
DA:71,0
DA:74,0
DA:77,0
DA:78,0
DA:79,0
DA:84,0
DA:85,0
DA:86,0
DA:87,0
DA:89,0
DA:95,0
DA:99,0
DA:100,0
DA:101,0
DA:102,0
DA:103,0
DA:105,0
DA:110,0
DA:114,0
DA:115,0
DA:116,0
DA:123,0
DA:125,0
DA:126,0
DA:127,0
DA:135,0
DA:143,0
DA:144,0
DA:145,0
DA:152,0
DA:154,0
DA:155,0
DA:156,0
DA:157,0
DA:159,0
DA:160,0
DA:161,0
DA:162,0
DA:163,0
DA:164,0
DA:172,0
DA:173,0
DA:174,0
DA:178,0
DA:182,0
DA:185,0
DA:187,0
DA:191,0
DA:194,0
DA:195,0
DA:198,0
DA:202,0
DA:206,0
DA:210,0
DA:213,0
DA:222,0
DA:223,0
DA:224,0
DA:225,0
DA:226,0
DA:231,0
DA:232,0
LF:81
LH:0
BRDA:49,0,0,0
BRDA:49,0,1,0
BRDA:99,1,0,0
BRDA:99,1,1,0
BRDA:100,2,0,0
BRDA:100,2,1,0
BRDA:115,3,0,0
BRDA:115,3,1,0
BRDA:126,4,0,0
BRDA:126,4,1,0
BRDA:141,5,0,0
BRDA:144,6,0,0
BRDA:144,6,1,0
BRDA:173,7,0,0
BRDA:173,7,1,0
BRDA:223,8,0,0
BRDA:223,8,1,0
BRDA:224,9,0,0
BRDA:224,9,1,0
BRDA:232,10,0,0
BRDA:232,10,1,0
BRF:21
BRH:0
end_of_record
TN:
SF:src/components/AccessibilityContext.tsx
FN:15,(anonymous_0)
FN:20,useAccessibility
FNF:2
FNH:0
FNDA:0,(anonymous_0)
FNDA:0,useAccessibility
DA:12,0
DA:18,0
DA:21,0
LF:3
LH:0
BRF:0
BRH:0
end_of_record
TN:
SF:src/components/BottomNav.tsx
FN:18,BottomNav
FN:25,(anonymous_1)
FN:29,(anonymous_2)
FN:47,(anonymous_3)
FN:68,(anonymous_4)
FN:72,(anonymous_5)
FN:92,(anonymous_6)
FN:93,(anonymous_7)
FN:98,(anonymous_8)
FN:108,(anonymous_9)
FN:143,(anonymous_10)
FN:147,(anonymous_11)
FN:181,(anonymous_12)
FN:185,(anonymous_13)
FN:218,(anonymous_14)
FN:222,(anonymous_15)
FN:255,(anonymous_16)
FN:259,(anonymous_17)
FN:415,HandIcon
FN:436,BookIcon
FN:455,SettingsIcon
FN:474,CalendarIcon
FNF:22
FNH:0
FNDA:0,BottomNav
FNDA:0,(anonymous_1)
FNDA:0,(anonymous_2)
FNDA:0,(anonymous_3)
FNDA:0,(anonymous_4)
FNDA:0,(anonymous_5)
FNDA:0,(anonymous_6)
FNDA:0,(anonymous_7)
FNDA:0,(anonymous_8)
FNDA:0,(anonymous_9)
FNDA:0,(anonymous_10)
FNDA:0,(anonymous_11)
FNDA:0,(anonymous_12)
FNDA:0,(anonymous_13)
FNDA:0,(anonymous_14)
FNDA:0,(anonymous_15)
FNDA:0,(anonymous_16)
FNDA:0,(anonymous_17)
FNDA:0,HandIcon
FNDA:0,BookIcon
FNDA:0,SettingsIcon
FNDA:0,CalendarIcon
DA:19,0
DA:20,0
DA:21,0
DA:22,0
DA:23,0
DA:25,0
DA:27,0
DA:28,0
DA:29,0
DA:30,0
DA:32,0
DA:33,0
DA:38,0
DA:39,0
DA:42,0
DA:47,0
DA:48,0
DA:61,0
DA:63,0
DA:69,0
DA:70,0
DA:72,0
DA:92,0
DA:94,0
DA:99,0
DA:101,0
DA:102,0
DA:103,0
DA:104,0
DA:108,0
DA:144,0
DA:145,0
DA:147,0
DA:182,0
DA:183,0
DA:185,0
DA:219,0
DA:220,0
DA:222,0
DA:256,0
DA:257,0
DA:259,0
DA:296,0
DA:416,0
DA:437,0
DA:456,0
DA:475,0
LF:47
LH:0
BRDA:32,0,0,0
BRDA:32,0,1,0
BRDA:32,1,0,0
BRDA:32,1,1,0
BRDA:38,2,0,0
BRDA:38,2,1,0
BRDA:61,3,0,0
BRDA:61,3,1,0
BRDA:64,4,0,0
BRDA:64,4,1,0
BRDA:64,5,0,0
BRDA:64,5,1,0
BRDA:66,6,0,0
BRDA:66,6,1,0
BRDA:66,7,0,0
BRDA:66,7,1,0
BRDA:75,8,0,0
BRDA:75,8,1,0
BRDA:75,9,0,0
BRDA:75,9,1,0
BRDA:81,10,0,0
BRDA:81,10,1,0
BRDA:81,11,0,0
BRDA:81,11,1,0
BRDA:88,12,0,0
BRDA:88,12,1,0
BRDA:88,13,0,0
BRDA:88,13,1,0
BRDA:95,14,0,0
BRDA:95,14,1,0
BRDA:95,15,0,0
BRDA:95,15,1,0
BRDA:96,16,0,0
BRDA:96,16,1,0
BRDA:103,17,0,0
BRDA:103,17,1,0
BRDA:110,18,0,0
BRDA:110,18,1,0
BRDA:118,19,0,0
BRDA:118,19,1,0
BRDA:119,20,0,0
BRDA:119,20,1,0
BRDA:127,21,0,0
BRDA:127,21,1,0
BRDA:128,22,0,0
BRDA:128,22,1,0
BRDA:150,23,0,0
BRDA:150,23,1,0
BRDA:151,24,0,0
BRDA:151,24,1,0
BRDA:151,25,0,0
BRDA:151,25,1,0
BRDA:160,26,0,0
BRDA:160,26,1,0
BRDA:161,27,0,0
BRDA:161,27,1,0
BRDA:164,28,0,0
BRDA:164,28,1,0
BRDA:173,29,0,0
BRDA:173,29,1,0
BRDA:174,30,0,0
BRDA:174,30,1,0
BRDA:174,31,0,0
BRDA:174,31,1,0
BRDA:188,32,0,0
BRDA:188,32,1,0
BRDA:188,33,0,0
BRDA:188,33,1,0
BRDA:197,34,0,0
BRDA:197,34,1,0
BRDA:198,35,0,0
BRDA:198,35,1,0
BRDA:201,36,0,0
BRDA:201,36,1,0
BRDA:210,37,0,0
BRDA:210,37,1,0
BRDA:211,38,0,0
BRDA:211,38,1,0
BRDA:211,39,0,0
BRDA:211,39,1,0
BRDA:225,40,0,0
BRDA:225,40,1,0
BRDA:225,41,0,0
BRDA:225,41,1,0
BRDA:234,42,0,0
BRDA:234,42,1,0
BRDA:235,43,0,0
BRDA:235,43,1,0
BRDA:238,44,0,0
BRDA:238,44,1,0
BRDA:247,45,0,0
BRDA:247,45,1,0
BRDA:248,46,0,0
BRDA:248,46,1,0
BRDA:248,47,0,0
BRDA:248,47,1,0
BRDA:262,48,0,0
BRDA:262,48,1,0
BRDA:262,49,0,0
BRDA:262,49,1,0
BRDA:271,50,0,0
BRDA:271,50,1,0
BRDA:272,51,0,0
BRDA:272,51,1,0
BRDA:275,52,0,0
BRDA:275,52,1,0
BRDA:284,53,0,0
BRDA:284,53,1,0
BRDA:285,54,0,0
BRDA:285,54,1,0
BRDA:285,55,0,0
BRDA:285,55,1,0
BRF:112
BRH:0
end_of_record
TN:
SF:src/components/Celebration.tsx
FN:10,Celebration
FN:14,(anonymous_1)
FN:17,(anonymous_2)
FN:34,(anonymous_3)
FN:37,(anonymous_4)
FNF:5
FNH:0
FNDA:0,Celebration
FNDA:0,(anonymous_1)
FNDA:0,(anonymous_2)
FNDA:0,(anonymous_3)
FNDA:0,(anonymous_4)
DA:8,0
DA:11,0
DA:12,0
DA:13,0
DA:14,0
DA:16,0
DA:18,0
DA:34,0
DA:35,0
DA:37,0
DA:38,0
DA:42,0
DA:57,0
LF:13
LH:0
BRDA:49,0,0,0
BRDA:49,0,1,0
BRDA:50,1,0,0
BRDA:50,1,1,0
BRF:4
BRH:0
end_of_record
TN:
SF:src/components/ChildErrorBoundary.tsx
FN:22,(anonymous_0)
FN:26,(anonymous_1)
FN:31,(anonymous_2)
FN:35,(anonymous_3)
FNF:4
FNH:0
FNDA:0,(anonymous_0)
FNDA:0,(anonymous_1)
FNDA:0,(anonymous_2)
FNDA:0,(anonymous_3)
DA:17,0
DA:20,0
DA:23,0
DA:27,0
DA:28,0
DA:31,0
DA:32,0
DA:36,0
DA:37,0
DA:38,0
DA:39,0
DA:40,0
DA:41,0
DA:50,0
DA:54,0
LF:15
LH:0
BRDA:36,0,0,0
BRDA:36,0,1,0
BRDA:38,1,0,0
BRDA:38,1,1,0
BRDA:39,2,0,0
BRDA:39,2,1,0
BRDA:40,3,0,0
BRDA:40,3,1,0
BRDA:44,4,0,0
BRDA:44,4,1,0
BRDA:45,5,0,0
BRDA:45,5,1,0
BRF:12
BRH:0
end_of_record
TN:
SF:src/components/CommunicationInsights.tsx
FN:37,SimpleBarChart
FN:38,(anonymous_1)
FN:46,(anonymous_2)
FN:65,(anonymous_3)
FN:83,(anonymous_4)
FN:109,TrendIndicator
FN:137,CommunicationInsights
FN:288,(anonymous_7)
FN:309,(anonymous_8)
FNF:9
FNH:0
FNDA:0,SimpleBarChart
FNDA:0,(anonymous_1)
FNDA:0,(anonymous_2)
FNDA:0,(anonymous_3)
FNDA:0,(anonymous_4)
FNDA:0,TrendIndicator
FNDA:0,CommunicationInsights
FNDA:0,(anonymous_7)
FNDA:0,(anonymous_8)
DA:20,0
DA:26,0
DA:38,0
DA:39,0
DA:40,0
DA:41,0
DA:43,0
DA:47,0
DA:48,0
DA:49,0
DA:51,0
DA:66,0
DA:68,0
DA:84,0
DA:85,0
DA:86,0
DA:88,0
DA:89,0
DA:102,0
DA:110,0
DA:111,0
DA:112,0
DA:114,0
DA:116,0
DA:117,0
DA:118,0
DA:120,0
DA:121,0
DA:122,0
DA:124,0
DA:125,0
DA:126,0
DA:129,0
DA:138,0
DA:139,0
DA:140,0
DA:142,0
DA:251,0
DA:270,0
DA:289,0
DA:310,0
LF:41
LH:0
BRDA:88,0,0,0
BRDA:88,0,1,0
BRDA:114,1,0,0
BRDA:114,1,1,0
BRDA:114,1,2,0
BRDA:145,2,0,0
BRDA:145,2,1,0
BRDA:149,3,0,0
BRDA:149,3,1,0
BRDA:153,4,0,0
BRDA:153,4,1,0
BRDA:155,5,0,0
BRDA:155,5,1,0
BRDA:159,6,0,0
BRDA:159,6,1,0
BRDA:160,7,0,0
BRDA:160,7,1,0
BRDA:171,8,0,0
BRDA:171,8,1,0
BRDA:173,9,0,0
BRDA:173,9,1,0
BRDA:177,10,0,0
BRDA:177,10,1,0
BRDA:181,11,0,0
BRDA:181,11,1,0
BRDA:182,12,0,0
BRDA:182,12,1,0
BRDA:185,13,0,0
BRDA:185,13,1,0
BRDA:187,14,0,0
BRDA:187,14,1,0
BRDA:193,15,0,0
BRDA:193,15,1,0
BRDA:197,16,0,0
BRDA:197,16,1,0
BRDA:198,17,0,0
BRDA:198,17,1,0
BRDA:204,18,0,0
BRDA:204,18,1,0
BRDA:206,19,0,0
BRDA:206,19,1,0
BRDA:209,20,0,0
BRDA:209,20,1,0
BRDA:210,21,0,0
BRDA:210,21,1,0
BRDA:219,22,0,0
BRDA:219,22,1,0
BRDA:220,23,0,0
BRDA:220,23,1,0
BRDA:228,24,0,0
BRDA:228,24,1,0
BRDA:231,25,0,0
BRDA:231,25,1,0
BRDA:232,26,0,0
BRDA:232,26,1,0
BRDA:245,27,0,0
BRDA:245,27,1,0
BRDA:246,28,0,0
BRDA:246,28,1,0
BRDA:247,29,0,0
BRDA:247,29,1,0
BRF:61
BRH:0
end_of_record
TN:
SF:src/components/CorrectionPanel.tsx
FN:16,(anonymous_0)
FN:72,CorrectionPanel
FN:215,(anonymous_2)
FN:218,(anonymous_3)
FN:219,(anonymous_4)
FN:251,(anonymous_5)
FN:252,(anonymous_6)
FN:263,(anonymous_7)
FN:264,(anonymous_8)
FNF:9
FNH:0
FNDA:0,(anonymous_0)
FNDA:0,CorrectionPanel
FNDA:0,(anonymous_2)
FNDA:0,(anonymous_3)
FNDA:0,(anonymous_4)
FNDA:0,(anonymous_5)
FNDA:0,(anonymous_6)
FNDA:0,(anonymous_7)
FNDA:0,(anonymous_8)
DA:16,0
DA:17,0
DA:19,0
DA:21,0
DA:28,0
DA:34,0
DA:41,0
DA:49,0
DA:56,0
DA:63,0
DA:73,0
DA:75,0
DA:195,0
DA:216,0
DA:218,0
DA:220,0
DA:221,0
DA:251,0
DA:253,0
DA:254,0
DA:263,0
DA:265,0
DA:266,0
LF:23
LH:0
BRDA:19,0,0,0
BRDA:19,0,1,0
BRDA:19,0,2,0
BRDA:19,0,3,0
BRDA:19,0,4,0
BRDA:19,0,5,0
BRDA:19,0,6,0
BRDA:83,1,0,0
BRDA:83,1,1,0
BRDA:89,2,0,0
BRDA:89,2,1,0
BRDA:90,3,0,0
BRDA:90,3,1,0
BRDA:93,4,0,0
BRDA:93,4,1,0
BRDA:97,5,0,0
BRDA:97,5,1,0
BRDA:107,6,0,0
BRDA:107,6,1,0
BRDA:112,7,0,0
BRDA:112,7,1,0
BRDA:113,8,0,0
BRDA:113,8,1,0
BRDA:121,9,0,0
BRDA:121,9,1,0
BRDA:124,10,0,0
BRDA:124,10,1,0
BRDA:128,11,0,0
BRDA:128,11,1,0
BRDA:131,12,0,0
BRDA:131,12,1,0
BRDA:133,13,0,0
BRDA:133,13,1,0
BRDA:148,14,0,0
BRDA:148,14,1,0
BRDA:152,15,0,0
BRDA:152,15,1,0
BRDA:160,16,0,0
BRDA:160,16,1,0
BRDA:162,17,0,0
BRDA:162,17,1,0
BRDA:185,18,0,0
BRDA:185,18,1,0
BRDA:206,19,0,0
BRDA:206,19,1,0
BRDA:208,20,0,0
BRDA:208,20,1,0
BRDA:215,21,0,0
BRDA:215,21,1,0
BRDA:218,22,0,0
BRDA:218,22,1,0
BRDA:228,23,0,0
BRDA:228,23,1,0
BRDA:228,23,2,0
BRDA:235,24,0,0
BRDA:235,24,1,0
BRDA:235,24,2,0
BRDA:236,25,0,0
BRDA:236,25,1,0
BRDA:251,26,0,0
BRDA:251,26,1,0
BRDA:263,27,0,0
BRDA:263,27,1,0
BRF:63
BRH:0
end_of_record
TN:
SF:src/components/DailySuccessSummary.tsx
FN:30,(anonymous_0)
FN:90,DailySuccessSummary
FN:95,(anonymous_2)
FN:96,(anonymous_3)
FN:99,(anonymous_4)
FN:241,(anonymous_5)
FNF:6
FNH:0
FNDA:0,(anonymous_0)
FNDA:0,DailySuccessSummary
FNDA:0,(anonymous_2)
FNDA:0,(anonymous_3)
FNDA:0,(anonymous_4)
FNDA:0,(anonymous_5)
DA:20,0
DA:30,0
DA:31,0
DA:33,0
DA:35,0
DA:45,0
DA:51,0
DA:58,0
DA:66,0
DA:73,0
DA:80,0
DA:91,0
DA:92,0
DA:95,0
DA:96,0
DA:97,0
DA:99,0
DA:100,0
DA:103,0
DA:200,0
DA:242,0
LF:21
LH:0
BRDA:30,0,0,0
BRDA:33,1,0,0
BRDA:33,1,1,0
BRDA:33,1,2,0
BRDA:33,1,3,0
BRDA:33,1,4,0
BRDA:33,1,5,0
BRDA:33,1,6,0
BRDA:97,2,0,0
BRDA:97,2,1,0
BRDA:106,3,0,0
BRDA:106,3,1,0
BRDA:110,4,0,0
BRDA:110,4,1,0
BRDA:114,5,0,0
BRDA:114,5,1,0
BRDA:116,6,0,0
BRDA:116,6,1,0
BRDA:120,7,0,0
BRDA:120,7,1,0
BRDA:121,8,0,0
BRDA:121,8,1,0
BRDA:128,9,0,0
BRDA:128,9,1,0
BRDA:131,10,0,0
BRDA:131,10,1,0
BRDA:132,11,0,0
BRDA:132,11,1,0
BRDA:138,12,0,0
BRDA:138,12,1,0
BRDA:140,13,0,0
BRDA:140,13,1,0
BRDA:143,14,0,0
BRDA:143,14,1,0
BRDA:144,15,0,0
BRDA:144,15,1,0
BRDA:156,16,0,0
BRDA:156,16,1,0
BRDA:158,17,0,0
BRDA:158,17,1,0
BRDA:164,18,0,0
BRDA:164,18,1,0
BRDA:168,19,0,0
BRDA:168,19,1,0
BRDA:169,20,0,0
BRDA:169,20,1,0
BRDA:178,21,0,0
BRDA:178,21,1,0
BRDA:180,22,0,0
BRDA:180,22,1,0
BRDA:183,23,0,0
BRDA:183,23,1,0
BRDA:184,24,0,0
BRDA:184,24,1,0
BRDA:188,25,0,0
BRDA:188,25,1,0
BRDA:190,26,0,0
BRDA:190,26,1,0
BRDA:195,27,0,0
BRDA:195,27,1,0
BRDA:196,28,0,0
BRDA:196,28,1,0
BRDA:240,29,0,0
BRDA:240,29,1,0
BRF:64
BRH:0
end_of_record
TN:
SF:src/components/DgsVideoPlayer.tsx
FN:15,DgsVideoPlayer
FN:19,(anonymous_1)
FN:23,(anonymous_2)
FN:25,(anonymous_3)
FN:31,(anonymous_4)
FN:34,(anonymous_5)
FN:36,(anonymous_6)
FN:39,(anonymous_7)
FN:44,(anonymous_8)
FN:59,(anonymous_9)
FN:61,(anonymous_10)
FNF:11
FNH:0
FNDA:0,DgsVideoPlayer
FNDA:0,(anonymous_1)
FNDA:0,(anonymous_2)
FNDA:0,(anonymous_3)
FNDA:0,(anonymous_4)
FNDA:0,(anonymous_5)
FNDA:0,(anonymous_6)
FNDA:0,(anonymous_7)
FNDA:0,(anonymous_8)
FNDA:0,(anonymous_9)
FNDA:0,(anonymous_10)
DA:16,0
DA:17,0
DA:19,0
DA:20,0
DA:23,0
DA:24,0
DA:25,0
DA:26,0
DA:27,0
DA:31,0
DA:34,0
DA:35,0
DA:36,0
DA:37,0
DA:39,0
DA:42,0
DA:44,0
DA:45,0
DA:46,0
DA:47,0
DA:48,0
DA:49,0
DA:50,0
DA:51,0
DA:53,0
DA:54,0
DA:59,0
DA:60,0
DA:61,0
DA:64,0
DA:107,0
LF:31
LH:0
BRDA:24,0,0,0
BRDA:24,0,1,0
BRDA:26,1,0,0
BRDA:26,1,1,0
BRDA:35,2,0,0
BRDA:35,2,1,0
BRDA:45,3,0,0
BRDA:45,3,1,0
BRDA:46,4,0,0
BRDA:46,4,1,0
BRDA:46,4,2,0
BRDA:47,5,0,0
BRDA:47,5,1,0
BRDA:47,6,0,0
BRDA:47,6,1,0
BRDA:48,7,0,0
BRDA:48,7,1,0
BRDA:48,8,0,0
BRDA:48,8,1,0
BRDA:50,9,0,0
BRDA:50,9,1,0
BRDA:50,10,0,0
BRDA:50,10,1,0
BRDA:53,11,0,0
BRDA:53,11,1,0
BRDA:53,12,0,0
BRDA:53,12,1,0
BRDA:60,13,0,0
BRDA:60,13,1,0
BRDA:66,14,0,0
BRDA:66,14,1,0
BRDA:81,15,0,0
BRDA:81,15,1,0
BRDA:86,16,0,0
BRDA:86,16,1,0
BRDA:91,17,0,0
BRDA:91,17,1,0
BRDA:97,18,0,0
BRDA:97,18,1,0
BRF:39
BRH:0
end_of_record
TN:
SF:src/components/ErrorMessage.tsx
FN:10,ErrorMessage
FNF:1
FNH:0
FNDA:0,ErrorMessage
DA:11,0
DA:12,0
DA:13,0
DA:20,0
LF:4
LH:0
BRDA:12,0,0,0
BRDA:12,0,1,0
BRDA:15,1,0,0
BRDA:15,1,1,0
BRF:4
BRH:0
end_of_record
TN:
SF:src/components/GestureComparison.tsx
FN:28,GestureComparison
FN:37,(anonymous_1)
FN:41,(anonymous_2)
FN:46,(anonymous_3)
FN:103,(anonymous_4)
FN:120,(anonymous_5)
FNF:6
FNH:0
FNDA:0,GestureComparison
FNDA:0,(anonymous_1)
FNDA:0,(anonymous_2)
FNDA:0,(anonymous_3)
FNDA:0,(anonymous_4)
FNDA:0,(anonymous_5)
DA:34,0
DA:35,0
DA:37,0
DA:38,0
DA:41,0
DA:42,0
DA:43,0
DA:46,0
DA:47,0
DA:48,0
DA:51,0
DA:103,0
DA:120,0
DA:144,0
LF:14
LH:0
BRDA:52,0,0,0
BRDA:52,0,1,0
BRDA:53,1,0,0
BRDA:53,1,1,0
BRDA:54,2,0,0
BRDA:54,2,1,0
BRDA:54,3,0,0
BRDA:54,3,1,0
BRDA:58,4,0,0
BRDA:58,4,1,0
BRDA:58,5,0,0
BRDA:58,5,1,0
BRDA:64,6,0,0
BRDA:64,6,1,0
BRDA:65,7,0,0
BRDA:65,7,1,0
BRDA:65,8,0,0
BRDA:65,8,1,0
BRDA:69,9,0,0
BRDA:69,9,1,0
BRDA:69,10,0,0
BRDA:69,10,1,0
BRDA:72,11,0,0
BRDA:72,11,1,0
BRDA:72,12,0,0
BRDA:72,12,1,0
BRDA:76,13,0,0
BRDA:76,13,1,0
BRDA:76,14,0,0
BRDA:76,14,1,0
BRDA:82,15,0,0
BRDA:82,15,1,0
BRDA:83,16,0,0
BRDA:83,16,1,0
BRDA:83,17,0,0
BRDA:83,17,1,0
BRDA:87,18,0,0
BRDA:87,18,1,0
BRDA:87,19,0,0
BRDA:87,19,1,0
BRDA:90,20,0,0
BRDA:90,20,1,0
BRDA:90,21,0,0
BRDA:90,21,1,0
BRDA:94,22,0,0
BRDA:94,22,1,0
BRDA:94,23,0,0
BRDA:94,23,1,0
BRDA:107,24,0,0
BRDA:107,24,1,0
BRDA:107,25,0,0
BRDA:107,25,1,0
BRDA:113,26,0,0
BRDA:113,26,1,0
BRDA:113,27,0,0
BRDA:113,27,1,0
BRDA:124,28,0,0
BRDA:124,28,1,0
BRDA:124,29,0,0
BRDA:124,29,1,0
BRDA:130,30,0,0
BRDA:130,30,1,0
BRDA:130,31,0,0
BRDA:130,31,1,0
BRDA:136,32,0,0
BRDA:136,32,1,0
BRDA:136,33,0,0
BRDA:136,33,1,0
BRF:68
BRH:0
end_of_record
TN:
SF:src/components/LoadingIndicator.tsx
FN:11,LoadingIndicator
FNF:1
FNH:0
FNDA:0,LoadingIndicator
DA:15,0
DA:16,0
DA:17,0
DA:18,0
DA:19,0
DA:32,0
LF:6
LH:0
BRDA:12,0,0,0
BRDA:13,1,0,0
BRDA:16,2,0,0
BRDA:16,2,1,0
BRDA:17,3,0,0
BRDA:17,3,1,0
BRDA:20,4,0,0
BRDA:20,4,1,0
BRDA:27,5,0,0
BRDA:27,5,1,0
BRF:10
BRH:0
end_of_record
TN:
SF:src/components/MediaPipeGestureDetector.tsx
FN:55,(anonymous_0)
FN:75,(anonymous_1)
FN:102,(anonymous_2)
FN:112,(anonymous_3)
FN:113,(anonymous_4)
FN:113,(anonymous_5)
FN:117,(anonymous_6)
FN:124,(anonymous_7)
FN:125,(anonymous_8)
FN:127,(anonymous_9)
FN:148,(anonymous_10)
FN:154,(anonymous_11)
FN:156,(anonymous_12)
FN:213,(anonymous_13)
FN:328,(anonymous_14)
FN:332,(anonymous_15)
FN:336,(anonymous_16)
FN:341,(anonymous_17)
FN:346,(anonymous_18)
FNF:19
FNH:0
FNDA:0,(anonymous_0)
FNDA:0,(anonymous_1)
FNDA:0,(anonymous_2)
FNDA:0,(anonymous_3)
FNDA:0,(anonymous_4)
FNDA:0,(anonymous_5)
FNDA:0,(anonymous_6)
FNDA:0,(anonymous_7)
FNDA:0,(anonymous_8)
FNDA:0,(anonymous_9)
FNDA:0,(anonymous_10)
FNDA:0,(anonymous_11)
FNDA:0,(anonymous_12)
FNDA:0,(anonymous_13)
FNDA:0,(anonymous_14)
FNDA:0,(anonymous_15)
FNDA:0,(anonymous_16)
FNDA:0,(anonymous_17)
FNDA:0,(anonymous_18)
DA:47,0
DA:48,0
DA:50,0
DA:52,0
DA:55,0
DA:67,0
DA:68,0
DA:69,0
DA:70,0
DA:71,0
DA:72,0
DA:73,0
DA:75,0
DA:76,0
DA:77,0
DA:78,0
DA:79,0
DA:80,0
DA:81,0
DA:83,0
DA:84,0
DA:85,0
DA:86,0
DA:88,0
DA:89,0
DA:92,0
DA:93,0
DA:94,0
DA:98,0
DA:101,0
DA:102,0
DA:103,0
DA:104,0
DA:105,0
DA:106,0
DA:107,0
DA:112,0
DA:113,0
DA:114,0
DA:117,0
DA:118,0
DA:119,0
DA:120,0
DA:121,0
DA:122,0
DA:124,0
DA:125,0
DA:126,0
DA:127,0
DA:128,0
DA:129,0
DA:132,0
DA:133,0
DA:134,0
DA:135,0
DA:138,0
DA:139,0
DA:140,0
DA:141,0
DA:144,0
DA:147,0
DA:148,0
DA:149,0
DA:151,0
DA:154,0
DA:155,0
DA:156,0
DA:157,0
DA:158,0
DA:159,0
DA:161,0
DA:162,0
DA:166,0
DA:172,0
DA:174,0
DA:175,0
DA:184,0
DA:185,0
DA:186,0
DA:213,0
DA:214,0
DA:215,0
DA:217,0
DA:218,0
DA:220,0
DA:221,0
DA:222,0
DA:226,0
DA:227,0
DA:229,0
DA:231,0
DA:232,0
DA:233,0
DA:234,0
DA:235,0
DA:237,0
DA:238,0
DA:239,0
DA:241,0
DA:242,0
DA:243,0
DA:244,0
DA:245,0
DA:246,0
DA:248,0
DA:250,0
DA:251,0
DA:252,0
DA:253,0
DA:254,0
DA:255,0
DA:257,0
DA:259,0
DA:260,0
DA:261,0
DA:262,0
DA:268,0
DA:270,0
DA:271,0
DA:272,0
DA:273,0
DA:274,0
DA:275,0
DA:276,0
DA:278,0
DA:279,0
DA:280,0
DA:281,0
DA:284,0
DA:286,0
DA:287,0
DA:303,0
DA:307,0
DA:311,0
DA:329,0
DA:330,0
DA:333,0
DA:334,0
DA:337,0
DA:338,0
DA:342,0
DA:343,0
DA:344,0
DA:345,0
DA:346,0
DA:347,0
DA:349,0
DA:358,0
LF:148
LH:0
BRDA:62,0,0,0
BRDA:63,1,0,0
BRDA:76,2,0,0
BRDA:76,2,1,0
BRDA:76,3,0,0
BRDA:76,3,1,0
BRDA:76,3,2,0
BRDA:77,4,0,0
BRDA:77,4,1,0
BRDA:101,5,0,0
BRDA:101,5,1,0
BRDA:106,6,0,0
BRDA:106,6,1,0
BRDA:106,7,0,0
BRDA:106,7,1,0
BRDA:132,8,0,0
BRDA:132,8,1,0
BRDA:133,9,0,0
BRDA:133,9,1,0
BRDA:138,10,0,0
BRDA:138,10,1,0
BRDA:139,11,0,0
BRDA:139,11,1,0
BRDA:139,12,0,0
BRDA:139,12,1,0
BRDA:157,13,0,0
BRDA:157,13,1,0
BRDA:172,14,0,0
BRDA:172,14,1,0
BRDA:185,15,0,0
BRDA:185,15,1,0
BRDA:200,16,0,0
BRDA:200,16,1,0
BRDA:217,17,0,0
BRDA:217,17,1,0
BRDA:220,18,0,0
BRDA:220,18,1,0
BRDA:220,19,0,0
BRDA:220,19,1,0
BRDA:223,20,0,0
BRDA:223,20,1,0
BRDA:223,21,0,0
BRDA:223,21,1,0
BRDA:226,22,0,0
BRDA:226,22,1,0
BRDA:226,23,0,0
BRDA:226,23,1,0
BRDA:231,24,0,0
BRDA:231,24,1,0
BRDA:232,25,0,0
BRDA:232,25,1,0
BRDA:233,26,0,0
BRDA:233,26,1,0
BRDA:235,27,0,0
BRDA:235,27,1,0
BRDA:239,28,0,0
BRDA:239,28,1,0
BRDA:241,29,0,0
BRDA:241,29,1,0
BRDA:242,30,0,0
BRDA:242,30,1,0
BRDA:243,31,0,0
BRDA:243,31,1,0
BRDA:244,32,0,0
BRDA:244,32,1,0
BRDA:250,33,0,0
BRDA:250,33,1,0
BRDA:252,34,0,0
BRDA:252,34,1,0
BRDA:253,35,0,0
BRDA:253,35,1,0
BRDA:259,36,0,0
BRDA:259,36,1,0
BRDA:260,37,0,0
BRDA:260,37,1,0
BRDA:264,38,0,0
BRDA:264,38,1,0
BRDA:265,39,0,0
BRDA:265,39,1,0
BRDA:270,40,0,0
BRDA:270,40,1,0
BRDA:273,41,0,0
BRDA:273,41,1,0
BRDA:273,42,0,0
BRDA:273,42,1,0
BRDA:274,43,0,0
BRDA:274,43,1,0
BRDA:280,44,0,0
BRDA:280,44,1,0
BRDA:280,45,0,0
BRDA:280,45,1,0
BRDA:286,46,0,0
BRDA:286,46,1,0
BRDA:286,47,0,0
BRDA:286,47,1,0
BRDA:294,48,0,0
BRDA:294,48,1,0
BRDA:296,49,0,0
BRDA:296,49,1,0
BRDA:298,50,0,0
BRDA:298,50,1,0
BRDA:337,51,0,0
BRDA:337,51,1,0
BRDA:344,52,0,0
BRDA:344,52,1,0
BRDA:344,53,0,0
BRDA:344,53,1,0
BRF:107
BRH:0
end_of_record
TN:
SF:src/components/MoodSelector.tsx
FN:8,MoodSelector
FN:76,(anonymous_1)
FN:85,(anonymous_2)
FNF:3
FNH:0
FNDA:0,MoodSelector
FNDA:0,(anonymous_1)
FNDA:0,(anonymous_2)
DA:9,0
DA:10,0
DA:12,0
DA:18,0
DA:71,0
DA:77,0
DA:78,0
DA:85,0
LF:8
LH:0
BRDA:21,0,0,0
BRDA:21,0,1,0
BRDA:24,1,0,0
BRDA:24,1,1,0
BRDA:25,2,0,0
BRDA:25,2,1,0
BRDA:28,3,0,0
BRDA:28,3,1,0
BRDA:32,4,0,0
BRDA:32,4,1,0
BRDA:46,5,0,0
BRDA:46,5,1,0
BRDA:52,6,0,0
BRDA:52,6,1,0
BRDA:56,7,0,0
BRDA:56,7,1,0
BRDA:58,8,0,0
BRDA:58,8,1,0
BRDA:61,9,0,0
BRDA:61,9,1,0
BRDA:64,10,0,0
BRDA:64,10,1,0
BRDA:67,11,0,0
BRDA:67,11,1,0
BRDA:83,12,0,0
BRDA:83,12,1,0
BRDA:86,13,0,0
BRDA:86,13,1,0
BRDA:93,14,0,0
BRDA:93,14,1,0
BRF:30
BRH:0
end_of_record
TN:
SF:src/components/OfflineBanner.tsx
FN:11,OfflineBanner
FNF:1
FNH:0
FNDA:0,OfflineBanner
DA:12,0
DA:13,0
DA:14,0
DA:15,0
DA:35,0
LF:5
LH:0
BRDA:14,0,0,0
BRDA:14,0,1,0
BRDA:19,1,0,0
BRDA:19,1,1,0
BRDA:27,2,0,0
BRDA:27,2,1,0
BRDA:27,3,0,0
BRDA:27,3,1,0
BRF:8
BRH:0
end_of_record
TN:
SF:src/components/PrivacySettings.tsx
FN:12,PrivacySettings
FN:19,(anonymous_1)
FN:188,(anonymous_2)
FN:198,(anonymous_3)
FN:282,(anonymous_4)
FN:289,(anonymous_5)
FNF:6
FNH:0
FNDA:0,PrivacySettings
FNDA:0,(anonymous_1)
FNDA:0,(anonymous_2)
FNDA:0,(anonymous_3)
FNDA:0,(anonymous_4)
FNDA:0,(anonymous_5)
DA:13,0
DA:14,0
DA:15,0
DA:16,0
DA:17,0
DA:19,0
DA:21,0
DA:27,0
DA:188,0
DA:193,0
DA:198,0
DA:210,0
DA:283,0
DA:289,0
LF:14
LH:0
BRDA:30,0,0,0
BRDA:30,0,1,0
BRDA:34,1,0,0
BRDA:34,1,1,0
BRDA:38,2,0,0
BRDA:38,2,1,0
BRDA:40,3,0,0
BRDA:40,3,1,0
BRDA:44,4,0,0
BRDA:44,4,1,0
BRDA:45,5,0,0
BRDA:45,5,1,0
BRDA:56,6,0,0
BRDA:56,6,1,0
BRDA:58,7,0,0
BRDA:58,7,1,0
BRDA:62,8,0,0
BRDA:62,8,1,0
BRDA:66,9,0,0
BRDA:66,9,1,0
BRDA:67,10,0,0
BRDA:67,10,1,0
BRDA:76,11,0,0
BRDA:76,11,1,0
BRDA:78,12,0,0
BRDA:78,12,1,0
BRDA:82,13,0,0
BRDA:82,13,1,0
BRDA:83,14,0,0
BRDA:83,14,1,0
BRDA:98,15,0,0
BRDA:98,15,1,0
BRDA:101,16,0,0
BRDA:101,16,1,0
BRDA:107,17,0,0
BRDA:107,17,1,0
BRDA:116,18,0,0
BRDA:116,18,1,0
BRDA:123,19,0,0
BRDA:123,19,1,0
BRDA:124,20,0,0
BRDA:124,20,1,0
BRDA:142,21,0,0
BRDA:142,21,1,0
BRDA:145,22,0,0
BRDA:145,22,1,0
BRDA:146,23,0,0
BRDA:146,23,1,0
BRDA:149,24,0,0
BRDA:149,24,1,0
BRDA:150,25,0,0
BRDA:150,25,1,0
BRDA:153,26,0,0
BRDA:153,26,1,0
BRDA:156,27,0,0
BRDA:156,27,1,0
BRDA:163,28,0,0
BRDA:163,28,1,0
BRDA:165,29,0,0
BRDA:165,29,1,0
BRDA:168,30,0,0
BRDA:168,30,1,0
BRDA:172,31,0,0
BRDA:172,31,1,0
BRDA:173,32,0,0
BRDA:173,32,1,0
BRDA:176,33,0,0
BRDA:176,33,1,0
BRDA:178,34,0,0
BRDA:178,34,1,0
BRDA:182,35,0,0
BRDA:182,35,1,0
BRDA:183,36,0,0
BRDA:183,36,1,0
BRDA:184,37,0,0
BRDA:184,37,1,0
BRDA:188,38,0,0
BRDA:196,39,0,0
BRDA:196,39,1,0
BRDA:198,40,0,0
BRDA:198,40,1,0
BRDA:205,41,0,0
BRDA:205,41,1,0
BRDA:287,42,0,0
BRDA:287,42,1,0
BRDA:295,43,0,0
BRDA:295,43,1,0
BRF:87
BRH:0
end_of_record
TN:
SF:src/components/PulsingCircle.tsx
FN:18,PulsingCircle
FN:22,(anonymous_1)
FN:29,(anonymous_2)
FN:35,(anonymous_3)
FNF:4
FNH:0
FNDA:0,PulsingCircle
FNDA:0,(anonymous_1)
FNDA:0,(anonymous_2)
FNDA:0,(anonymous_3)
DA:19,0
DA:20,0
DA:22,0
DA:23,0
DA:24,0
DA:25,0
DA:26,0
DA:28,0
DA:29,0
DA:30,0
DA:35,0
DA:40,0
DA:41,0
DA:56,0
LF:14
LH:0
BRDA:18,0,0,0
BRDA:23,1,0,0
BRDA:23,1,1,0
BRDA:40,2,0,0
BRDA:40,2,1,0
BRF:5
BRH:0
end_of_record
TN:
SF:src/components/ScreenFlash.tsx
FN:14,ScreenFlash
FN:23,(anonymous_1)
FN:25,(anonymous_2)
FN:142,(anonymous_3)
FNF:4
FNH:0
FNDA:0,ScreenFlash
FNDA:0,(anonymous_1)
FNDA:0,(anonymous_2)
FNDA:0,(anonymous_3)
DA:5,0
DA:20,0
DA:21,0
DA:23,0
DA:24,0
DA:25,0
DA:26,0
DA:29,0
DA:41,0
DA:45,0
DA:71,0
DA:75,0
DA:110,0
DA:114,0
DA:144,0
DA:145,0
DA:147,0
DA:151,0
DA:154,0
DA:155,0
DA:159,0
DA:161,0
DA:177,0
LF:23
LH:0
BRDA:16,0,0,0
BRDA:17,1,0,0
BRDA:18,2,0,0
BRDA:24,3,0,0
BRDA:24,3,1,0
BRDA:26,4,0,0
BRDA:26,4,1,0
BRDA:26,4,2,0
BRDA:26,4,3,0
BRDA:159,5,0,0
BRDA:159,5,1,0
BRF:11
BRH:0
end_of_record
TN:
SF:src/components/SoundSelector.tsx
FN:29,SoundSelector
FN:33,(anonymous_1)
FN:43,(anonymous_2)
FN:69,(anonymous_3)
FN:72,(anonymous_4)
FN:73,(anonymous_5)
FNF:6
FNH:0
FNDA:0,SoundSelector
FNDA:0,(anonymous_1)
FNDA:0,(anonymous_2)
FNDA:0,(anonymous_3)
FNDA:0,(anonymous_4)
FNDA:0,(anonymous_5)
DA:21,0
DA:30,0
DA:31,0
DA:33,0
DA:34,0
DA:36,0
DA:39,0
DA:40,0
DA:43,0
DA:44,0
DA:45,0
DA:49,0
DA:54,0
DA:58,0
DA:70,0
DA:72,0
DA:73,0
DA:141,0
LF:18
LH:0
BRDA:59,0,0,0
BRDA:59,0,1,0
BRDA:60,1,0,0
BRDA:60,1,1,0
BRDA:60,2,0,0
BRDA:60,2,1,0
BRDA:64,3,0,0
BRDA:64,3,1,0
BRDA:64,4,0,0
BRDA:64,4,1,0
BRDA:76,5,0,0
BRDA:76,5,1,0
BRDA:77,6,0,0
BRDA:77,6,1,0
BRDA:78,7,0,0
BRDA:78,7,1,0
BRDA:78,7,2,0
BRDA:79,8,0,0
BRDA:79,8,1,0
BRDA:79,9,0,0
BRDA:79,9,1,0
BRDA:92,10,0,0
BRDA:92,10,1,0
BRDA:93,11,0,0
BRDA:93,11,1,0
BRDA:94,12,0,0
BRDA:94,12,1,0
BRDA:95,13,0,0
BRDA:95,13,1,0
BRDA:95,13,2,0
BRDA:102,14,0,0
BRDA:102,14,1,0
BRDA:103,15,0,0
BRDA:103,15,1,0
BRDA:104,16,0,0
BRDA:104,16,1,0
BRDA:105,17,0,0
BRDA:105,17,1,0
BRDA:105,17,2,0
BRDA:110,18,0,0
BRDA:110,18,1,0
BRDA:113,19,0,0
BRDA:113,19,1,0
BRDA:114,20,0,0
BRDA:114,20,1,0
BRDA:120,21,0,0
BRDA:120,21,1,0
BRDA:123,22,0,0
BRDA:123,22,1,0
BRDA:124,23,0,0
BRDA:124,23,1,0
BRDA:134,24,0,0
BRDA:134,24,1,0
BRDA:134,25,0,0
BRDA:134,25,1,0
BRF:55
BRH:0
end_of_record
TN:
SF:src/components/SymbolButton.tsx
FN:14,(anonymous_0)
FN:18,(anonymous_1)
FN:28,(anonymous_2)
FNF:3
FNH:0
FNDA:0,(anonymous_0)
FNDA:0,(anonymous_1)
FNDA:0,(anonymous_2)
DA:14,0
DA:15,0
DA:16,0
DA:18,0
DA:29,0
DA:30,0
DA:45,0
LF:7
LH:0
BRDA:21,0,0,0
BRDA:21,0,1,0
BRDA:22,1,0,0
BRDA:22,1,1,0
BRDA:26,2,0,0
BRDA:26,2,1,0
BRDA:26,3,0,0
BRDA:26,3,1,0
BRDA:36,4,0,0
BRDA:36,4,1,0
BRDA:36,5,0,0
BRDA:36,5,1,0
BRF:12
BRH:0
end_of_record
TN:
SF:src/components/ThemeSelector.tsx
FN:14,ThemeOption
FN:20,(anonymous_1)
FN:50,ThemeSelector
FN:54,(anonymous_3)
FN:73,(anonymous_4)
FN:78,(anonymous_5)
FNF:6
FNH:0
FNDA:0,ThemeOption
FNDA:0,(anonymous_1)
FNDA:0,ThemeSelector
FNDA:0,(anonymous_3)
FNDA:0,(anonymous_4)
FNDA:0,(anonymous_5)
DA:15,0
DA:17,0
DA:20,0
DA:51,0
DA:52,0
DA:54,0
DA:55,0
DA:58,0
DA:74,0
DA:78,0
DA:94,0
LF:11
LH:0
BRDA:22,0,0,0
BRDA:22,0,1,0
BRDA:23,1,0,0
BRDA:23,1,1,0
BRDA:24,2,0,0
BRDA:24,2,1,0
BRDA:36,3,0,0
BRDA:36,3,1,0
BRDA:37,4,0,0
BRDA:37,4,1,0
BRDA:41,5,0,0
BRDA:41,5,1,0
BRDA:42,6,0,0
BRDA:42,6,1,0
BRDA:62,7,0,0
BRDA:62,7,1,0
BRDA:63,8,0,0
BRDA:63,8,1,0
BRDA:85,9,0,0
BRDA:85,9,1,0
BRDA:86,10,0,0
BRDA:86,10,1,0
BRF:22
BRH:0
end_of_record
TN:
SF:src/components/VisualRipple.tsx
FN:12,VisualRipple
FN:21,(anonymous_1)
FN:42,(anonymous_2)
FNF:3
FNH:0
FNDA:0,VisualRipple
FNDA:0,(anonymous_1)
FNDA:0,(anonymous_2)
DA:18,0
DA:19,0
DA:21,0
DA:22,0
DA:24,0
DA:44,0
DA:45,0
DA:50,0
DA:52,0
DA:57,0
DA:62,0
DA:81,0
LF:12
LH:0
BRDA:14,0,0,0
BRDA:15,1,0,0
BRDA:16,2,0,0
BRDA:22,3,0,0
BRDA:22,3,1,0
BRDA:50,4,0,0
BRDA:50,4,1,0
BRF:7
BRH:0
end_of_record
TN:
SF:src/components/VisualSchedule.tsx
FN:38,(anonymous_0)
FN:100,VisualSchedule
FN:106,(anonymous_2)
FN:107,(anonymous_3)
FN:111,(anonymous_4)
FN:114,(anonymous_5)
FN:119,(anonymous_6)
FN:120,(anonymous_7)
FN:125,(anonymous_8)
FN:141,(anonymous_9)
FN:269,(anonymous_10)
FN:281,(anonymous_11)
FNF:12
FNH:0
FNDA:0,(anonymous_0)
FNDA:0,VisualSchedule
FNDA:0,(anonymous_2)
FNDA:0,(anonymous_3)
FNDA:0,(anonymous_4)
FNDA:0,(anonymous_5)
FNDA:0,(anonymous_6)
FNDA:0,(anonymous_7)
FNDA:0,(anonymous_8)
FNDA:0,(anonymous_9)
FNDA:0,(anonymous_10)
FNDA:0,(anonymous_11)
DA:28,0
DA:38,0
DA:39,0
DA:41,0
DA:43,0
DA:53,0
DA:59,0
DA:66,0
DA:74,0
DA:83,0
DA:90,0
DA:101,0
DA:102,0
DA:103,0
DA:106,0
DA:107,0
DA:108,0
DA:111,0
DA:114,0
DA:115,0
DA:116,0
DA:119,0
DA:120,0
DA:125,0
DA:126,0
DA:127,0
DA:128,0
DA:129,0
DA:132,0
DA:133,0
DA:134,0
DA:137,0
DA:140,0
DA:141,0
DA:142,0
DA:144,0
DA:256,0
DA:270,0
DA:271,0
DA:273,0
DA:281,0
LF:41
LH:0
BRDA:38,0,0,0
BRDA:41,1,0,0
BRDA:41,1,1,0
BRDA:41,1,2,0
BRDA:41,1,3,0
BRDA:41,1,4,0
BRDA:41,1,5,0
BRDA:41,1,6,0
BRDA:115,2,0,0
BRDA:115,2,1,0
BRDA:120,3,0,0
BRDA:120,3,1,0
BRDA:133,4,0,0
BRDA:133,4,1,0
BRDA:147,5,0,0
BRDA:147,5,1,0
BRDA:151,6,0,0
BRDA:151,6,1,0
BRDA:155,7,0,0
BRDA:155,7,1,0
BRDA:157,8,0,0
BRDA:157,8,1,0
BRDA:161,9,0,0
BRDA:161,9,1,0
BRDA:162,10,0,0
BRDA:162,10,1,0
BRDA:172,11,0,0
BRDA:172,11,1,0
BRDA:173,12,0,0
BRDA:173,12,1,0
BRDA:183,13,0,0
BRDA:183,13,1,0
BRDA:187,14,0,0
BRDA:187,14,1,0
BRDA:188,15,0,0
BRDA:188,15,1,0
BRDA:191,16,0,0
BRDA:191,16,1,0
BRDA:192,17,0,0
BRDA:192,17,1,0
BRDA:195,18,0,0
BRDA:195,18,1,0
BRDA:196,19,0,0
BRDA:196,19,1,0
BRDA:204,20,0,0
BRDA:204,20,1,0
BRDA:206,21,0,0
BRDA:206,21,1,0
BRDA:217,22,0,0
BRDA:217,22,1,0
BRDA:218,23,0,0
BRDA:218,23,1,0
BRDA:226,24,0,0
BRDA:226,24,1,0
BRDA:232,25,0,0
BRDA:232,25,1,0
BRDA:233,26,0,0
BRDA:233,26,1,0
BRDA:236,27,0,0
BRDA:236,27,1,0
BRDA:244,28,0,0
BRDA:244,28,1,0
BRDA:250,29,0,0
BRDA:250,29,1,0
BRDA:251,30,0,0
BRDA:251,30,1,0
BRDA:278,31,0,0
BRDA:278,31,1,0
BRDA:279,32,0,0
BRDA:279,32,1,0
BRDA:282,33,0,0
BRDA:282,33,1,0
BRDA:284,34,0,0
BRDA:284,34,1,0
BRDA:287,35,0,0
BRDA:287,35,1,0
BRDA:287,36,0,0
BRDA:287,36,1,0
BRDA:296,37,0,0
BRDA:296,37,1,0
BRDA:296,38,0,0
BRDA:296,38,1,0
BRDA:299,39,0,0
BRDA:299,39,1,0
BRDA:300,40,0,0
BRDA:300,40,1,0
BRDA:304,41,0,0
BRDA:304,41,1,0
BRF:88
BRH:0
end_of_record
TN:
SF:src/config/recognition.ts
FNF:0
FNH:0
DA:1,0
LF:1
LH:0
BRF:0
BRH:0
end_of_record
TN:
SF:src/constants/audioPaths.ts
FN:5,getCustomAudioPath
FNF:1
FNH:0
FNDA:0,getCustomAudioPath
DA:3,0
DA:6,0
LF:2
LH:0
BRF:0
BRH:0
end_of_record
TN:
SF:src/constants/gesture.ts
FNF:0
FNH:0
DA:2,0
LF:1
LH:0
BRF:0
BRH:0
end_of_record
TN:
SF:src/constants/hand.ts
FNF:0
FNH:0
DA:1,0
LF:1
LH:0
BRF:0
BRH:0
end_of_record
TN:
SF:src/constants/pawPatrolAssets.ts
FNF:0
FNH:0
DA:2,0
LF:1
LH:0
BRF:0
BRH:0
end_of_record
TN:
SF:src/constants/themes.ts
FNF:0
FNH:0
DA:47,0
DA:88,0
DA:129,0
DA:170,0
DA:211,0
DA:248,0
DA:256,0
LF:7
LH:0
BRF:0
BRH:0
end_of_record
TN:
SF:src/constants/ui.ts
FNF:0
FNH:0
DA:1,0
DA:23,0
DA:31,0
LF:3
LH:0
BRF:0
BRH:0
end_of_record
TN:
SF:src/context/AppServicesProvider.tsx
FN:23,(anonymous_0)
FN:27,(anonymous_1)
FN:30,runModelUpdate
FN:32,(anonymous_3)
FN:38,initializeServices
FN:58,(anonymous_5)
FN:61,(anonymous_6)
FN:62,(anonymous_7)
FN:64,(anonymous_8)
FN:68,(anonymous_9)
FN:71,(anonymous_10)
FN:73,(anonymous_11)
FN:74,(anonymous_12)
FN:75,(anonymous_13)
FN:76,(anonymous_14)
FN:79,(anonymous_15)
FN:80,(anonymous_16)
FN:84,(anonymous_17)
FN:111,(anonymous_18)
FN:117,(anonymous_19)
FNF:20
FNH:0
FNDA:0,(anonymous_0)
FNDA:0,(anonymous_1)
FNDA:0,runModelUpdate
FNDA:0,(anonymous_3)
FNDA:0,initializeServices
FNDA:0,(anonymous_5)
FNDA:0,(anonymous_6)
FNDA:0,(anonymous_7)
FNDA:0,(anonymous_8)
FNDA:0,(anonymous_9)
FNDA:0,(anonymous_10)
FNDA:0,(anonymous_11)
FNDA:0,(anonymous_12)
FNDA:0,(anonymous_13)
FNDA:0,(anonymous_14)
FNDA:0,(anonymous_15)
FNDA:0,(anonymous_16)
FNDA:0,(anonymous_17)
FNDA:0,(anonymous_18)
FNDA:0,(anonymous_19)
DA:4,0
DA:21,0
DA:23,0
DA:24,0
DA:25,0
DA:27,0
DA:31,0
DA:32,0
DA:33,0
DA:35,0
DA:39,0
DA:41,0
DA:42,0
DA:43,0
DA:44,0
DA:46,0
DA:47,0
DA:48,0
DA:49,0
DA:50,0
DA:53,0
DA:56,0
DA:57,0
DA:59,0
DA:60,0
DA:62,0
DA:65,0
DA:66,0
DA:73,0
DA:74,0
DA:75,0
DA:76,0
DA:79,0
DA:80,0
DA:81,0
DA:84,0
DA:85,0
DA:86,0
DA:87,0
DA:88,0
DA:89,0
DA:93,0
DA:95,0
DA:98,0
DA:100,0
DA:104,0
DA:105,0
DA:106,0
DA:110,0
DA:111,0
DA:112,0
DA:113,0
DA:114,0
DA:117,0
DA:122,0
DA:123,0
DA:126,0
LF:57
LH:0
BRDA:23,0,0,0
BRDA:33,1,0,0
BRDA:33,1,1,0
BRDA:44,2,0,0
BRDA:44,2,1,0
BRDA:48,3,0,0
BRDA:48,3,1,0
BRDA:59,4,0,0
BRDA:59,4,1,0
BRDA:87,5,0,0
BRDA:87,5,1,0
BRDA:112,6,0,0
BRDA:112,6,1,0
BRDA:113,7,0,0
BRDA:113,7,1,0
BRDA:122,8,0,0
BRDA:122,8,1,0
BRF:17
BRH:0
end_of_record
TN:
SF:src/context/MessageContext.tsx
FN:11,MessageProvider
FN:16,(anonymous_1)
FN:20,(anonymous_2)
FN:24,(anonymous_3)
FN:27,(anonymous_4)
FN:30,(anonymous_5)
FN:34,(anonymous_6)
FN:38,(anonymous_7)
FN:52,useMessage
FNF:9
FNH:0
FNDA:0,MessageProvider
FNDA:0,(anonymous_1)
FNDA:0,(anonymous_2)
FNDA:0,(anonymous_3)
FNDA:0,(anonymous_4)
FNDA:0,(anonymous_5)
FNDA:0,(anonymous_6)
FNDA:0,(anonymous_7)
FNDA:0,useMessage
DA:9,0
DA:12,0
DA:14,0
DA:16,0
DA:17,0
DA:20,0
DA:21,0
DA:22,0
DA:24,0
DA:25,0
DA:26,0
DA:27,0
DA:30,0
DA:31,0
DA:32,0
DA:34,0
DA:35,0
DA:36,0
DA:38,0
DA:39,0
DA:40,0
DA:44,0
DA:53,0
DA:54,0
DA:55,0
DA:57,0
LF:26
LH:0
BRDA:25,0,0,0
BRDA:25,0,1,0
BRDA:54,1,0,0
BRDA:54,1,1,0
BRF:4
BRH:0
end_of_record
TN:
SF:src/context/MoodContext.tsx
FN:65,MoodProvider
FN:69,(anonymous_1)
FN:86,(anonymous_2)
FN:92,(anonymous_3)
FN:105,(anonymous_4)
FN:133,useMood
FN:142,useMoodColors
FNF:7
FNH:0
FNDA:0,MoodProvider
FNDA:0,(anonymous_1)
FNDA:0,(anonymous_2)
FNDA:0,(anonymous_3)
FNDA:0,(anonymous_4)
FNDA:0,useMood
FNDA:0,useMoodColors
DA:25,0
DA:28,0
DA:66,0
DA:69,0
DA:70,0
DA:73,0
DA:74,0
DA:77,0
DA:78,0
DA:82,0
DA:86,0
DA:87,0
DA:90,0
DA:92,0
DA:93,0
DA:95,0
DA:97,0
DA:99,0
DA:101,0
DA:105,0
DA:106,0
DA:108,0
DA:110,0
DA:112,0
DA:114,0
DA:118,0
DA:126,0
DA:134,0
DA:135,0
DA:136,0
DA:138,0
DA:143,0
DA:144,0
LF:33
LH:0
BRDA:73,0,0,0
BRDA:73,0,1,0
BRDA:73,1,0,0
BRDA:73,1,1,0
BRDA:77,2,0,0
BRDA:77,2,1,0
BRDA:77,3,0,0
BRDA:77,3,1,0
BRDA:93,4,0,0
BRDA:93,4,1,0
BRDA:93,4,2,0
BRDA:93,4,3,0
BRDA:106,5,0,0
BRDA:106,5,1,0
BRDA:106,5,2,0
BRDA:106,5,3,0
BRDA:135,6,0,0
BRDA:135,6,1,0
BRF:18
BRH:0
end_of_record
TN:
SF:src/context/PerformanceContext.tsx
FN:10,(anonymous_0)
FN:13,(anonymous_1)
FN:14,(anonymous_2)
FN:24,(anonymous_3)
FNF:4
FNH:0
FNDA:0,(anonymous_0)
FNDA:0,(anonymous_1)
FNDA:0,(anonymous_2)
FNDA:0,(anonymous_3)
DA:8,0
DA:10,0
DA:11,0
DA:13,0
DA:14,0
DA:17,0
DA:24,0
DA:25,0
DA:26,0
DA:27,0
DA:29,0
LF:11
LH:0
BRDA:26,0,0,0
BRDA:26,0,1,0
BRF:2
BRH:0
end_of_record
TN:
SF:src/context/ServicesContext.tsx
FN:15,(anonymous_0)
FNF:1
FNH:0
FNDA:0,(anonymous_0)
DA:13,0
DA:15,0
DA:16,0
DA:17,0
DA:18,0
DA:20,0
LF:6
LH:0
BRDA:17,0,0,0
BRDA:17,0,1,0
BRF:2
BRH:0
end_of_record
TN:
SF:src/context/ThemeContext.tsx
FN:18,ThemeProvider
FN:22,(anonymous_1)
FN:26,(anonymous_2)
FN:30,(anonymous_3)
FN:41,(anonymous_4)
FN:64,useTheme
FNF:6
FNH:0
FNDA:0,ThemeProvider
FNDA:0,(anonymous_1)
FNDA:0,(anonymous_2)
FNDA:0,(anonymous_3)
FNDA:0,(anonymous_4)
FNDA:0,useTheme
DA:12,0
DA:19,0
DA:20,0
DA:22,0
DA:23,0
DA:26,0
DA:27,0
DA:30,0
DA:31,0
DA:32,0
DA:33,0
DA:34,0
DA:37,0
DA:41,0
DA:42,0
DA:43,0
DA:44,0
DA:46,0
DA:50,0
DA:57,0
DA:65,0
DA:66,0
DA:67,0
DA:69,0
LF:24
LH:0
BRDA:33,0,0,0
BRDA:33,0,1,0
BRDA:33,1,0,0
BRDA:33,1,1,0
BRDA:66,2,0,0
BRDA:66,2,1,0
BRF:6
BRH:0
end_of_record
TN:
SF:src/navigation/RootNavigator.tsx
FN:8,(anonymous_0)
FN:15,(anonymous_1)
FN:16,(anonymous_2)
FN:17,(anonymous_3)
FN:18,(anonymous_4)
FN:19,(anonymous_5)
FN:20,(anonymous_6)
FN:21,(anonymous_7)
FN:22,(anonymous_8)
FN:23,(anonymous_9)
FN:24,(anonymous_10)
FN:25,(anonymous_11)
FN:26,(anonymous_12)
FN:27,(anonymous_13)
FN:28,(anonymous_14)
FN:29,(anonymous_15)
FN:30,(anonymous_16)
FN:31,(anonymous_17)
FN:32,(anonymous_18)
FN:33,(anonymous_19)
FN:34,(anonymous_20)
FN:35,(anonymous_21)
FN:36,(anonymous_22)
FN:37,(anonymous_23)
FN:38,(anonymous_24)
FN:42,(anonymous_25)
FN:45,(anonymous_26)
FN:46,(anonymous_27)
FNF:28
FNH:0
FNDA:0,(anonymous_0)
FNDA:0,(anonymous_1)
FNDA:0,(anonymous_2)
FNDA:0,(anonymous_3)
FNDA:0,(anonymous_4)
FNDA:0,(anonymous_5)
FNDA:0,(anonymous_6)
FNDA:0,(anonymous_7)
FNDA:0,(anonymous_8)
FNDA:0,(anonymous_9)
FNDA:0,(anonymous_10)
FNDA:0,(anonymous_11)
FNDA:0,(anonymous_12)
FNDA:0,(anonymous_13)
FNDA:0,(anonymous_14)
FNDA:0,(anonymous_15)
FNDA:0,(anonymous_16)
FNDA:0,(anonymous_17)
FNDA:0,(anonymous_18)
FNDA:0,(anonymous_19)
FNDA:0,(anonymous_20)
FNDA:0,(anonymous_21)
FNDA:0,(anonymous_22)
FNDA:0,(anonymous_23)
FNDA:0,(anonymous_24)
FNDA:0,(anonymous_25)
FNDA:0,(anonymous_26)
FNDA:0,(anonymous_27)
DA:8,0
DA:11,0
DA:15,0
DA:16,0
DA:17,0
DA:18,0
DA:19,0
DA:20,0
DA:21,0
DA:22,0
DA:23,0
DA:24,0
DA:25,0
DA:26,0
DA:27,0
DA:28,0
DA:29,0
DA:30,0
DA:31,0
DA:32,0
DA:33,0
DA:34,0
DA:35,0
DA:36,0
DA:37,0
DA:38,0
DA:40,0
DA:42,0
DA:43,0
DA:45,0
DA:46,0
DA:47,0
DA:51,0
DA:53,0
LF:34
LH:0
BRDA:47,0,0,0
BRDA:47,0,1,0
BRDA:51,1,0,0
BRDA:51,1,1,0
BRF:4
BRH:0
end_of_record
TN:
SF:src/navigation/types.ts
FNF:0
FNH:0
LF:0
LH:0
BRF:0
BRH:0
end_of_record
TN:
SF:src/screens/AdminScreen.tsx
FN:35,AdminScreen
FN:51,(anonymous_1)
FN:57,(anonymous_2)
FN:60,(anonymous_3)
FN:64,(anonymous_4)
FN:67,(anonymous_5)
FN:80,(anonymous_6)
FN:89,(anonymous_7)
FN:98,(anonymous_8)
FN:115,(anonymous_9)
FN:118,(anonymous_10)
FN:124,(anonymous_11)
FN:144,(anonymous_12)
FN:148,(anonymous_13)
FN:152,(anonymous_14)
FN:156,(anonymous_15)
FN:171,(anonymous_16)
FN:190,(anonymous_17)
FN:192,(anonymous_18)
FN:209,(anonymous_19)
FN:213,(anonymous_20)
FN:216,(anonymous_21)
FN:218,(anonymous_22)
FN:224,(anonymous_23)
FN:249,(anonymous_24)
FN:262,(anonymous_25)
FN:275,(anonymous_26)
FN:288,(anonymous_27)
FN:308,(anonymous_28)
FN:326,(anonymous_29)
FN:331,(anonymous_30)
FN:332,(anonymous_31)
FN:354,(anonymous_32)
FN:355,(anonymous_33)
FN:360,(anonymous_34)
FN:365,(anonymous_35)
FN:438,(anonymous_36)
FN:443,(anonymous_37)
FN:448,(anonymous_38)
FN:453,(anonymous_39)
FN:456,(anonymous_40)
FN:469,(anonymous_41)
FN:515,(anonymous_42)
FNF:43
FNH:0
FNDA:0,AdminScreen
FNDA:0,(anonymous_1)
FNDA:0,(anonymous_2)
FNDA:0,(anonymous_3)
FNDA:0,(anonymous_4)
FNDA:0,(anonymous_5)
FNDA:0,(anonymous_6)
FNDA:0,(anonymous_7)
FNDA:0,(anonymous_8)
FNDA:0,(anonymous_9)
FNDA:0,(anonymous_10)
FNDA:0,(anonymous_11)
FNDA:0,(anonymous_12)
FNDA:0,(anonymous_13)
FNDA:0,(anonymous_14)
FNDA:0,(anonymous_15)
FNDA:0,(anonymous_16)
FNDA:0,(anonymous_17)
FNDA:0,(anonymous_18)
FNDA:0,(anonymous_19)
FNDA:0,(anonymous_20)
FNDA:0,(anonymous_21)
FNDA:0,(anonymous_22)
FNDA:0,(anonymous_23)
FNDA:0,(anonymous_24)
FNDA:0,(anonymous_25)
FNDA:0,(anonymous_26)
FNDA:0,(anonymous_27)
FNDA:0,(anonymous_28)
FNDA:0,(anonymous_29)
FNDA:0,(anonymous_30)
FNDA:0,(anonymous_31)
FNDA:0,(anonymous_32)
FNDA:0,(anonymous_33)
FNDA:0,(anonymous_34)
FNDA:0,(anonymous_35)
FNDA:0,(anonymous_36)
FNDA:0,(anonymous_37)
FNDA:0,(anonymous_38)
FNDA:0,(anonymous_39)
FNDA:0,(anonymous_40)
FNDA:0,(anonymous_41)
FNDA:0,(anonymous_42)
DA:33,0
DA:36,0
DA:37,0
DA:38,0
DA:39,0
DA:40,0
DA:41,0
DA:42,0
DA:43,0
DA:44,0
DA:45,0
DA:46,0
DA:47,0
DA:48,0
DA:49,0
DA:51,0
DA:52,0
DA:57,0
DA:58,0
DA:60,0
DA:61,0
DA:63,0
DA:64,0
DA:67,0
DA:68,0
DA:69,0
DA:70,0
DA:71,0
DA:73,0
DA:74,0
DA:76,0
DA:80,0
DA:81,0
DA:82,0
DA:83,0
DA:84,0
DA:85,0
DA:86,0
DA:89,0
DA:90,0
DA:91,0
DA:92,0
DA:93,0
DA:94,0
DA:95,0
DA:98,0
DA:99,0
DA:100,0
DA:102,0
DA:103,0
DA:104,0
DA:105,0
DA:106,0
DA:107,0
DA:108,0
DA:110,0
DA:115,0
DA:116,0
DA:117,0
DA:118,0
DA:119,0
DA:120,0
DA:121,0
DA:124,0
DA:125,0
DA:126,0
DA:127,0
DA:128,0
DA:129,0
DA:130,0
DA:131,0
DA:132,0
DA:133,0
DA:134,0
DA:135,0
DA:136,0
DA:137,0
DA:141,0
DA:144,0
DA:145,0
DA:148,0
DA:149,0
DA:152,0
DA:153,0
DA:154,0
DA:155,0
DA:156,0
DA:157,0
DA:158,0
DA:163,0
DA:164,0
DA:166,0
DA:167,0
DA:171,0
DA:172,0
DA:173,0
DA:174,0
DA:175,0
DA:177,0
DA:180,0
DA:181,0
DA:182,0
DA:184,0
DA:186,0
DA:190,0
DA:191,0
DA:192,0
DA:198,0
DA:202,0
DA:204,0
DA:205,0
DA:209,0
DA:210,0
DA:211,0
DA:212,0
DA:213,0
DA:214,0
DA:215,0
DA:216,0
DA:217,0
DA:218,0
DA:219,0
DA:220,0
DA:221,0
DA:224,0
DA:225,0
DA:226,0
DA:227,0
DA:228,0
DA:229,0
DA:230,0
DA:231,0
DA:232,0
DA:233,0
DA:234,0
DA:235,0
DA:236,0
DA:237,0
DA:242,0
DA:244,0
DA:245,0
DA:249,0
DA:250,0
DA:251,0
DA:252,0
DA:253,0
DA:255,0
DA:258,0
DA:262,0
DA:263,0
DA:264,0
DA:265,0
DA:266,0
DA:268,0
DA:271,0
DA:275,0
DA:276,0
DA:277,0
DA:278,0
DA:279,0
DA:281,0
DA:284,0
DA:288,0
DA:289,0
DA:290,0
DA:291,0
DA:292,0
DA:293,0
DA:295,0
DA:296,0
DA:297,0
DA:298,0
DA:300,0
DA:301,0
DA:302,0
DA:304,0
DA:308,0
DA:309,0
DA:310,0
DA:311,0
DA:312,0
DA:313,0
DA:315,0
DA:316,0
DA:317,0
DA:319,0
DA:322,0
DA:326,0
DA:327,0
DA:332,0
DA:333,0
DA:340,0
DA:349,0
DA:354,0
DA:356,0
DA:360,0
DA:365,0
DA:438,0
DA:443,0
DA:448,0
DA:453,0
DA:456,0
DA:470,0
DA:515,0
LF:204
LH:0
BRDA:33,0,0,0
BRDA:33,0,1,0
BRDA:58,1,0,0
BRDA:58,1,1,0
BRDA:61,2,0,0
BRDA:61,2,1,0
BRDA:93,3,0,0
BRDA:93,3,1,0
BRDA:99,4,0,0
BRDA:99,4,1,0
BRDA:102,5,0,0
BRDA:102,5,1,0
BRDA:102,6,0,0
BRDA:102,6,1,0
BRDA:104,7,0,0
BRDA:104,7,1,0
BRDA:117,8,0,0
BRDA:117,8,1,0
BRDA:120,9,0,0
BRDA:120,9,1,0
BRDA:125,10,0,0
BRDA:125,10,1,0
BRDA:127,11,0,0
BRDA:127,11,1,0
BRDA:157,12,0,0
BRDA:157,12,1,0
BRDA:161,13,0,0
BRDA:161,13,1,0
BRDA:167,14,0,0
BRDA:167,14,1,0
BRDA:172,15,0,0
BRDA:172,15,1,0
BRDA:182,16,0,0
BRDA:182,16,1,0
BRDA:196,17,0,0
BRDA:196,17,1,0
BRDA:205,18,0,0
BRDA:205,18,1,0
BRDA:217,19,0,0
BRDA:217,19,1,0
BRDA:220,20,0,0
BRDA:220,20,1,0
BRDA:221,21,0,0
BRDA:221,21,1,0
BRDA:227,22,0,0
BRDA:227,22,1,0
BRDA:236,23,0,0
BRDA:236,23,1,0
BRDA:245,24,0,0
BRDA:245,24,1,0
BRDA:252,25,0,0
BRDA:252,25,1,0
BRDA:258,26,0,0
BRDA:258,26,1,0
BRDA:265,27,0,0
BRDA:265,27,1,0
BRDA:271,28,0,0
BRDA:271,28,1,0
BRDA:278,29,0,0
BRDA:278,29,1,0
BRDA:284,30,0,0
BRDA:284,30,1,0
BRDA:291,31,0,0
BRDA:291,31,1,0
BRDA:296,32,0,0
BRDA:296,32,1,0
BRDA:300,33,0,0
BRDA:300,33,1,0
BRDA:304,34,0,0
BRDA:304,34,1,0
BRDA:311,35,0,0
BRDA:311,35,1,0
BRDA:316,36,0,0
BRDA:316,36,1,0
BRDA:322,37,0,0
BRDA:322,37,1,0
BRDA:461,38,0,0
BRDA:461,38,1,0
BRDA:465,39,0,0
BRDA:465,39,1,0
BRDA:477,40,0,0
BRDA:477,40,1,0
BRDA:509,41,0,0
BRDA:509,41,1,0
BRDA:513,42,0,0
BRDA:513,42,1,0
BRF:86
BRH:0
end_of_record
TN:
SF:src/screens/CaregiverReportScreen.tsx
FN:10,CaregiverReportScreen
FN:15,(anonymous_1)
FN:46,(anonymous_2)
FN:47,(anonymous_3)
FN:50,(anonymous_4)
FN:55,(anonymous_5)
FNF:6
FNH:0
FNDA:0,CaregiverReportScreen
FNDA:0,(anonymous_1)
FNDA:0,(anonymous_2)
FNDA:0,(anonymous_3)
FNDA:0,(anonymous_4)
FNDA:0,(anonymous_5)
DA:11,0
DA:12,0
DA:13,0
DA:15,0
DA:16,0
DA:19,0
DA:41,0
DA:46,0
DA:48,0
DA:50,0
DA:55,0
LF:11
LH:0
BRDA:23,0,0,0
BRDA:23,0,1,0
BRDA:26,1,0,0
BRDA:26,1,1,0
BRDA:28,2,0,0
BRDA:28,2,1,0
BRDA:36,3,0,0
BRDA:36,3,1,0
BRDA:37,4,0,0
BRDA:37,4,1,0
BRDA:56,5,0,0
BRDA:56,5,1,0
BRF:12
BRH:0
end_of_record
TN:
SF:src/screens/CommunicationInsightsScreen.tsx
FN:9,CommunicationInsightsScreen
FN:14,(anonymous_1)
FNF:2
FNH:0
FNDA:0,CommunicationInsightsScreen
FNDA:0,(anonymous_1)
DA:14,0
DA:15,0
DA:18,0
DA:26,0
LF:4
LH:0
BRF:0
BRH:0
end_of_record
TN:
SF:src/screens/CorrectionScreen.tsx
FN:15,CorrectionScreen
FN:20,(anonymous_1)
FN:26,(anonymous_2)
FN:52,(anonymous_3)
FN:53,(anonymous_4)
FN:65,(anonymous_5)
FN:66,(anonymous_6)
FN:67,(anonymous_7)
FN:82,(anonymous_8)
FN:90,(anonymous_9)
FN:97,(anonymous_10)
FN:223,(anonymous_11)
FN:225,(anonymous_12)
FN:228,(anonymous_13)
FNF:14
FNH:0
FNDA:0,CorrectionScreen
FNDA:0,(anonymous_1)
FNDA:0,(anonymous_2)
FNDA:0,(anonymous_3)
FNDA:0,(anonymous_4)
FNDA:0,(anonymous_5)
FNDA:0,(anonymous_6)
FNDA:0,(anonymous_7)
FNDA:0,(anonymous_8)
FNDA:0,(anonymous_9)
FNDA:0,(anonymous_10)
FNDA:0,(anonymous_11)
FNDA:0,(anonymous_12)
FNDA:0,(anonymous_13)
DA:16,0
DA:17,0
DA:18,0
DA:20,0
DA:21,0
DA:22,0
DA:26,0
DA:28,0
DA:29,0
DA:32,0
DA:51,0
DA:52,0
DA:53,0
DA:54,0
DA:55,0
DA:64,0
DA:65,0
DA:66,0
DA:67,0
DA:68,0
DA:69,0
DA:79,0
DA:82,0
DA:83,0
DA:84,0
DA:85,0
DA:86,0
DA:87,0
DA:90,0
DA:91,0
DA:92,0
DA:93,0
DA:94,0
DA:97,0
DA:98,0
DA:101,0
DA:206,0
DA:209,0
DA:223,0
DA:226,0
DA:228,0
LF:41
LH:0
BRDA:21,0,0,0
BRDA:21,0,1,0
BRDA:51,1,0,0
BRDA:51,1,1,0
BRDA:54,2,0,0
BRDA:54,2,1,0
BRDA:66,3,0,0
BRDA:66,3,1,0
BRDA:66,4,0,0
BRDA:66,4,1,0
BRDA:68,5,0,0
BRDA:68,5,1,0
BRDA:109,6,0,0
BRDA:109,6,1,0
BRDA:111,7,0,0
BRDA:111,7,1,0
BRDA:127,8,0,0
BRDA:127,8,1,0
BRDA:142,9,0,0
BRDA:142,9,1,0
BRDA:144,10,0,0
BRDA:144,10,1,0
BRDA:175,11,0,0
BRDA:175,11,1,0
BRDA:206,12,0,0
BRDA:206,12,1,0
BRDA:213,13,0,0
BRDA:213,13,1,0
BRDA:216,14,0,0
BRDA:216,14,1,0
BRDA:218,15,0,0
BRDA:218,15,1,0
BRDA:227,16,0,0
BRDA:227,16,1,0
BRDA:234,17,0,0
BRDA:234,17,1,0
BRDA:240,18,0,0
BRDA:240,18,1,0
BRDA:251,19,0,0
BRDA:251,19,1,0
BRDA:253,20,0,0
BRDA:253,20,1,0
BRDA:264,21,0,0
BRDA:264,21,1,0
BRF:44
BRH:0
end_of_record
TN:
SF:src/screens/DailySuccessScreen.tsx
FN:9,DailySuccessScreen
FN:14,(anonymous_1)
FNF:2
FNH:0
FNDA:0,DailySuccessScreen
FNDA:0,(anonymous_1)
DA:14,0
DA:15,0
DA:18,0
DA:26,0
LF:4
LH:0
BRF:0
BRH:0
end_of_record
TN:
SF:src/screens/DashboardScreen.tsx
FN:14,DashboardScreen
FN:21,(anonymous_1)
FN:22,(anonymous_2)
FN:28,(anonymous_3)
FN:96,(anonymous_4)
FN:105,(anonymous_5)
FNF:6
FNH:0
FNDA:0,DashboardScreen
FNDA:0,(anonymous_1)
FNDA:0,(anonymous_2)
FNDA:0,(anonymous_3)
FNDA:0,(anonymous_4)
FNDA:0,(anonymous_5)
DA:15,0
DA:16,0
DA:17,0
DA:18,0
DA:19,0
DA:21,0
DA:22,0
DA:23,0
DA:24,0
DA:26,0
DA:28,0
DA:29,0
DA:30,0
DA:34,0
DA:35,0
DA:40,0
DA:65,0
DA:96,0
DA:105,0
LF:19
LH:0
BRDA:34,0,0,0
BRDA:34,0,1,0
BRDA:35,1,0,0
BRDA:35,1,1,0
BRDA:45,2,0,0
BRDA:45,2,1,0
BRDA:48,3,0,0
BRDA:48,3,1,0
BRDA:50,4,0,0
BRDA:50,4,1,0
BRDA:68,5,0,0
BRDA:68,5,1,0
BRDA:84,6,0,0
BRDA:84,6,1,0
BRDA:88,7,0,0
BRDA:88,7,1,0
BRDA:93,8,0,0
BRDA:93,8,1,0
BRDA:93,8,2,0
BRDA:93,8,3,0
BRDA:108,9,0,0
BRDA:108,9,1,0
BRF:22
BRH:0
end_of_record
TN:
SF:src/screens/GesturePracticeScreen.tsx
FN:13,GesturePracticeScreen
FN:22,(anonymous_1)
FN:25,(anonymous_2)
FN:31,(anonymous_3)
FN:32,(anonymous_4)
FN:33,(anonymous_5)
FN:38,(anonymous_6)
FN:47,(anonymous_7)
FN:55,(anonymous_8)
FN:91,(anonymous_9)
FNF:10
FNH:0
FNDA:0,GesturePracticeScreen
FNDA:0,(anonymous_1)
FNDA:0,(anonymous_2)
FNDA:0,(anonymous_3)
FNDA:0,(anonymous_4)
FNDA:0,(anonymous_5)
FNDA:0,(anonymous_6)
FNDA:0,(anonymous_7)
FNDA:0,(anonymous_8)
FNDA:0,(anonymous_9)
DA:14,0
DA:15,0
DA:17,0
DA:18,0
DA:19,0
DA:20,0
DA:22,0
DA:23,0
DA:26,0
DA:27,0
DA:31,0
DA:32,0
DA:33,0
DA:36,0
DA:38,0
DA:39,0
DA:42,0
DA:43,0
DA:47,0
DA:48,0
DA:49,0
DA:50,0
DA:51,0
DA:55,0
DA:56,0
DA:57,0
DA:60,0
DA:91,0
DA:92,0
LF:29
LH:0
BRDA:39,0,0,0
BRDA:39,0,1,0
BRDA:43,1,0,0
BRDA:43,1,1,0
BRDA:50,2,0,0
BRDA:50,2,1,0
BRDA:50,3,0,0
BRDA:50,3,1,0
BRDA:73,4,0,0
BRDA:73,4,1,0
BRDA:76,5,0,0
BRDA:76,5,1,0
BRDA:86,6,0,0
BRDA:86,6,1,0
BRDA:95,7,0,0
BRDA:95,7,1,0
BRDA:97,8,0,0
BRDA:97,8,1,0
BRDA:106,9,0,0
BRDA:106,9,1,0
BRDA:108,10,0,0
BRDA:108,10,1,0
BRDA:118,11,0,0
BRDA:118,11,1,0
BRDA:131,12,0,0
BRDA:131,12,1,0
BRDA:135,13,0,0
BRDA:135,13,1,0
BRDA:136,14,0,0
BRDA:136,14,1,0
BRF:30
BRH:0
end_of_record
TN:
SF:src/screens/GestureTutorialScreen.tsx
FN:7,GestureTutorialScreen
FN:49,(anonymous_1)
FNF:2
FNH:0
FNDA:0,GestureTutorialScreen
FNDA:0,(anonymous_1)
DA:8,0
DA:10,0
DA:35,0
DA:39,0
DA:49,0
LF:5
LH:0
BRDA:19,0,0,0
BRDA:19,0,1,0
BRDA:22,1,0,0
BRDA:22,1,1,0
BRDA:25,2,0,0
BRDA:25,2,1,0
BRDA:28,3,0,0
BRDA:28,3,1,0
BRDA:35,4,0,0
BRDA:35,4,1,0
BRF:10
BRH:0
end_of_record
TN:
SF:src/screens/HelpScreen.tsx
FN:7,HelpScreen
FN:10,(anonymous_1)
FN:32,(anonymous_2)
FNF:3
FNH:0
FNDA:0,HelpScreen
FNDA:0,(anonymous_1)
FNDA:0,(anonymous_2)
DA:8,0
DA:10,0
DA:11,0
DA:14,0
DA:32,0
DA:38,0
LF:6
LH:0
BRDA:33,0,0,0
BRDA:33,0,1,0
BRF:2
BRH:0
end_of_record
TN:
SF:src/screens/OnboardingScreen.tsx
FN:21,OnboardingScreen
FN:30,(anonymous_1)
FN:145,(anonymous_2)
FN:149,(anonymous_3)
FN:164,(anonymous_4)
FNF:5
FNH:0
FNDA:0,OnboardingScreen
FNDA:0,(anonymous_1)
FNDA:0,(anonymous_2)
FNDA:0,(anonymous_3)
FNDA:0,(anonymous_4)
DA:22,0
DA:23,0
DA:24,0
DA:25,0
DA:26,0
DA:27,0
DA:28,0
DA:30,0
DA:31,0
DA:40,0
DA:45,0
DA:46,0
DA:47,0
DA:50,0
DA:86,0
DA:89,0
DA:146,0
DA:149,0
DA:164,0
LF:19
LH:0
BRDA:32,0,0,0
BRDA:32,0,1,0
BRDA:66,1,0,0
BRDA:66,1,1,0
BRDA:66,2,0,0
BRDA:66,2,1,0
BRDA:67,3,0,0
BRDA:67,3,1,0
BRDA:67,4,0,0
BRDA:67,4,1,0
BRDA:69,5,0,0
BRDA:69,5,1,0
BRDA:72,6,0,0
BRDA:72,6,1,0
BRDA:81,7,0,0
BRDA:81,7,1,0
BRDA:81,8,0,0
BRDA:81,8,1,0
BRDA:86,9,0,0
BRDA:86,9,1,0
BRDA:150,10,0,0
BRDA:150,10,1,0
BRF:22
BRH:0
end_of_record
TN:
SF:src/screens/ParentScreen.tsx
FN:7,ParentScreen
FN:36,(anonymous_1)
FN:50,(anonymous_2)
FN:55,(anonymous_3)
FN:60,(anonymous_4)
FN:65,(anonymous_5)
FN:70,(anonymous_6)
FN:75,(anonymous_7)
FN:80,(anonymous_8)
FN:85,(anonymous_9)
FN:90,(anonymous_10)
FN:95,(anonymous_11)
FN:100,(anonymous_12)
FN:103,(anonymous_13)
FNF:14
FNH:0
FNDA:0,ParentScreen
FNDA:0,(anonymous_1)
FNDA:0,(anonymous_2)
FNDA:0,(anonymous_3)
FNDA:0,(anonymous_4)
FNDA:0,(anonymous_5)
FNDA:0,(anonymous_6)
FNDA:0,(anonymous_7)
FNDA:0,(anonymous_8)
FNDA:0,(anonymous_9)
FNDA:0,(anonymous_10)
FNDA:0,(anonymous_11)
FNDA:0,(anonymous_12)
FNDA:0,(anonymous_13)
DA:8,0
DA:9,0
DA:10,0
DA:11,0
DA:13,0
DA:29,0
DA:36,0
DA:50,0
DA:55,0
DA:60,0
DA:65,0
DA:70,0
DA:75,0
DA:80,0
DA:85,0
DA:90,0
DA:95,0
DA:100,0
DA:103,0
LF:19
LH:0
BRDA:24,0,0,0
BRDA:24,0,1,0
BRDA:25,1,0,0
BRDA:25,1,1,0
BRF:4
BRH:0
end_of_record
TN:
SF:src/screens/ParentalGateScreen.tsx
FN:5,ParentalGateScreen
FN:11,(anonymous_1)
FN:18,(anonymous_2)
FN:47,(anonymous_3)
FNF:4
FNH:0
FNDA:0,ParentalGateScreen
FNDA:0,(anonymous_1)
FNDA:0,(anonymous_2)
FNDA:0,(anonymous_3)
DA:6,0
DA:7,0
DA:8,0
DA:9,0
DA:11,0
DA:12,0
DA:13,0
DA:14,0
DA:15,0
DA:18,0
DA:19,0
DA:20,0
DA:22,0
DA:23,0
DA:24,0
DA:25,0
DA:26,0
DA:30,0
DA:36,0
DA:47,0
LF:20
LH:0
BRDA:19,0,0,0
BRDA:19,0,1,0
BRF:2
BRH:0
end_of_record
TN:
SF:src/screens/PracticeSchedulerScreen.tsx
FN:10,PracticeSchedulerScreen
FN:22,(anonymous_1)
FN:26,(anonymous_2)
FN:58,(anonymous_3)
FN:59,(anonymous_4)
FN:60,(anonymous_5)
FN:70,(anonymous_6)
FN:84,(anonymous_7)
FN:85,(anonymous_8)
FN:87,(anonymous_9)
FN:88,(anonymous_10)
FN:89,(anonymous_11)
FN:105,(anonymous_12)
FN:106,(anonymous_13)
FN:111,(anonymous_14)
FN:115,(anonymous_15)
FN:116,(anonymous_16)
FN:123,(anonymous_17)
FNF:18
FNH:0
FNDA:0,PracticeSchedulerScreen
FNDA:0,(anonymous_1)
FNDA:0,(anonymous_2)
FNDA:0,(anonymous_3)
FNDA:0,(anonymous_4)
FNDA:0,(anonymous_5)
FNDA:0,(anonymous_6)
FNDA:0,(anonymous_7)
FNDA:0,(anonymous_8)
FNDA:0,(anonymous_9)
FNDA:0,(anonymous_10)
FNDA:0,(anonymous_11)
FNDA:0,(anonymous_12)
FNDA:0,(anonymous_13)
FNDA:0,(anonymous_14)
FNDA:0,(anonymous_15)
FNDA:0,(anonymous_16)
FNDA:0,(anonymous_17)
DA:11,0
DA:12,0
DA:13,0
DA:14,0
DA:15,0
DA:16,0
DA:17,0
DA:18,0
DA:20,0
DA:22,0
DA:23,0
DA:26,0
DA:27,0
DA:28,0
DA:31,0
DA:50,0
DA:58,0
DA:60,0
DA:71,0
DA:72,0
DA:73,0
DA:74,0
DA:75,0
DA:84,0
DA:86,0
DA:88,0
DA:89,0
DA:105,0
DA:107,0
DA:111,0
DA:115,0
DA:116,0
DA:123,0
LF:33
LH:0
BRDA:13,0,0,0
BRDA:13,0,1,0
BRDA:32,1,0,0
BRDA:32,1,1,0
BRDA:33,2,0,0
BRDA:33,2,1,0
BRDA:33,3,0,0
BRDA:33,3,1,0
BRDA:35,4,0,0
BRDA:35,4,1,0
BRDA:47,5,0,0
BRDA:47,5,1,0
BRDA:60,6,0,0
BRDA:60,6,1,0
BRDA:71,7,0,0
BRDA:71,7,1,0
BRDA:72,8,0,0
BRDA:72,8,1,0
BRDA:89,9,0,0
BRDA:89,9,1,0
BRDA:92,10,0,0
BRDA:92,10,1,0
BRDA:110,11,0,0
BRDA:110,11,1,0
BRDA:110,12,0,0
BRDA:110,12,1,0
BRDA:124,13,0,0
BRDA:124,13,1,0
BRF:28
BRH:0
end_of_record
TN:
SF:src/screens/PracticeScreen.tsx
FN:18,PracticeScreen
FN:24,(anonymous_1)
FN:27,(anonymous_2)
FN:30,(anonymous_3)
FN:43,(anonymous_4)
FN:49,(anonymous_5)
FN:64,(anonymous_6)
FN:66,(anonymous_7)
FN:68,(anonymous_8)
FN:72,(anonymous_9)
FN:84,(anonymous_10)
FNF:11
FNH:0
FNDA:0,PracticeScreen
FNDA:0,(anonymous_1)
FNDA:0,(anonymous_2)
FNDA:0,(anonymous_3)
FNDA:0,(anonymous_4)
FNDA:0,(anonymous_5)
FNDA:0,(anonymous_6)
FNDA:0,(anonymous_7)
FNDA:0,(anonymous_8)
FNDA:0,(anonymous_9)
FNDA:0,(anonymous_10)
DA:19,0
DA:20,0
DA:21,0
DA:22,0
DA:24,0
DA:25,0
DA:30,0
DA:31,0
DA:38,0
DA:39,0
DA:43,0
DA:44,0
DA:50,0
DA:51,0
DA:52,0
DA:58,0
DA:64,0
DA:66,0
DA:68,0
DA:72,0
DA:84,0
DA:85,0
LF:22
LH:0
BRDA:39,0,0,0
BRDA:39,0,1,0
BRDA:51,1,0,0
BRDA:51,1,1,0
BRDA:64,2,0,0
BRDA:64,2,1,0
BRDA:66,3,0,0
BRDA:66,3,1,0
BRDA:68,4,0,0
BRDA:68,4,1,0
BRDA:79,5,0,0
BRDA:79,5,1,0
BRDA:88,6,0,0
BRDA:88,6,1,0
BRDA:90,7,0,0
BRDA:90,7,1,0
BRDA:97,8,0,0
BRDA:97,8,1,0
BRF:18
BRH:0
end_of_record
TN:
SF:src/screens/PrivacySettingsScreen.tsx
FN:9,PrivacySettingsScreen
FN:14,(anonymous_1)
FNF:2
FNH:0
FNDA:0,PrivacySettingsScreen
FNDA:0,(anonymous_1)
DA:14,0
DA:15,0
DA:18,0
DA:26,0
LF:4
LH:0
BRF:0
BRH:0
end_of_record
TN:
SF:src/screens/ProfileManagerScreen.tsx
FN:15,ProfileManagerScreen
FN:25,(anonymous_1)
FN:32,(anonymous_2)
FN:43,(anonymous_3)
FN:54,(anonymous_4)
FN:56,(anonymous_5)
FN:70,(anonymous_6)
FN:89,(anonymous_7)
FN:108,(anonymous_8)
FN:116,(anonymous_9)
FN:131,(anonymous_10)
FN:154,(anonymous_11)
FN:164,(anonymous_12)
FN:176,(anonymous_13)
FN:184,(anonymous_14)
FN:185,(anonymous_15)
FN:189,(anonymous_16)
FN:294,(anonymous_17)
FN:312,(anonymous_18)
FN:316,(anonymous_19)
FN:335,(anonymous_20)
FN:336,(anonymous_21)
FN:341,(anonymous_22)
FN:346,(anonymous_23)
FN:354,(anonymous_24)
FNF:25
FNH:0
FNDA:0,ProfileManagerScreen
FNDA:0,(anonymous_1)
FNDA:0,(anonymous_2)
FNDA:0,(anonymous_3)
FNDA:0,(anonymous_4)
FNDA:0,(anonymous_5)
FNDA:0,(anonymous_6)
FNDA:0,(anonymous_7)
FNDA:0,(anonymous_8)
FNDA:0,(anonymous_9)
FNDA:0,(anonymous_10)
FNDA:0,(anonymous_11)
FNDA:0,(anonymous_12)
FNDA:0,(anonymous_13)
FNDA:0,(anonymous_14)
FNDA:0,(anonymous_15)
FNDA:0,(anonymous_16)
FNDA:0,(anonymous_17)
FNDA:0,(anonymous_18)
FNDA:0,(anonymous_19)
FNDA:0,(anonymous_20)
FNDA:0,(anonymous_21)
FNDA:0,(anonymous_22)
FNDA:0,(anonymous_23)
FNDA:0,(anonymous_24)
DA:16,0
DA:17,0
DA:18,0
DA:19,0
DA:20,0
DA:21,0
DA:22,0
DA:24,0
DA:26,0
DA:27,0
DA:28,0
DA:32,0
DA:33,0
DA:34,0
DA:35,0
DA:36,0
DA:39,0
DA:43,0
DA:44,0
DA:45,0
DA:46,0
DA:49,0
DA:50,0
DA:51,0
DA:52,0
DA:54,0
DA:55,0
DA:56,0
DA:57,0
DA:63,0
DA:65,0
DA:66,0
DA:70,0
DA:71,0
DA:72,0
DA:73,0
DA:76,0
DA:77,0
DA:80,0
DA:81,0
DA:82,0
DA:85,0
DA:89,0
DA:90,0
DA:92,0
DA:93,0
DA:94,0
DA:95,0
DA:97,0
DA:103,0
DA:104,0
DA:108,0
DA:109,0
DA:117,0
DA:118,0
DA:119,0
DA:120,0
DA:121,0
DA:123,0
DA:131,0
DA:132,0
DA:133,0
DA:134,0
DA:136,0
DA:137,0
DA:143,0
DA:150,0
DA:154,0
DA:155,0
DA:156,0
DA:157,0
DA:158,0
DA:160,0
DA:164,0
DA:165,0
DA:166,0
DA:167,0
DA:168,0
DA:173,0
DA:176,0
DA:177,0
DA:185,0
DA:186,0
DA:187,0
DA:189,0
DA:196,0
DA:249,0
DA:294,0
DA:313,0
DA:316,0
DA:335,0
DA:337,0
DA:341,0
DA:346,0
DA:354,0
LF:95
LH:0
BRDA:35,0,0,0
BRDA:35,0,1,0
BRDA:50,1,0,0
BRDA:50,1,1,0
BRDA:52,2,0,0
BRDA:52,2,1,0
BRDA:81,3,0,0
BRDA:81,3,1,0
BRDA:136,4,0,0
BRDA:136,4,1,0
BRDA:167,5,0,0
BRDA:167,5,1,0
BRDA:197,6,0,0
BRDA:197,6,1,0
BRDA:198,7,0,0
BRDA:198,7,1,0
BRDA:198,8,0,0
BRDA:198,8,1,0
BRDA:200,9,0,0
BRDA:200,9,1,0
BRDA:200,10,0,0
BRDA:200,10,1,0
BRDA:202,11,0,0
BRDA:202,11,1,0
BRDA:206,12,0,0
BRDA:206,12,1,0
BRDA:207,13,0,0
BRDA:207,13,1,0
BRDA:210,14,0,0
BRDA:210,14,1,0
BRDA:213,15,0,0
BRDA:213,15,1,0
BRDA:224,16,0,0
BRDA:224,16,1,0
BRDA:225,17,0,0
BRDA:225,17,1,0
BRDA:233,18,0,0
BRDA:233,18,1,0
BRDA:234,19,0,0
BRDA:234,19,1,0
BRDA:256,20,0,0
BRDA:256,20,1,0
BRDA:284,21,0,0
BRDA:284,21,1,0
BRDA:293,22,0,0
BRDA:293,22,1,0
BRDA:295,23,0,0
BRDA:295,23,1,0
BRDA:357,24,0,0
BRDA:357,24,1,0
BRF:50
BRH:0
end_of_record
TN:
SF:src/screens/ProfileSelectScreen.tsx
FN:6,ProfileSelectScreen
FN:8,(anonymous_1)
FN:28,(anonymous_2)
FN:34,(anonymous_3)
FN:41,(anonymous_4)
FN:46,(anonymous_5)
FN:51,(anonymous_6)
FNF:7
FNH:0
FNDA:0,ProfileSelectScreen
FNDA:0,(anonymous_1)
FNDA:0,(anonymous_2)
FNDA:0,(anonymous_3)
FNDA:0,(anonymous_4)
FNDA:0,(anonymous_5)
FNDA:0,(anonymous_6)
DA:7,0
DA:8,0
DA:9,0
DA:12,0
DA:22,0
DA:28,0
DA:34,0
DA:41,0
DA:46,0
DA:51,0
LF:10
LH:0
BRDA:28,0,0,0
BRDA:28,0,1,0
BRF:2
BRH:0
end_of_record
TN:
SF:src/screens/ProgressChartScreen.tsx
FN:8,ProgressChartScreen
FN:13,(anonymous_1)
FN:34,(anonymous_2)
FN:35,(anonymous_3)
FN:59,(anonymous_4)
FN:76,(anonymous_5)
FNF:6
FNH:0
FNDA:0,ProgressChartScreen
FNDA:0,(anonymous_1)
FNDA:0,(anonymous_2)
FNDA:0,(anonymous_3)
FNDA:0,(anonymous_4)
FNDA:0,(anonymous_5)
DA:9,0
DA:10,0
DA:11,0
DA:13,0
DA:14,0
DA:17,0
DA:30,0
DA:31,0
DA:32,0
DA:34,0
DA:35,0
DA:37,0
DA:60,0
DA:77,0
DA:78,0
DA:79,0
DA:80,0
LF:17
LH:0
BRDA:21,0,0,0
BRDA:21,0,1,0
BRDA:24,1,0,0
BRDA:24,1,1,0
BRDA:26,2,0,0
BRDA:26,2,1,0
BRDA:48,3,0,0
BRDA:48,3,1,0
BRDA:56,4,0,0
BRDA:56,4,1,0
BRDA:62,5,0,0
BRDA:62,5,1,0
BRDA:73,6,0,0
BRDA:73,6,1,0
BRDA:77,7,0,0
BRDA:77,7,1,0
BRF:16
BRH:0
end_of_record
TN:
SF:src/screens/ProgressScreen.tsx
FN:11,ProgressScreen
FN:18,(anonymous_1)
FN:19,(anonymous_2)
FN:29,(anonymous_3)
FN:30,(anonymous_4)
FN:72,(anonymous_5)
FN:73,(anonymous_6)
FN:76,(anonymous_7)
FN:82,(anonymous_8)
FNF:9
FNH:0
FNDA:0,ProgressScreen
FNDA:0,(anonymous_1)
FNDA:0,(anonymous_2)
FNDA:0,(anonymous_3)
FNDA:0,(anonymous_4)
FNDA:0,(anonymous_5)
FNDA:0,(anonymous_6)
FNDA:0,(anonymous_7)
FNDA:0,(anonymous_8)
DA:12,0
DA:13,0
DA:14,0
DA:15,0
DA:16,0
DA:18,0
DA:19,0
DA:20,0
DA:21,0
DA:22,0
DA:23,0
DA:28,0
DA:29,0
DA:30,0
DA:32,0
DA:59,0
DA:72,0
DA:74,0
DA:76,0
DA:82,0
LF:20
LH:0
BRDA:21,0,0,0
BRDA:21,0,1,0
BRDA:29,1,0,0
BRDA:29,1,1,0
BRDA:36,2,0,0
BRDA:36,2,1,0
BRDA:39,3,0,0
BRDA:39,3,1,0
BRDA:41,4,0,0
BRDA:41,4,1,0
BRDA:54,5,0,0
BRDA:54,5,1,0
BRDA:55,6,0,0
BRDA:55,6,1,0
BRDA:83,7,0,0
BRDA:83,7,1,0
BRF:16
BRH:0
end_of_record
TN:
SF:src/screens/RecognitionScreen.tsx
FN:65,RecognitionScreen
FN:126,(anonymous_1)
FN:130,(anonymous_2)
FN:132,(anonymous_3)
FN:145,(anonymous_4)
FN:147,(anonymous_5)
FN:151,(anonymous_6)
FN:154,(anonymous_7)
FN:156,(anonymous_8)
FN:158,(anonymous_9)
FN:160,(anonymous_10)
FN:170,(anonymous_11)
FN:187,(anonymous_12)
FN:192,(anonymous_13)
FN:196,(anonymous_14)
FN:246,(anonymous_15)
FN:279,(anonymous_16)
FN:287,(anonymous_17)
FN:324,(anonymous_18)
FN:389,(anonymous_19)
FN:416,(anonymous_20)
FN:453,(anonymous_21)
FN:491,(anonymous_22)
FN:529,(anonymous_23)
FN:534,(anonymous_24)
FN:541,(anonymous_25)
FN:544,(anonymous_26)
FN:546,(anonymous_27)
FN:571,(anonymous_28)
FN:572,(anonymous_29)
FN:579,(anonymous_30)
FN:596,(anonymous_31)
FN:635,(anonymous_32)
FN:659,(anonymous_33)
FN:679,(anonymous_34)
FN:687,(anonymous_35)
FN:690,(anonymous_36)
FN:705,(anonymous_37)
FN:709,(anonymous_38)
FN:719,(anonymous_39)
FN:774,(anonymous_40)
FN:784,(anonymous_41)
FN:819,(anonymous_42)
FN:823,(anonymous_43)
FN:825,(anonymous_44)
FN:846,(anonymous_45)
FN:859,(anonymous_46)
FN:869,(anonymous_47)
FN:877,(anonymous_48)
FN:883,(anonymous_49)
FN:899,(anonymous_50)
FN:936,(anonymous_51)
FN:944,(anonymous_52)
FN:951,(anonymous_53)
FN:960,(anonymous_54)
FN:961,(anonymous_55)
FN:964,(anonymous_56)
FN:967,(anonymous_57)
FN:973,(anonymous_58)
FN:988,(anonymous_59)
FN:994,(anonymous_60)
FN:999,(anonymous_61)
FN:1004,(anonymous_62)
FN:1010,(anonymous_63)
FN:1043,(anonymous_64)
FN:1058,(anonymous_65)
FN:1059,(anonymous_66)
FN:1061,(anonymous_67)
FN:1082,(anonymous_68)
FN:1089,(anonymous_69)
FN:1093,(anonymous_70)
FN:1105,(anonymous_71)
FN:1111,(anonymous_72)
FN:1117,(anonymous_73)
FN:1235,(anonymous_74)
FN:1238,(anonymous_75)
FN:1244,(anonymous_76)
FN:1322,(anonymous_77)
FN:1338,(anonymous_78)
FN:1344,(anonymous_79)
FN:1350,(anonymous_80)
FN:1371,(anonymous_81)
FN:1372,(anonymous_82)
FNF:83
FNH:0
FNDA:0,RecognitionScreen
FNDA:0,(anonymous_1)
FNDA:0,(anonymous_2)
FNDA:0,(anonymous_3)
FNDA:0,(anonymous_4)
FNDA:0,(anonymous_5)
FNDA:0,(anonymous_6)
FNDA:0,(anonymous_7)
FNDA:0,(anonymous_8)
FNDA:0,(anonymous_9)
FNDA:0,(anonymous_10)
FNDA:0,(anonymous_11)
FNDA:0,(anonymous_12)
FNDA:0,(anonymous_13)
FNDA:0,(anonymous_14)
FNDA:0,(anonymous_15)
FNDA:0,(anonymous_16)
FNDA:0,(anonymous_17)
FNDA:0,(anonymous_18)
FNDA:0,(anonymous_19)
FNDA:0,(anonymous_20)
FNDA:0,(anonymous_21)
FNDA:0,(anonymous_22)
FNDA:0,(anonymous_23)
FNDA:0,(anonymous_24)
FNDA:0,(anonymous_25)
FNDA:0,(anonymous_26)
FNDA:0,(anonymous_27)
FNDA:0,(anonymous_28)
FNDA:0,(anonymous_29)
FNDA:0,(anonymous_30)
FNDA:0,(anonymous_31)
FNDA:0,(anonymous_32)
FNDA:0,(anonymous_33)
FNDA:0,(anonymous_34)
FNDA:0,(anonymous_35)
FNDA:0,(anonymous_36)
FNDA:0,(anonymous_37)
FNDA:0,(anonymous_38)
FNDA:0,(anonymous_39)
FNDA:0,(anonymous_40)
FNDA:0,(anonymous_41)
FNDA:0,(anonymous_42)
FNDA:0,(anonymous_43)
FNDA:0,(anonymous_44)
FNDA:0,(anonymous_45)
FNDA:0,(anonymous_46)
FNDA:0,(anonymous_47)
FNDA:0,(anonymous_48)
FNDA:0,(anonymous_49)
FNDA:0,(anonymous_50)
FNDA:0,(anonymous_51)
FNDA:0,(anonymous_52)
FNDA:0,(anonymous_53)
FNDA:0,(anonymous_54)
FNDA:0,(anonymous_55)
FNDA:0,(anonymous_56)
FNDA:0,(anonymous_57)
FNDA:0,(anonymous_58)
FNDA:0,(anonymous_59)
FNDA:0,(anonymous_60)
FNDA:0,(anonymous_61)
FNDA:0,(anonymous_62)
FNDA:0,(anonymous_63)
FNDA:0,(anonymous_64)
FNDA:0,(anonymous_65)
FNDA:0,(anonymous_66)
FNDA:0,(anonymous_67)
FNDA:0,(anonymous_68)
FNDA:0,(anonymous_69)
FNDA:0,(anonymous_70)
FNDA:0,(anonymous_71)
FNDA:0,(anonymous_72)
FNDA:0,(anonymous_73)
FNDA:0,(anonymous_74)
FNDA:0,(anonymous_75)
FNDA:0,(anonymous_76)
FNDA:0,(anonymous_77)
FNDA:0,(anonymous_78)
FNDA:0,(anonymous_79)
FNDA:0,(anonymous_80)
FNDA:0,(anonymous_81)
FNDA:0,(anonymous_82)
DA:61,0
DA:62,0
DA:70,0
DA:71,0
DA:72,0
DA:73,0
DA:74,0
DA:75,0
DA:76,0
DA:77,0
DA:78,0
DA:82,0
DA:83,0
DA:84,0
DA:86,0
DA:87,0
DA:88,0
DA:89,0
DA:90,0
DA:91,0
DA:92,0
DA:93,0
DA:94,0
DA:95,0
DA:96,0
DA:97,0
DA:98,0
DA:99,0
DA:100,0
DA:101,0
DA:102,0
DA:103,0
DA:104,0
DA:105,0
DA:107,0
DA:108,0
DA:109,0
DA:110,0
DA:111,0
DA:114,0
DA:115,0
DA:116,0
DA:117,0
DA:118,0
DA:120,0
DA:121,0
DA:122,0
DA:123,0
DA:124,0
DA:126,0
DA:127,0
DA:130,0
DA:132,0
DA:133,0
DA:134,0
DA:135,0
DA:136,0
DA:139,0
DA:142,0
DA:145,0
DA:146,0
DA:148,0
DA:149,0
DA:151,0
DA:154,0
DA:155,0
DA:156,0
DA:157,0
DA:158,0
DA:160,0
DA:161,0
DA:162,0
DA:163,0
DA:168,0
DA:170,0
DA:171,0
DA:172,0
DA:179,0
DA:180,0
DA:187,0
DA:188,0
DA:189,0
DA:190,0
DA:192,0
DA:196,0
DA:197,0
DA:241,0
DA:246,0
DA:247,0
DA:276,0
DA:279,0
DA:285,0
DA:287,0
DA:288,0
DA:289,0
DA:291,0
DA:292,0
DA:295,0
DA:296,0
DA:298,0
DA:301,0
DA:303,0
DA:305,0
DA:309,0
DA:310,0
DA:313,0
DA:314,0
DA:324,0
DA:325,0
DA:385,0
DA:389,0
DA:390,0
DA:413,0
DA:416,0
DA:421,0
DA:424,0
DA:425,0
DA:427,0
DA:428,0
DA:430,0
DA:431,0
DA:433,0
DA:434,0
DA:436,0
DA:437,0
DA:439,0
DA:440,0
DA:442,0
DA:443,0
DA:445,0
DA:446,0
DA:448,0
DA:449,0
DA:452,0
DA:453,0
DA:454,0
DA:455,0
DA:460,0
DA:461,0
DA:464,0
DA:465,0
DA:466,0
DA:468,0
DA:470,0
DA:473,0
DA:474,0
DA:475,0
DA:477,0
DA:479,0
DA:482,0
DA:483,0
DA:484,0
DA:486,0
DA:487,0
DA:490,0
DA:491,0
DA:493,0
DA:498,0
DA:500,0
DA:503,0
DA:504,0
DA:505,0
DA:508,0
DA:509,0
DA:512,0
DA:513,0
DA:516,0
DA:517,0
DA:520,0
DA:521,0
DA:524,0
DA:525,0
DA:529,0
DA:531,0
DA:535,0
DA:537,0
DA:541,0
DA:544,0
DA:546,0
DA:547,0
DA:548,0
DA:549,0
DA:551,0
DA:552,0
DA:553,0
DA:555,0
DA:559,0
DA:560,0
DA:561,0
DA:564,0
DA:568,0
DA:571,0
DA:572,0
DA:573,0
DA:574,0
DA:579,0
DA:587,0
DA:588,0
DA:589,0
DA:591,0
DA:592,0
DA:595,0
DA:596,0
DA:597,0
DA:598,0
DA:601,0
DA:608,0
DA:613,0
DA:614,0
DA:615,0
DA:619,0
DA:620,0
DA:622,0
DA:625,0
DA:628,0
DA:634,0
DA:635,0
DA:639,0
DA:640,0
DA:641,0
DA:642,0
DA:643,0
DA:646,0
DA:649,0
DA:650,0
DA:656,0
DA:657,0
DA:658,0
DA:659,0
DA:662,0
DA:663,0
DA:667,0
DA:668,0
DA:669,0
DA:671,0
DA:673,0
DA:678,0
DA:679,0
DA:680,0
DA:681,0
DA:682,0
DA:683,0
DA:684,0
DA:687,0
DA:690,0
DA:698,0
DA:702,0
DA:703,0
DA:704,0
DA:705,0
DA:706,0
DA:707,0
DA:709,0
DA:710,0
DA:712,0
DA:713,0
DA:714,0
DA:715,0
DA:718,0
DA:719,0
DA:720,0
DA:722,0
DA:725,0
DA:726,0
DA:727,0
DA:731,0
DA:732,0
DA:733,0
DA:735,0
DA:738,0
DA:739,0
DA:741,0
DA:742,0
DA:744,0
DA:747,0
DA:748,0
DA:753,0
DA:756,0
DA:767,0
DA:776,0
DA:777,0
DA:783,0
DA:784,0
DA:785,0
DA:786,0
DA:789,0
DA:793,0
DA:794,0
DA:795,0
DA:796,0
DA:798,0
DA:802,0
DA:803,0
DA:805,0
DA:806,0
DA:807,0
DA:809,0
DA:810,0
DA:813,0
DA:816,0
DA:818,0
DA:819,0
DA:820,0
DA:821,0
DA:822,0
DA:823,0
DA:826,0
DA:829,0
DA:831,0
DA:839,0
DA:846,0
DA:851,0
DA:852,0
DA:853,0
DA:856,0
DA:859,0
DA:864,0
DA:867,0
DA:869,0
DA:870,0
DA:882,0
DA:883,0
DA:884,0
DA:885,0
DA:888,0
DA:889,0
DA:892,0
DA:902,0
DA:903,0
DA:904,0
DA:905,0
DA:908,0
DA:911,0
DA:917,0
DA:921,0
DA:936,0
DA:937,0
DA:938,0
DA:939,0
DA:940,0
DA:941,0
DA:942,0
DA:944,0
DA:945,0
DA:946,0
DA:949,0
DA:950,0
DA:951,0
DA:952,0
DA:953,0
DA:960,0
DA:961,0
DA:962,0
DA:964,0
DA:965,0
DA:966,0
DA:967,0
DA:968,0
DA:974,0
DA:976,0
DA:978,0
DA:985,0
DA:988,0
DA:990,0
DA:991,0
DA:994,0
DA:995,0
DA:999,0
DA:1001,0
DA:1002,0
DA:1004,0
DA:1005,0
DA:1010,0
DA:1012,0
DA:1016,0
DA:1025,0
DA:1026,0
DA:1029,0
DA:1032,0
DA:1035,0
DA:1040,0
DA:1042,0
DA:1043,0
DA:1046,0
DA:1053,0
DA:1054,0
DA:1055,0
DA:1057,0
DA:1058,0
DA:1059,0
DA:1060,0
DA:1061,0
DA:1065,0
DA:1066,0
DA:1072,0
DA:1082,0
DA:1083,0
DA:1084,0
DA:1086,0
DA:1089,0
DA:1090,0
DA:1091,0
DA:1093,0
DA:1097,0
DA:1100,0
DA:1101,0
DA:1102,0
DA:1105,0
DA:1106,0
DA:1107,0
DA:1108,0
DA:1111,0
DA:1112,0
DA:1113,0
DA:1114,0
DA:1117,0
DA:1118,0
DA:1119,0
DA:1120,0
DA:1123,0
DA:1230,0
DA:1236,0
DA:1237,0
DA:1238,0
DA:1244,0
DA:1323,0
DA:1324,0
DA:1338,0
DA:1344,0
DA:1350,0
DA:1371,0
DA:1372,0
LF:432
LH:0
BRDA:135,0,0,0
BRDA:135,0,1,0
BRDA:162,1,0,0
BRDA:162,1,1,0
BRDA:189,2,0,0
BRDA:189,2,1,0
BRDA:241,3,0,0
BRDA:241,3,1,0
BRDA:276,4,0,0
BRDA:276,4,1,0
BRDA:285,5,0,0
BRDA:285,5,1,0
BRDA:287,6,0,0
BRDA:287,6,1,0
BRDA:289,7,0,0
BRDA:289,7,1,0
BRDA:291,8,0,0
BRDA:291,8,1,0
BRDA:295,9,0,0
BRDA:295,9,1,0
BRDA:295,9,2,0
BRDA:301,10,0,0
BRDA:301,10,1,0
BRDA:385,11,0,0
BRDA:385,11,1,0
BRDA:413,12,0,0
BRDA:413,12,1,0
BRDA:421,13,0,0
BRDA:421,13,1,0
BRDA:421,13,2,0
BRDA:421,13,3,0
BRDA:421,13,4,0
BRDA:421,13,5,0
BRDA:421,13,6,0
BRDA:421,13,7,0
BRDA:421,13,8,0
BRDA:421,13,9,0
BRDA:421,13,10,0
BRDA:421,13,11,0
BRDA:421,13,12,0
BRDA:421,13,13,0
BRDA:421,13,14,0
BRDA:421,13,15,0
BRDA:421,13,16,0
BRDA:421,13,17,0
BRDA:421,13,18,0
BRDA:421,13,19,0
BRDA:464,14,0,0
BRDA:464,14,1,0
BRDA:473,15,0,0
BRDA:473,15,1,0
BRDA:483,16,0,0
BRDA:483,16,1,0
BRDA:486,17,0,0
BRDA:486,17,1,0
BRDA:551,18,0,0
BRDA:551,18,1,0
BRDA:551,19,0,0
BRDA:551,19,1,0
BRDA:560,20,0,0
BRDA:560,20,1,0
BRDA:573,21,0,0
BRDA:573,21,1,0
BRDA:584,22,0,0
BRDA:587,23,0,0
BRDA:587,23,1,0
BRDA:587,24,0,0
BRDA:587,24,1,0
BRDA:589,25,0,0
BRDA:589,25,1,0
BRDA:619,26,0,0
BRDA:619,26,1,0
BRDA:622,27,0,0
BRDA:622,27,1,0
BRDA:622,28,0,0
BRDA:622,28,1,0
BRDA:639,29,0,0
BRDA:639,29,1,0
BRDA:639,30,0,0
BRDA:639,30,1,0
BRDA:641,31,0,0
BRDA:641,31,1,0
BRDA:646,32,0,0
BRDA:646,32,1,0
BRDA:656,33,0,0
BRDA:656,33,1,0
BRDA:656,34,0,0
BRDA:656,34,1,0
BRDA:662,35,0,0
BRDA:662,35,1,0
BRDA:662,36,0,0
BRDA:662,36,1,0
BRDA:668,37,0,0
BRDA:668,37,1,0
BRDA:668,38,0,0
BRDA:668,38,1,0
BRDA:673,39,0,0
BRDA:673,39,1,0
BRDA:674,40,0,0
BRDA:674,40,1,0
BRDA:674,40,2,0
BRDA:674,40,3,0
BRDA:679,41,0,0
BRDA:679,41,1,0
BRDA:681,42,0,0
BRDA:681,42,1,0
BRDA:681,43,0,0
BRDA:681,43,1,0
BRDA:687,44,0,0
BRDA:687,44,1,0
BRDA:704,45,0,0
BRDA:704,45,1,0
BRDA:706,46,0,0
BRDA:706,46,1,0
BRDA:710,47,0,0
BRDA:710,47,1,0
BRDA:710,48,0,0
BRDA:710,48,1,0
BRDA:718,49,0,0
BRDA:718,49,1,0
BRDA:718,50,0,0
BRDA:718,50,1,0
BRDA:719,51,0,0
BRDA:719,51,1,0
BRDA:722,52,0,0
BRDA:722,52,1,0
BRDA:731,53,0,0
BRDA:731,53,1,0
BRDA:735,54,0,0
BRDA:735,54,1,0
BRDA:739,55,0,0
BRDA:739,55,1,0
BRDA:741,56,0,0
BRDA:741,56,1,0
BRDA:747,57,0,0
BRDA:747,57,1,0
BRDA:759,58,0,0
BRDA:759,58,1,0
BRDA:795,59,0,0
BRDA:795,59,1,0
BRDA:806,60,0,0
BRDA:806,60,1,0
BRDA:816,61,0,0
BRDA:816,61,1,0
BRDA:816,62,0,0
BRDA:816,62,1,0
BRDA:820,63,0,0
BRDA:820,63,1,0
BRDA:829,64,0,0
BRDA:829,64,1,0
BRDA:829,65,0,0
BRDA:829,65,1,0
BRDA:869,66,0,0
BRDA:869,66,1,0
BRDA:869,66,2,0
BRDA:882,67,0,0
BRDA:882,67,1,0
BRDA:882,68,0,0
BRDA:882,68,1,0
BRDA:883,69,0,0
BRDA:883,69,1,0
BRDA:885,70,0,0
BRDA:885,70,1,0
BRDA:921,71,0,0
BRDA:921,71,1,0
BRDA:938,72,0,0
BRDA:938,72,1,0
BRDA:940,73,0,0
BRDA:940,73,1,0
BRDA:945,74,0,0
BRDA:945,74,1,0
BRDA:949,75,0,0
BRDA:949,75,1,0
BRDA:952,76,0,0
BRDA:952,76,1,0
BRDA:962,77,0,0
BRDA:962,77,1,0
BRDA:965,78,0,0
BRDA:965,78,1,0
BRDA:976,79,0,0
BRDA:976,79,1,0
BRDA:1001,80,0,0
BRDA:1001,80,1,0
BRDA:1001,81,0,0
BRDA:1001,81,1,0
BRDA:1040,82,0,0
BRDA:1040,82,1,0
BRDA:1053,83,0,0
BRDA:1053,83,1,0
BRDA:1057,84,0,0
BRDA:1057,84,1,0
BRDA:1083,85,0,0
BRDA:1083,85,1,0
BRDA:1090,86,0,0
BRDA:1090,86,1,0
BRDA:1093,87,0,0
BRDA:1093,87,1,0
BRDA:1146,88,0,0
BRDA:1146,88,1,0
BRDA:1151,89,0,0
BRDA:1151,89,1,0
BRDA:1160,90,0,0
BRDA:1160,90,1,0
BRDA:1180,91,0,0
BRDA:1180,91,1,0
BRDA:1184,92,0,0
BRDA:1184,92,1,0
BRDA:1204,93,0,0
BRDA:1204,93,1,0
BRDA:1224,94,0,0
BRDA:1224,94,1,0
BRDA:1234,95,0,0
BRDA:1234,95,1,0
BRDA:1236,96,0,0
BRDA:1236,96,1,0
BRDA:1249,97,0,0
BRDA:1249,97,1,0
BRDA:1281,98,0,0
BRDA:1281,98,1,0
BRDA:1285,99,0,0
BRDA:1285,99,1,0
BRDA:1295,100,0,0
BRDA:1295,100,1,0
BRDA:1295,100,2,0
BRDA:1295,100,3,0
BRDA:1307,101,0,0
BRDA:1307,101,1,0
BRDA:1307,101,2,0
BRDA:1317,102,0,0
BRDA:1317,102,1,0
BRDA:1319,103,0,0
BRDA:1319,103,1,0
BRDA:1363,104,0,0
BRDA:1363,104,1,0
BRDA:1366,105,0,0
BRDA:1366,105,1,0
BRDA:1366,105,2,0
BRDA:1370,106,0,0
BRDA:1370,106,1,0
BRDA:1371,107,0,0
BRDA:1371,107,1,0
BRF:241
BRH:0
end_of_record
TN:
SF:src/screens/ScheduleScreen.tsx
FN:8,ScheduleScreen
FN:13,(anonymous_1)
FN:18,(anonymous_2)
FNF:3
FNH:0
FNDA:0,ScheduleScreen
FNDA:0,(anonymous_1)
FNDA:0,(anonymous_2)
DA:13,0
DA:15,0
DA:18,0
DA:20,0
DA:23,0
DA:34,0
LF:6
LH:0
BRF:0
BRH:0
end_of_record
TN:
SF:src/screens/TeachScreen.tsx
FN:7,TeachScreen
FN:22,(anonymous_1)
FNF:2
FNH:0
FNDA:0,TeachScreen
FNDA:0,(anonymous_1)
DA:8,0
DA:9,0
DA:12,0
DA:15,0
DA:22,0
LF:5
LH:0
BRDA:12,0,0,0
BRDA:12,0,1,0
BRF:2
BRH:0
end_of_record
TN:
SF:src/screens/TeachingScreen.tsx
FN:20,TeachingScreen
FN:37,(anonymous_1)
FN:44,(anonymous_2)
FN:47,(anonymous_3)
FN:54,(anonymous_4)
FN:61,(anonymous_5)
FN:79,(anonymous_6)
FN:101,(anonymous_7)
FN:106,(anonymous_8)
FN:108,(anonymous_9)
FN:122,(anonymous_10)
FN:139,(anonymous_11)
FN:150,(anonymous_12)
FN:271,(anonymous_13)
FN:280,(anonymous_14)
FNF:15
FNH:0
FNDA:0,TeachingScreen
FNDA:0,(anonymous_1)
FNDA:0,(anonymous_2)
FNDA:0,(anonymous_3)
FNDA:0,(anonymous_4)
FNDA:0,(anonymous_5)
FNDA:0,(anonymous_6)
FNDA:0,(anonymous_7)
FNDA:0,(anonymous_8)
FNDA:0,(anonymous_9)
FNDA:0,(anonymous_10)
FNDA:0,(anonymous_11)
FNDA:0,(anonymous_12)
FNDA:0,(anonymous_13)
FNDA:0,(anonymous_14)
DA:18,0
DA:21,0
DA:23,0
DA:24,0
DA:25,0
DA:26,0
DA:27,0
DA:28,0
DA:29,0
DA:30,0
DA:31,0
DA:32,0
DA:33,0
DA:34,0
DA:35,0
DA:37,0
DA:38,0
DA:42,0
DA:44,0
DA:45,0
DA:48,0
DA:49,0
DA:53,0
DA:55,0
DA:56,0
DA:61,0
DA:62,0
DA:63,0
DA:79,0
DA:80,0
DA:81,0
DA:82,0
DA:84,0
DA:85,0
DA:86,0
DA:87,0
DA:88,0
DA:90,0
DA:91,0
DA:92,0
DA:93,0
DA:94,0
DA:96,0
DA:97,0
DA:101,0
DA:102,0
DA:103,0
DA:104,0
DA:105,0
DA:106,0
DA:107,0
DA:108,0
DA:109,0
DA:110,0
DA:111,0
DA:112,0
DA:115,0
DA:116,0
DA:118,0
DA:122,0
DA:123,0
DA:124,0
DA:125,0
DA:126,0
DA:127,0
DA:128,0
DA:129,0
DA:130,0
DA:132,0
DA:134,0
DA:135,0
DA:136,0
DA:137,0
DA:138,0
DA:139,0
DA:140,0
DA:142,0
DA:143,0
DA:145,0
DA:146,0
DA:150,0
DA:151,0
DA:152,0
DA:153,0
DA:156,0
DA:158,0
DA:159,0
DA:162,0
DA:191,0
DA:194,0
DA:271,0
DA:280,0
DA:281,0
LF:93
LH:0
BRDA:80,0,0,0
BRDA:80,0,1,0
BRDA:86,1,0,0
BRDA:86,1,1,0
BRDA:102,2,0,0
BRDA:102,2,1,0
BRDA:102,3,0,0
BRDA:102,3,1,0
BRDA:111,4,0,0
BRDA:111,4,1,0
BRDA:158,5,0,0
BRDA:158,5,1,0
BRDA:159,6,0,0
BRDA:159,6,1,0
BRDA:191,7,0,0
BRDA:191,7,1,0
BRDA:198,8,0,0
BRDA:198,8,1,0
BRDA:240,9,0,0
BRDA:240,9,1,0
BRDA:242,10,0,0
BRDA:242,10,1,0
BRDA:245,11,0,0
BRDA:245,11,1,0
BRDA:245,11,2,0
BRDA:252,12,0,0
BRDA:252,12,1,0
BRDA:261,13,0,0
BRDA:261,13,1,0
BRDA:274,14,0,0
BRDA:274,14,1,0
BRDA:290,15,0,0
BRDA:290,15,1,0
BRDA:292,16,0,0
BRDA:292,16,1,0
BRDA:312,17,0,0
BRDA:312,17,1,0
BRDA:312,18,0,0
BRDA:312,18,1,0
BRDA:313,19,0,0
BRDA:313,19,1,0
BRF:41
BRH:0
end_of_record
TN:
SF:src/screens/TrainingScreen.tsx
FN:23,TrainingScreen
FN:42,(anonymous_1)
FN:46,(anonymous_2)
FN:51,(anonymous_3)
FN:53,(anonymous_4)
FN:56,(anonymous_5)
FN:57,(anonymous_6)
FN:58,(anonymous_7)
FN:61,(anonymous_8)
FN:64,(anonymous_9)
FN:76,(anonymous_10)
FN:80,(anonymous_11)
FN:91,(anonymous_12)
FN:94,(anonymous_13)
FN:102,(anonymous_14)
FN:108,(anonymous_15)
FN:110,(anonymous_16)
FN:138,(anonymous_17)
FN:210,(anonymous_18)
FN:214,(anonymous_19)
FN:224,(anonymous_20)
FN:225,(anonymous_21)
FN:235,(anonymous_22)
FN:239,(anonymous_23)
FN:240,(anonymous_24)
FN:243,(anonymous_25)
FN:255,(anonymous_26)
FN:256,(anonymous_27)
FN:295,(anonymous_28)
FN:315,(anonymous_29)
FNF:30
FNH:0
FNDA:0,TrainingScreen
FNDA:0,(anonymous_1)
FNDA:0,(anonymous_2)
FNDA:0,(anonymous_3)
FNDA:0,(anonymous_4)
FNDA:0,(anonymous_5)
FNDA:0,(anonymous_6)
FNDA:0,(anonymous_7)
FNDA:0,(anonymous_8)
FNDA:0,(anonymous_9)
FNDA:0,(anonymous_10)
FNDA:0,(anonymous_11)
FNDA:0,(anonymous_12)
FNDA:0,(anonymous_13)
FNDA:0,(anonymous_14)
FNDA:0,(anonymous_15)
FNDA:0,(anonymous_16)
FNDA:0,(anonymous_17)
FNDA:0,(anonymous_18)
FNDA:0,(anonymous_19)
FNDA:0,(anonymous_20)
FNDA:0,(anonymous_21)
FNDA:0,(anonymous_22)
FNDA:0,(anonymous_23)
FNDA:0,(anonymous_24)
FNDA:0,(anonymous_25)
FNDA:0,(anonymous_26)
FNDA:0,(anonymous_27)
FNDA:0,(anonymous_28)
FNDA:0,(anonymous_29)
DA:24,0
DA:25,0
DA:26,0
DA:27,0
DA:29,0
DA:30,0
DA:31,0
DA:32,0
DA:33,0
DA:34,0
DA:35,0
DA:36,0
DA:37,0
DA:38,0
DA:39,0
DA:40,0
DA:42,0
DA:43,0
DA:45,0
DA:46,0
DA:47,0
DA:51,0
DA:52,0
DA:53,0
DA:56,0
DA:57,0
DA:58,0
DA:61,0
DA:62,0
DA:65,0
DA:66,0
DA:70,0
DA:76,0
DA:77,0
DA:80,0
DA:81,0
DA:82,0
DA:83,0
DA:84,0
DA:85,0
DA:86,0
DA:88,0
DA:91,0
DA:92,0
DA:93,0
DA:94,0
DA:95,0
DA:96,0
DA:97,0
DA:98,0
DA:100,0
DA:101,0
DA:102,0
DA:103,0
DA:105,0
DA:107,0
DA:108,0
DA:109,0
DA:111,0
DA:112,0
DA:114,0
DA:119,0
DA:121,0
DA:122,0
DA:125,0
DA:127,0
DA:128,0
DA:130,0
DA:138,0
DA:139,0
DA:142,0
DA:199,0
DA:211,0
DA:215,0
DA:216,0
DA:225,0
DA:226,0
DA:227,0
DA:236,0
DA:237,0
DA:238,0
DA:239,0
DA:240,0
DA:244,0
DA:246,0
DA:256,0
DA:257,0
DA:296,0
DA:297,0
DA:298,0
DA:300,0
DA:316,0
DA:317,0
DA:318,0
DA:320,0
LF:95
LH:0
BRDA:26,0,0,0
BRDA:26,0,1,0
BRDA:27,1,0,0
BRDA:27,1,1,0
BRDA:27,2,0,0
BRDA:27,2,1,0
BRDA:29,3,0,0
BRDA:29,3,1,0
BRDA:77,4,0,0
BRDA:77,4,1,0
BRDA:81,5,0,0
BRDA:81,5,1,0
BRDA:88,6,0,0
BRDA:88,6,1,0
BRDA:93,7,0,0
BRDA:93,7,1,0
BRDA:95,8,0,0
BRDA:95,8,1,0
BRDA:101,9,0,0
BRDA:101,9,1,0
BRDA:105,10,0,0
BRDA:105,10,1,0
BRDA:107,11,0,0
BRDA:107,11,1,0
BRDA:121,12,0,0
BRDA:121,12,1,0
BRDA:130,13,0,0
BRDA:130,13,1,0
BRDA:145,14,0,0
BRDA:145,14,1,0
BRDA:153,15,0,0
BRDA:153,15,1,0
BRDA:155,16,0,0
BRDA:155,16,1,0
BRDA:180,17,0,0
BRDA:180,17,1,0
BRDA:181,18,0,0
BRDA:181,18,1,0
BRDA:186,19,0,0
BRDA:186,19,1,0
BRDA:203,20,0,0
BRDA:203,20,1,0
BRDA:204,21,0,0
BRDA:204,21,1,0
BRDA:207,22,0,0
BRDA:207,22,1,0
BRDA:209,23,0,0
BRDA:209,23,1,0
BRDA:221,24,0,0
BRDA:221,24,1,0
BRDA:224,25,0,0
BRDA:224,25,1,0
BRDA:226,26,0,0
BRDA:226,26,1,0
BRDA:227,27,0,0
BRDA:227,27,1,0
BRDA:238,28,0,0
BRDA:238,28,1,0
BRDA:249,29,0,0
BRDA:249,29,1,0
BRDA:269,30,0,0
BRDA:269,30,1,0
BRDA:271,31,0,0
BRDA:271,31,1,0
BRDA:272,32,0,0
BRDA:272,32,1,0
BRDA:275,33,0,0
BRDA:275,33,1,0
BRDA:294,34,0,0
BRDA:294,34,1,0
BRDA:297,35,0,0
BRDA:297,35,1,0
BRDA:306,36,0,0
BRDA:306,36,1,0
BRDA:306,36,2,0
BRDA:314,37,0,0
BRDA:314,37,1,0
BRDA:316,38,0,0
BRDA:316,38,1,0
BRDA:316,39,0,0
BRDA:316,39,1,0
BRDA:322,40,0,0
BRDA:322,40,1,0
BRDA:326,41,0,0
BRDA:326,41,1,0
BRF:85
BRH:0
end_of_record
TN:
SF:src/services/APIRetryManager.ts
FN:7,(anonymous_0)
FN:12,(anonymous_1)
FN:24,(anonymous_2)
FNF:3
FNH:0
FNDA:0,(anonymous_0)
FNDA:0,(anonymous_1)
FNDA:0,(anonymous_2)
DA:8,0
DA:9,0
DA:14,0
DA:15,0
DA:16,0
DA:18,0
DA:19,0
DA:20,0
DA:21,0
DA:24,0
DA:28,0
DA:29,0
LF:12
LH:0
BRDA:7,0,0,0
BRDA:7,1,0,0
BRDA:19,2,0,0
BRDA:19,2,1,0
BRF:4
BRH:0
end_of_record
TN:
SF:src/services/LanguageManager.ts
FN:14,getNested
FN:15,(anonymous_1)
FN:19,(anonymous_2)
FN:22,(anonymous_3)
FN:25,(anonymous_4)
FN:28,(anonymous_5)
FN:32,(anonymous_6)
FN:35,(anonymous_7)
FN:38,(anonymous_8)
FN:41,(anonymous_9)
FN:43,(anonymous_10)
FNF:11
FNH:0
FNDA:0,getNested
FNDA:0,(anonymous_1)
FNDA:0,(anonymous_2)
FNDA:0,(anonymous_3)
FNDA:0,(anonymous_4)
FNDA:0,(anonymous_5)
FNDA:0,(anonymous_6)
FNDA:0,(anonymous_7)
FNDA:0,(anonymous_8)
FNDA:0,(anonymous_9)
FNDA:0,(anonymous_10)
DA:6,0
DA:11,0
DA:12,0
DA:15,0
DA:18,0
DA:20,0
DA:23,0
DA:24,0
DA:25,0
DA:29,0
DA:30,0
DA:33,0
DA:36,0
DA:37,0
DA:38,0
DA:42,0
DA:43,0
DA:44,0
LF:18
LH:0
BRDA:15,0,0,0
BRDA:15,0,1,0
BRDA:15,1,0,0
BRDA:15,1,1,0
BRDA:23,2,0,0
BRDA:23,2,1,0
BRDA:29,3,0,0
BRDA:29,3,1,0
BRDA:30,4,0,0
BRDA:30,4,1,0
BRDA:37,5,0,0
BRDA:37,5,1,0
BRF:12
BRH:0
end_of_record
TN:
SF:src/services/OneEuroFilter.ts
FN:6,(anonymous_0)
FN:8,(anonymous_1)
FN:20,(anonymous_2)
FN:25,(anonymous_3)
FN:29,(anonymous_4)
FN:39,(anonymous_5)
FN:49,(anonymous_6)
FN:54,(anonymous_7)
FNF:8
FNH:0
FNDA:0,(anonymous_0)
FNDA:0,(anonymous_1)
FNDA:0,(anonymous_2)
FNDA:0,(anonymous_3)
FNDA:0,(anonymous_4)
FNDA:0,(anonymous_5)
FNDA:0,(anonymous_6)
FNDA:0,(anonymous_7)
DA:2,0
DA:3,0
DA:4,0
DA:9,0
DA:10,0
DA:11,0
DA:12,0
DA:14,0
DA:15,0
DA:17,0
DA:21,0
DA:22,0
DA:26,0
DA:30,0
DA:44,0
DA:45,0
DA:46,0
DA:50,0
DA:51,0
DA:55,0
DA:56,0
DA:57,0
DA:58,0
DA:59,0
DA:61,0
DA:62,0
LF:26
LH:0
BRDA:9,0,0,0
BRDA:9,0,1,0
BRDA:40,1,0,0
BRDA:41,2,0,0
BRDA:42,3,0,0
BRDA:55,4,0,0
BRDA:55,4,1,0
BRDA:55,5,0,0
BRDA:55,5,1,0
BRF:9
BRH:0
end_of_record
TN:
SF:src/services/TrainingDataValidator.ts
FN:17,validateLandmarkSequence
FNF:1
FNH:0
FNDA:0,validateLandmarkSequence
DA:18,0
DA:19,0
DA:21,0
DA:22,0
DA:23,0
DA:24,0
DA:27,0
DA:28,0
DA:29,0
DA:30,0
DA:32,0
DA:33,0
DA:34,0
DA:35,0
DA:36,0
DA:39,0
DA:40,0
DA:41,0
DA:42,0
DA:43,0
DA:45,0
DA:46,0
DA:54,0
DA:56,0
DA:57,0
DA:58,0
DA:59,0
DA:60,0
DA:61,0
DA:62,0
DA:63,0
DA:69,0
DA:70,0
DA:71,0
DA:73,0
DA:74,0
DA:75,0
DA:78,0
DA:79,0
DA:80,0
DA:81,0
DA:85,0
DA:88,0
DA:91,0
DA:92,0
DA:96,0
DA:97,0
DA:101,0
DA:104,0
DA:106,0
LF:50
LH:0
BRDA:22,0,0,0
BRDA:22,0,1,0
BRDA:34,1,0,0
BRDA:34,1,1,0
BRDA:34,2,0,0
BRDA:34,2,1,0
BRDA:41,3,0,0
BRDA:41,3,1,0
BRDA:41,4,0,0
BRDA:41,4,1,0
BRDA:46,5,0,0
BRDA:46,5,1,0
BRDA:47,6,0,0
BRDA:47,6,1,0
BRDA:47,6,2,0
BRDA:47,6,3,0
BRDA:47,6,4,0
BRDA:47,6,5,0
BRDA:56,7,0,0
BRDA:56,7,1,0
BRDA:58,8,0,0
BRDA:58,8,1,0
BRDA:69,9,0,0
BRDA:69,9,1,0
BRDA:73,10,0,0
BRDA:73,10,1,0
BRDA:78,11,0,0
BRDA:78,11,1,0
BRDA:79,12,0,0
BRDA:79,12,1,0
BRDA:91,13,0,0
BRDA:91,13,1,0
BRDA:96,14,0,0
BRDA:96,14,1,0
BRF:34
BRH:0
end_of_record
TN:
SF:src/services/TrainingSessionManager.ts
FN:36,(anonymous_0)
FN:54,(anonymous_1)
FN:63,(anonymous_2)
FN:64,(anonymous_3)
FN:93,(anonymous_4)
FN:103,(anonymous_5)
FN:113,(anonymous_6)
FN:126,(anonymous_7)
FN:133,(anonymous_8)
FN:137,(anonymous_9)
FN:148,(anonymous_10)
FN:152,(anonymous_11)
FN:161,(anonymous_12)
FN:190,(anonymous_13)
FN:192,(anonymous_14)
FNF:15
FNH:0
FNDA:0,(anonymous_0)
FNDA:0,(anonymous_1)
FNDA:0,(anonymous_2)
FNDA:0,(anonymous_3)
FNDA:0,(anonymous_4)
FNDA:0,(anonymous_5)
FNDA:0,(anonymous_6)
FNDA:0,(anonymous_7)
FNDA:0,(anonymous_8)
FNDA:0,(anonymous_9)
FNDA:0,(anonymous_10)
FNDA:0,(anonymous_11)
FNDA:0,(anonymous_12)
FNDA:0,(anonymous_13)
FNDA:0,(anonymous_14)
DA:30,0
DA:31,0
DA:37,0
DA:47,0
DA:48,0
DA:55,0
DA:56,0
DA:63,0
DA:64,0
DA:68,0
DA:77,0
DA:78,0
DA:81,0
DA:82,0
DA:85,0
DA:87,0
DA:94,0
DA:95,0
DA:96,0
DA:104,0
DA:105,0
DA:106,0
DA:114,0
DA:116,0
DA:117,0
DA:118,0
DA:120,0
DA:127,0
DA:134,0
DA:137,0
DA:138,0
DA:139,0
DA:140,0
DA:149,0
DA:151,0
DA:152,0
DA:155,0
DA:162,0
DA:164,0
DA:165,0
DA:166,0
DA:167,0
DA:168,0
DA:169,0
DA:172,0
DA:178,0
DA:191,0
DA:192,0
DA:193,0
DA:194,0
DA:196,0
DA:204,0
LF:52
LH:0
BRDA:36,0,0,0
BRDA:55,1,0,0
BRDA:55,1,1,0
BRDA:55,2,0,0
BRDA:55,2,1,0
BRDA:64,3,0,0
BRDA:64,3,1,0
BRDA:81,4,0,0
BRDA:81,4,1,0
BRDA:94,5,0,0
BRDA:94,5,1,0
BRDA:104,6,0,0
BRDA:104,6,1,0
BRDA:114,7,0,0
BRDA:114,7,1,0
BRDA:139,8,0,0
BRDA:139,8,1,0
BRDA:149,9,0,0
BRDA:149,9,1,0
BRDA:164,10,0,0
BRDA:164,10,1,0
BRDA:166,11,0,0
BRDA:166,11,1,0
BRDA:168,12,0,0
BRDA:168,12,1,0
BRDA:191,13,0,0
BRDA:191,13,1,0
BRF:27
BRH:0
end_of_record
TN:
SF:src/services/accessibilityService.ts
FN:8,announceGestureRecognition
FN:24,createGestureAccessibilityLabel
FNF:2
FNH:0
FNDA:0,announceGestureRecognition
FNDA:0,createGestureAccessibilityLabel
DA:9,0
DA:10,0
DA:11,0
DA:12,0
DA:29,0
DA:30,0
DA:31,0
DA:32,0
DA:34,0
LF:9
LH:0
BRDA:31,0,0,0
BRDA:31,0,1,0
BRDA:31,1,0,0
BRDA:31,1,1,0
BRF:4
BRH:0
end_of_record
TN:
SF:src/services/adaptiveLearningService.ts
FN:15,(anonymous_0)
FN:19,(anonymous_1)
FN:20,(anonymous_2)
FN:23,(anonymous_3)
FN:33,(anonymous_4)
FN:52,recordInteraction
FN:54,(anonymous_6)
FN:65,(anonymous_7)
FNF:8
FNH:0
FNDA:0,(anonymous_0)
FNDA:0,(anonymous_1)
FNDA:0,(anonymous_2)
FNDA:0,(anonymous_3)
FNDA:0,(anonymous_4)
FNDA:0,recordInteraction
FNDA:0,(anonymous_6)
FNDA:0,(anonymous_7)
DA:7,0
DA:16,0
DA:17,0
DA:18,0
DA:19,0
DA:20,0
DA:21,0
DA:22,0
DA:23,0
DA:24,0
DA:25,0
DA:27,0
DA:29,0
DA:34,0
DA:35,0
DA:41,0
DA:42,0
DA:44,0
DA:46,0
DA:47,0
DA:53,0
DA:54,0
DA:55,0
DA:56,0
DA:57,0
DA:58,0
DA:59,0
DA:60,0
DA:62,0
DA:63,0
DA:65,0
DA:66,0
DA:67,0
DA:70,0
DA:72,0
DA:73,0
LF:36
LH:0
BRDA:24,0,0,0
BRDA:24,0,1,0
BRDA:25,1,0,0
BRDA:25,1,1,0
BRDA:33,2,0,0
BRDA:41,3,0,0
BRDA:41,3,1,0
BRDA:58,4,0,0
BRDA:58,4,1,0
BRF:9
BRH:0
end_of_record
TN:
SF:src/services/analytics.ts
FN:29,genId
FN:35,logInteractionEvent
FN:44,loadAnalytics
FN:52,(anonymous_3)
FN:53,(anonymous_4)
FN:55,(anonymous_5)
[...]
BRDA:947,92,0,0
BRDA:947,92,1,0
BRDA:950,93,0,0
BRDA:950,93,1,0
BRDA:985,94,0,0
BRDA:985,94,1,0
BRDA:985,95,0,0
BRDA:985,95,1,0
BRDA:1030,96,0,0
BRDA:1030,96,1,0
BRDA:1030,97,0,0
BRDA:1030,97,1,0
BRDA:1045,98,0,0
BRDA:1045,98,1,0
BRDA:1048,99,0,0
BRDA:1048,99,1,0
BRDA:1048,100,0,0
BRDA:1048,100,1,0
BRDA:1050,101,0,0
BRDA:1050,101,1,0
BRDA:1056,102,0,0
BRDA:1056,102,1,0
BRDA:1064,103,0,0
BRDA:1064,103,1,0
BRDA:1067,104,0,0
BRDA:1071,105,0,0
BRDA:1071,105,1,0
BRDA:1075,106,0,0
BRDA:1075,106,1,0
BRDA:1081,107,0,0
BRDA:1081,107,1,0
BRDA:1102,108,0,0
BRDA:1102,108,1,0
BRDA:1102,108,2,0
BRDA:1102,108,3,0
BRDA:1110,109,0,0
BRDA:1110,109,1,0
BRDA:1133,110,0,0
BRDA:1133,110,1,0
BRDA:1135,111,0,0
BRDA:1135,111,1,0
BRDA:1135,112,0,0
BRDA:1135,112,1,0
BRDA:1138,113,0,0
BRDA:1138,113,1,0
BRDA:1146,114,0,0
BRDA:1146,114,1,0
BRDA:1149,115,0,0
BRDA:1149,115,1,0
BRDA:1149,116,0,0
BRDA:1149,116,1,0
BRDA:1166,117,0,0
BRDA:1166,117,1,0
BRDA:1166,118,0,0
BRDA:1166,118,1,0
BRDA:1183,119,0,0
BRDA:1183,119,1,0
BRDA:1198,120,0,0
BRDA:1198,120,1,0
BRDA:1198,121,0,0
BRDA:1198,121,1,0
BRDA:1198,121,2,0
BRDA:1218,122,0,0
BRDA:1218,122,1,0
BRDA:1239,123,0,0
BRDA:1239,123,1,0
BRDA:1296,124,0,0
BRDA:1296,124,1,0
BRDA:1296,124,2,0
BRDA:1296,124,3,0
BRDA:1300,125,0,0
BRDA:1300,125,1,0
BRDA:1301,126,0,0
BRDA:1301,126,1,0
BRDA:1302,127,0,0
BRDA:1302,127,1,0
BRDA:1322,128,0,0
BRDA:1322,128,1,0
BRDA:1328,129,0,0
BRDA:1328,129,1,0
BRDA:1329,130,0,0
BRDA:1329,130,1,0
BRDA:1332,131,0,0
BRDA:1332,131,1,0
BRDA:1358,132,0,0
BRDA:1358,132,1,0
BRDA:1367,133,0,0
BRDA:1367,133,1,0
BRDA:1368,134,0,0
BRDA:1368,134,1,0
BRDA:1372,135,0,0
BRDA:1372,135,1,0
BRDA:1375,136,0,0
BRDA:1375,136,1,0
BRDA:1380,137,0,0
BRDA:1380,137,1,0
BRDA:1385,138,0,0
BRDA:1385,138,1,0
BRDA:1390,139,0,0
BRDA:1390,139,1,0
BRDA:1394,140,0,0
BRDA:1394,140,1,0
BRDA:1414,141,0,0
BRDA:1414,141,1,0
BRDA:1415,142,0,0
BRDA:1415,142,1,0
BRDA:1416,143,0,0
BRDA:1416,143,1,0
BRDA:1419,144,0,0
BRDA:1419,144,1,0
BRDA:1421,145,0,0
BRDA:1421,145,1,0
BRDA:1423,146,0,0
BRDA:1423,146,1,0
BRDA:1424,147,0,0
BRDA:1424,147,1,0
BRDA:1426,148,0,0
BRDA:1426,148,1,0
BRDA:1432,149,0,0
BRDA:1432,149,1,0
BRDA:1433,150,0,0
BRDA:1433,150,1,0
BRDA:1434,151,0,0
BRDA:1434,151,1,0
BRDA:1435,152,0,0
BRDA:1435,152,1,0
BRDA:1435,153,0,0
BRDA:1435,153,1,0
BRDA:1436,154,0,0
BRDA:1436,154,1,0
BRDA:1437,155,0,0
BRDA:1437,155,1,0
BRDA:1437,156,0,0
BRDA:1437,156,1,0
BRDA:1438,157,0,0
BRDA:1438,157,1,0
BRDA:1438,158,0,0
BRDA:1438,158,1,0
BRDA:1440,159,0,0
BRDA:1440,159,1,0
BRDA:1440,160,0,0
BRDA:1440,160,1,0
BRDA:1449,161,0,0
BRDA:1449,161,1,0
BRDA:1452,162,0,0
BRDA:1452,162,1,0
BRDA:1454,163,0,0
BRDA:1454,163,1,0
BRDA:1454,164,0,0
BRDA:1454,164,1,0
BRDA:1462,165,0,0
BRDA:1462,165,1,0
BRDA:1462,166,0,0
BRDA:1462,166,1,0
BRDA:1462,166,2,0
BRDA:1468,167,0,0
BRDA:1468,167,1,0
BRDA:1468,168,0,0
BRDA:1468,168,1,0
BRDA:1473,169,0,0
BRDA:1473,169,1,0
BRDA:1478,170,0,0
BRDA:1478,170,1,0
BRDA:1499,171,0,0
BRDA:1499,171,1,0
BRDA:1505,172,0,0
BRDA:1505,172,1,0
BRDA:1513,173,0,0
BRDA:1513,173,1,0
BRDA:1517,174,0,0
BRDA:1517,174,1,0
BRDA:1519,175,0,0
BRDA:1519,175,1,0
BRDA:1528,176,0,0
BRDA:1528,176,1,0
BRDA:1529,177,0,0
BRDA:1529,177,1,0
BRDA:1530,178,0,0
BRDA:1530,178,1,0
BRDA:1530,178,2,0
BRDA:1530,178,3,0
BRDA:1539,179,0,0
BRDA:1539,179,1,0
BRDA:1539,179,2,0
BRDA:1539,179,3,0
BRDA:1540,180,0,0
BRDA:1540,180,1,0
BRDA:1540,180,2,0
BRDA:1540,180,3,0
BRDA:1541,181,0,0
BRDA:1541,181,1,0
BRDA:1541,182,0,0
BRDA:1541,182,1,0
BRDA:1541,182,2,0
BRDA:1544,183,0,0
BRDA:1544,183,1,0
BRDA:1544,184,0,0
BRDA:1544,184,1,0
BRDA:1544,184,2,0
BRDA:1544,184,3,0
BRDA:1547,185,0,0
BRDA:1547,185,1,0
BRDA:1550,186,0,0
BRDA:1550,186,1,0
BRDA:1562,187,0,0
BRDA:1562,187,1,0
BRDA:1562,188,0,0
BRDA:1562,188,1,0
BRDA:1562,188,2,0
BRDA:1569,189,0,0
BRDA:1569,189,1,0
BRDA:1569,190,0,0
BRDA:1569,190,1,0
BRDA:1569,190,2,0
BRDA:1577,191,0,0
BRDA:1577,191,1,0
BRDA:1601,192,0,0
BRDA:1601,192,1,0
BRDA:1601,193,0,0
BRDA:1601,193,1,0
BRDA:1608,194,0,0
BRDA:1608,194,1,0
BRDA:1632,195,0,0
BRDA:1632,195,1,0
BRDA:1632,196,0,0
BRDA:1632,196,1,0
BRDA:1642,197,0,0
BRDA:1642,197,1,0
BRDA:1642,197,2,0
BRDA:1642,197,3,0
BRDA:1642,197,4,0
BRDA:1646,198,0,0
BRDA:1646,198,1,0
BRDA:1675,199,0,0
BRDA:1675,199,1,0
BRDA:1675,200,0,0
BRDA:1675,200,1,0
BRDA:1675,200,2,0
BRDA:1681,201,0,0
BRDA:1681,201,1,0
BRDA:1688,202,0,0
BRDA:1688,202,1,0
BRDA:1688,203,0,0
BRDA:1688,203,1,0
BRDA:1694,204,0,0
BRDA:1694,204,1,0
BRDA:1717,205,0,0
BRDA:1717,205,1,0
BRDA:1717,206,0,0
BRDA:1717,206,1,0
BRDA:1725,207,0,0
BRDA:1725,207,1,0
BRDA:1725,208,0,0
BRDA:1725,208,1,0
BRDA:1730,209,0,0
BRDA:1730,209,1,0
BRDA:1738,210,0,0
BRDA:1738,210,1,0
BRDA:1744,211,0,0
BRDA:1744,211,1,0
BRDA:1744,212,0,0
BRDA:1744,212,1,0
BRDA:1790,213,0,0
BRDA:1790,213,1,0
BRDA:1792,214,0,0
BRDA:1792,214,1,0
BRDA:1792,215,0,0
BRDA:1792,215,1,0
BRDA:1797,216,0,0
BRDA:1797,216,1,0
BRDA:1797,217,0,0
BRDA:1797,217,1,0
BRDA:1801,218,0,0
BRDA:1801,218,1,0
BRDA:1805,219,0,0
BRDA:1805,219,1,0
BRDA:1805,220,0,0
BRDA:1805,220,1,0
BRDA:1827,221,0,0
BRDA:1827,221,1,0
BRDA:1836,222,0,0
BRDA:1836,222,1,0
BRDA:1836,222,2,0
BRDA:1837,223,0,0
BRDA:1837,223,1,0
BRDA:1837,223,2,0
BRDA:1838,224,0,0
BRDA:1838,224,1,0
BRDA:1839,225,0,0
BRDA:1839,225,1,0
BRDA:1841,226,0,0
BRDA:1841,226,1,0
BRDA:1841,227,0,0
BRDA:1841,227,1,0
BRDA:1842,228,0,0
BRDA:1842,228,1,0
BRDA:1866,229,0,0
BRDA:1866,229,1,0
BRDA:1896,230,0,0
BRDA:1896,230,1,0
BRDA:1896,231,0,0
BRDA:1896,231,1,0
BRDA:1896,231,2,0
BRDA:1916,232,0,0
BRDA:1916,232,1,0
BRDA:1919,233,0,0
BRDA:1919,233,1,0
BRDA:1934,234,0,0
BRDA:1934,234,1,0
BRDA:1954,235,0,0
BRDA:1954,235,1,0
BRDA:1962,236,0,0
BRDA:1962,236,1,0
BRF:508
BRH:0
end_of_record
TN:
SF:webview/gestureProcessing.ts
FN:16,(anonymous_0)
FN:25,(anonymous_1)
FN:75,(anonymous_2)
FN:82,(anonymous_3)
FN:101,(anonymous_4)
FN:108,(anonymous_5)
FN:138,(anonymous_6)
FN:177,(anonymous_7)
FN:215,(anonymous_8)
FN:252,(anonymous_9)
FN:299,(anonymous_10)
FN:353,(anonymous_11)
FN:398,(anonymous_12)
FNF:13
FNH:0
FNDA:0,(anonymous_0)
FNDA:0,(anonymous_1)
FNDA:0,(anonymous_2)
FNDA:0,(anonymous_3)
FNDA:0,(anonymous_4)
FNDA:0,(anonymous_5)
FNDA:0,(anonymous_6)
FNDA:0,(anonymous_7)
FNDA:0,(anonymous_8)
FNDA:0,(anonymous_9)
FNDA:0,(anonymous_10)
FNDA:0,(anonymous_11)
FNDA:0,(anonymous_12)
DA:8,0
DA:9,0
DA:10,0
DA:11,0
DA:17,0
DA:18,0
DA:19,0
DA:26,0
DA:28,0
DA:30,0
DA:31,0
DA:32,0
DA:35,0
DA:36,0
DA:37,0
DA:43,0
DA:44,0
DA:47,0
DA:49,0
DA:52,0
DA:55,0
DA:56,0
DA:57,0
DA:60,0
DA:61,0
DA:62,0
DA:64,0
DA:69,0
DA:76,0
DA:83,0
DA:93,0
DA:94,0
DA:95,0
DA:96,0
DA:102,0
DA:114,0
DA:115,0
DA:118,0
DA:119,0
DA:120,0
DA:124,0
DA:126,0
DA:128,0
DA:130,0
DA:132,0
DA:134,0
DA:145,0
DA:146,0
DA:147,0
DA:148,0
DA:149,0
DA:151,0
DA:157,0
DA:158,0
DA:160,0
DA:161,0
DA:162,0
DA:163,0
DA:164,0
DA:165,0
DA:169,0
DA:184,0
DA:192,0
DA:193,0
DA:194,0
DA:195,0
DA:199,0
DA:200,0
DA:202,0
DA:203,0
DA:204,0
DA:207,0
DA:222,0
DA:229,0
DA:230,0
DA:231,0
DA:232,0
DA:236,0
DA:237,0
DA:239,0
DA:240,0
DA:241,0
DA:244,0
DA:259,0
DA:260,0
DA:261,0
DA:262,0
DA:264,0
DA:269,0
DA:270,0
DA:272,0
DA:273,0
DA:274,0
DA:275,0
DA:276,0
DA:277,0
DA:281,0
DA:292,0
DA:293,0
DA:294,0
DA:301,0
DA:302,0
DA:303,0
DA:306,0
DA:307,0
DA:311,0
DA:313,0
DA:314,0
DA:315,0
DA:317,0
DA:318,0
DA:319,0
DA:322,0
DA:323,0
DA:324,0
DA:326,0
DA:327,0
DA:328,0
DA:329,0
DA:330,0
DA:331,0
DA:332,0
DA:333,0
DA:334,0
DA:335,0
DA:339,0
DA:347,0
DA:354,0
DA:355,0
DA:358,0
DA:359,0
DA:362,0
DA:363,0
DA:364,0
DA:366,0
DA:368,0
DA:369,0
DA:370,0
DA:372,0
DA:374,0
DA:380,0
DA:381,0
DA:385,0
DA:387,0
DA:391,0
DA:392,0
DA:399,0
LF:147
LH:0
BRDA:26,0,0,0
BRDA:26,0,1,0
BRDA:32,1,0,0
BRDA:32,1,1,0
BRDA:32,2,0,0
BRDA:32,2,1,0
BRDA:43,3,0,0
BRDA:43,3,1,0
BRDA:43,4,0,0
BRDA:43,4,1,0
BRDA:47,5,0,0
BRDA:47,5,1,0
BRDA:47,6,0,0
BRDA:47,6,1,0
BRDA:57,7,0,0
BRDA:57,7,1,0
BRDA:62,8,0,0
BRDA:62,8,1,0
BRDA:114,9,0,0
BRDA:114,9,1,0
BRDA:119,10,0,0
BRDA:119,10,1,0
BRDA:119,11,0,0
BRDA:119,11,1,0
BRDA:124,12,0,0
BRDA:124,12,1,0
BRDA:124,12,2,0
BRDA:124,12,3,0
BRDA:124,12,4,0
BRDA:151,13,0,0
BRDA:151,13,1,0
BRDA:152,14,0,0
BRDA:152,14,1,0
BRDA:153,15,0,0
BRDA:153,15,1,0
BRDA:154,16,0,0
BRDA:154,16,1,0
BRDA:155,17,0,0
BRDA:155,17,1,0
BRDA:158,18,0,0
BRDA:158,18,1,0
BRDA:161,19,0,0
BRDA:161,19,1,0
BRDA:162,20,0,0
BRDA:162,20,1,0
BRDA:164,21,0,0
BRDA:164,21,1,0
BRDA:194,22,0,0
BRDA:194,22,1,0
BRDA:200,23,0,0
BRDA:200,23,1,0
BRDA:203,24,0,0
BRDA:203,24,1,0
BRDA:231,25,0,0
BRDA:231,25,1,0
BRDA:237,26,0,0
BRDA:237,26,1,0
BRDA:240,27,0,0
BRDA:240,27,1,0
BRDA:264,28,0,0
BRDA:264,28,1,0
BRDA:265,29,0,0
BRDA:265,29,1,0
BRDA:266,30,0,0
BRDA:266,30,1,0
BRDA:267,31,0,0
BRDA:267,31,1,0
BRDA:270,32,0,0
BRDA:270,32,1,0
BRDA:273,33,0,0
BRDA:273,33,1,0
BRDA:274,34,0,0
BRDA:274,34,1,0
BRDA:276,35,0,0
BRDA:276,35,1,0
BRDA:276,36,0,0
BRDA:276,36,1,0
BRDA:276,36,2,0
BRDA:302,37,0,0
BRDA:302,37,1,0
BRDA:306,38,0,0
BRDA:306,38,1,0
BRDA:315,39,0,0
BRDA:315,39,1,0
BRDA:319,40,0,0
BRDA:319,40,1,0
BRDA:324,41,0,0
BRDA:324,41,1,0
BRDA:330,42,0,0
BRDA:330,42,1,0
BRDA:330,43,0,0
BRDA:330,43,1,0
BRDA:334,44,0,0
BRDA:334,44,1,0
BRDA:354,45,0,0
BRDA:354,45,1,0
BRDA:354,46,0,0
BRDA:354,46,1,0
BRDA:366,47,0,0
BRDA:366,47,1,0
BRDA:366,48,0,0
BRDA:366,48,1,0
BRDA:372,49,0,0
BRDA:372,49,1,0
BRDA:372,50,0,0
BRDA:372,50,1,0
BRDA:377,51,0,0
BRDA:377,51,1,0
BRDA:377,52,0,0
BRDA:377,52,1,0
BRDA:385,53,0,0
BRDA:385,53,1,0
BRF:112
BRH:0
end_of_record
TN:
SF:webview/config/GestureConfig.ts
FN:70,loadConfig
FNF:1
FNH:0
FNDA:0,loadConfig
DA:38,0
DA:71,0
DA:74,0
DA:75,0
DA:76,0
DA:77,0
DA:78,0
DA:79,0
DA:80,0
DA:83,0
LF:10
LH:0
BRDA:75,0,0,0
BRDA:75,0,1,0
BRDA:76,1,0,0
BRDA:76,1,1,0
BRDA:77,2,0,0
BRDA:77,2,1,0
BRDA:78,3,0,0
BRDA:78,3,1,0
BRDA:79,4,0,0
BRDA:79,4,1,0
BRDA:80,5,0,0
BRDA:80,5,1,0
BRF:12
BRH:0
end_of_record
TN:
SF:webview/core/CameraManager.ts
FN:14,(anonymous_0)
FN:22,(anonymous_1)
FN:50,(anonymous_2)
FN:61,(anonymous_3)
FN:71,(anonymous_4)
FN:82,(anonymous_5)
FN:90,(anonymous_6)
FN:100,(anonymous_7)
FN:110,(anonymous_8)
FNF:9
FNH:0
FNDA:0,(anonymous_0)
FNDA:0,(anonymous_1)
FNDA:0,(anonymous_2)
FNDA:0,(anonymous_3)
FNDA:0,(anonymous_4)
FNDA:0,(anonymous_5)
FNDA:0,(anonymous_6)
FNDA:0,(anonymous_7)
FNDA:0,(anonymous_8)
DA:11,0
DA:12,0
DA:15,0
DA:16,0
DA:23,0
DA:24,0
DA:29,0
DA:30,0
DA:33,0
DA:34,0
DA:35,0
DA:36,0
DA:38,0
DA:41,0
DA:44,0
DA:45,0
DA:46,0
DA:50,0
DA:54,0
DA:62,0
DA:63,0
DA:65,0
DA:68,0
DA:69,0
DA:70,0
DA:71,0
DA:72,0
DA:75,0
DA:83,0
DA:84,0
DA:91,0
DA:101,0
DA:111,0
LF:33
LH:0
BRDA:23,0,0,0
BRDA:23,0,1,0
BRDA:70,1,0,0
BRDA:70,1,1,0
BRDA:92,2,0,0
BRDA:92,2,1,0
BRDA:112,3,0,0
BRDA:112,3,1,0
BRDA:112,3,2,0
BRDA:112,3,3,0
BRF:10
BRH:0
end_of_record
TN:
SF:webview/core/GestureDetector.ts
FN:26,(anonymous_0)
FN:39,(anonymous_1)
FN:46,(anonymous_2)
FN:74,(anonymous_3)
FN:75,(anonymous_4)
FN:86,(anonymous_5)
FN:93,(anonymous_6)
FN:102,(anonymous_7)
FN:155,(anonymous_8)
FN:161,(anonymous_9)
FN:175,(anonymous_10)
FN:189,(anonymous_11)
FNF:12
FNH:0
FNDA:0,(anonymous_0)
FNDA:0,(anonymous_1)
FNDA:0,(anonymous_2)
FNDA:0,(anonymous_3)
FNDA:0,(anonymous_4)
FNDA:0,(anonymous_5)
FNDA:0,(anonymous_6)
FNDA:0,(anonymous_7)
FNDA:0,(anonymous_8)
FNDA:0,(anonymous_9)
FNDA:0,(anonymous_10)
FNDA:0,(anonymous_11)
DA:22,0
DA:23,0
DA:27,0
DA:28,0
DA:29,0
DA:30,0
DA:31,0
DA:32,0
DA:33,0
DA:40,0
DA:47,0
DA:49,0
DA:52,0
DA:53,0
DA:58,0
DA:59,0
DA:65,0
DA:66,0
DA:74,0
DA:75,0
DA:78,0
DA:79,0
DA:87,0
DA:94,0
DA:95,0
DA:96,0
DA:103,0
DA:105,0
DA:107,0
DA:108,0
DA:110,0
DA:111,0
DA:112,0
DA:113,0
DA:117,0
DA:118,0
DA:119,0
DA:122,0
DA:123,0
DA:126,0
DA:128,0
DA:129,0
DA:130,0
DA:131,0
DA:136,0
DA:139,0
DA:140,0
DA:144,0
DA:145,0
DA:148,0
DA:149,0
DA:155,0
DA:163,0
DA:164,0
DA:169,0
DA:176,0
DA:178,0
DA:179,0
DA:182,0
DA:183,0
DA:190,0
LF:61
LH:0
BRDA:94,0,0,0
BRDA:94,0,1,0
BRDA:103,1,0,0
BRDA:103,1,1,0
BRDA:103,2,0,0
BRDA:103,2,1,0
BRDA:108,3,0,0
BRDA:108,3,1,0
BRDA:110,4,0,0
BRDA:110,4,1,0
BRDA:122,5,0,0
BRDA:122,5,1,0
BRDA:122,6,0,0
BRDA:122,6,1,0
BRDA:126,7,0,0
BRDA:126,7,1,0
BRDA:129,8,0,0
BRDA:129,8,1,0
BRDA:139,9,0,0
BRDA:139,9,1,0
BRDA:148,10,0,0
BRDA:148,10,1,0
BRDA:163,11,0,0
BRDA:163,11,1,0
BRDA:163,12,0,0
BRDA:163,12,1,0
BRDA:178,13,0,0
BRDA:178,13,1,0
BRF:28
BRH:0
end_of_record
TN:
SF:webview/core/MediaPipeLoader.ts
FN:24,loadTasksVision
FN:26,resolvePinnedBase
FN:32,(anonymous_2)
FN:33,(anonymous_3)
FN:34,(anonymous_4)
FN:37,(anonymous_5)
FN:42,(anonymous_6)
FN:44,(anonymous_7)
FN:47,(anonymous_8)
FN:65,tryLoadScript
FN:66,(anonymous_10)
FN:77,(anonymous_11)
FN:81,(anonymous_12)
FN:85,(anonymous_13)
FN:90,(anonymous_14)
FN:99,(anonymous_15)
FNF:16
FNH:0
FNDA:0,loadTasksVision
FNDA:0,resolvePinnedBase
FNDA:0,(anonymous_2)
FNDA:0,(anonymous_3)
FNDA:0,(anonymous_4)
FNDA:0,(anonymous_5)
FNDA:0,(anonymous_6)
FNDA:0,(anonymous_7)
FNDA:0,(anonymous_8)
FNDA:0,tryLoadScript
FNDA:0,(anonymous_10)
FNDA:0,(anonymous_11)
FNDA:0,(anonymous_12)
FNDA:0,(anonymous_13)
FNDA:0,(anonymous_14)
FNDA:0,(anonymous_15)
DA:27,0
DA:28,0
DA:29,0
DA:31,0
DA:32,0
DA:33,0
DA:34,0
DA:35,0
DA:36,0
DA:37,0
DA:38,0
DA:42,0
DA:43,0
DA:44,0
DA:45,0
DA:46,0
DA:47,0
DA:48,0
DA:50,0
DA:54,0
DA:55,0
DA:58,0
DA:61,0
DA:62,0
DA:66,0
DA:67,0
DA:68,0
DA:69,0
DA:70,0
DA:71,0
DA:73,0
DA:74,0
DA:76,0
DA:77,0
DA:78,0
DA:79,0
DA:81,0
DA:82,0
DA:83,0
DA:85,0
DA:86,0
DA:87,0
DA:88,0
DA:90,0
DA:91,0
DA:92,0
DA:93,0
DA:95,0
DA:99,0
DA:100,0
DA:106,0
DA:107,0
DA:108,0
DA:109,0
DA:116,0
DA:121,0
DA:127,0
DA:128,0
DA:129,0
DA:131,0
DA:133,0
DA:134,0
DA:136,0
DA:137,0
DA:144,0
DA:145,0
DA:146,0
DA:147,0
DA:148,0
DA:155,0
DA:159,0
DA:162,0
LF:72
LH:0
BRDA:28,0,0,0
BRDA:28,0,1,0
BRDA:28,1,0,0
BRDA:28,1,1,0
BRDA:43,2,0,0
BRDA:43,2,1,0
BRDA:46,3,0,0
BRDA:46,3,1,0
BRDA:46,4,0,0
BRDA:46,4,1,0
BRDA:48,5,0,0
BRDA:48,5,1,0
BRDA:54,6,0,0
BRDA:54,6,1,0
BRDA:62,7,0,0
BRDA:62,7,1,0
BRDA:65,8,0,0
BRDA:69,9,0,0
BRDA:69,9,1,0
BRDA:73,10,0,0
BRDA:73,10,1,0
BRDA:79,11,0,0
BRDA:79,11,1,0
BRDA:100,12,0,0
BRDA:100,12,1,0
BRDA:100,12,2,0
BRDA:100,12,3,0
BRDA:108,13,0,0
BRDA:108,13,1,0
BRDA:131,14,0,0
BRDA:131,14,1,0
BRDA:133,15,0,0
BRDA:133,15,1,0
BRDA:133,16,0,0
BRDA:133,16,1,0
BRDA:136,17,0,0
BRDA:136,17,1,0
BRDA:144,18,0,0
BRDA:144,18,1,0
BRDA:147,19,0,0
BRDA:147,19,1,0
BRDA:147,20,0,0
BRDA:147,20,1,0
BRDA:164,21,0,0
BRDA:164,21,1,0
BRDA:164,22,0,0
BRDA:164,22,1,0
BRF:47
BRH:0
end_of_record
TN:
SF:webview/core/OverlayRenderer.ts
FN:15,(anonymous_0)
FN:23,(anonymous_1)
FN:46,(anonymous_2)
FN:55,(anonymous_3)
FN:91,(anonymous_4)
FN:124,(anonymous_5)
FN:143,(anonymous_6)
FN:175,(anonymous_7)
FNF:8
FNH:0
FNDA:0,(anonymous_0)
FNDA:0,(anonymous_1)
FNDA:0,(anonymous_2)
FNDA:0,(anonymous_3)
FNDA:0,(anonymous_4)
FNDA:0,(anonymous_5)
FNDA:0,(anonymous_6)
FNDA:0,(anonymous_7)
DA:11,0
DA:12,0
DA:13,0
DA:16,0
DA:17,0
DA:24,0
DA:25,0
DA:26,0
DA:27,0
DA:28,0
DA:30,0
DA:31,0
DA:32,0
DA:33,0
DA:35,0
DA:36,0
DA:37,0
DA:38,0
DA:39,0
DA:47,0
DA:48,0
DA:56,0
DA:58,0
DA:61,0
DA:62,0
DA:63,0
DA:67,0
DA:70,0
DA:71,0
DA:72,0
DA:75,0
DA:76,0
DA:79,0
DA:82,0
DA:85,0
DA:92,0
DA:94,0
DA:95,0
DA:97,0
DA:98,0
DA:99,0
DA:100,0
DA:102,0
DA:103,0
DA:104,0
DA:105,0
DA:107,0
DA:108,0
DA:109,0
DA:111,0
DA:113,0
DA:116,0
DA:117,0
DA:125,0
DA:127,0
DA:128,0
DA:130,0
DA:131,0
DA:136,0
DA:144,0
DA:146,0
DA:147,0
DA:149,0
DA:150,0
DA:151,0
DA:153,0
DA:154,0
DA:155,0
DA:156,0
DA:157,0
DA:158,0
DA:159,0
DA:162,0
DA:163,0
DA:164,0
DA:165,0
DA:166,0
DA:167,0
DA:169,0
DA:176,0
LF:80
LH:0
BRDA:24,0,0,0
BRDA:24,0,1,0
BRDA:25,1,0,0
BRDA:25,1,1,0
BRDA:26,2,0,0
BRDA:26,2,1,0
BRDA:27,3,0,0
BRDA:27,3,1,0
BRDA:30,4,0,0
BRDA:30,4,1,0
BRDA:30,5,0,0
BRDA:30,5,1,0
BRDA:31,6,0,0
BRDA:31,6,1,0
BRDA:47,7,0,0
BRDA:47,7,1,0
BRDA:47,8,0,0
BRDA:47,8,1,0
BRDA:47,8,2,0
BRDA:56,9,0,0
BRDA:56,9,1,0
BRDA:56,10,0,0
BRDA:56,10,1,0
BRDA:56,10,2,0
BRDA:61,11,0,0
BRDA:61,11,1,0
BRDA:76,12,0,0
BRDA:76,12,1,0
BRDA:76,13,0,0
BRDA:76,13,1,0
BRDA:92,14,0,0
BRDA:92,14,1,0
BRDA:100,15,0,0
BRDA:100,15,1,0
BRDA:100,16,0,0
BRDA:100,16,1,0
BRDA:107,17,0,0
BRDA:107,17,1,0
BRDA:116,18,0,0
BRDA:116,18,1,0
BRDA:125,19,0,0
BRDA:125,19,1,0
BRDA:128,20,0,0
BRDA:128,20,1,0
BRDA:128,21,0,0
BRDA:128,21,1,0
BRDA:144,22,0,0
BRDA:144,22,1,0
BRDA:144,23,0,0
BRDA:144,23,1,0
BRDA:144,23,2,0
BRDA:153,24,0,0
BRDA:153,24,1,0
BRF:53
BRH:0
end_of_record
TN:
SF:webview/types/MediaPipeTypes.ts
FN:176,isGestureMessage
FN:180,isErrorMessage
FN:184,isTelemetryMessage
FN:188,isTwoHandGesture
FNF:4
FNH:0
FNDA:0,isGestureMessage
FNDA:0,isErrorMessage
FNDA:0,isTelemetryMessage
FNDA:0,isTwoHandGesture
DA:177,0
DA:181,0
DA:185,0
DA:189,0
LF:4
LH:0
BRDA:189,0,0,0
BRDA:189,0,1,0
BRDA:189,0,2,0
BRDA:189,0,3,0
BRF:4
BRH:0
end_of_record
TN:
SF:webview/utils/CelebrationSystem.ts
FN:2,(anonymous_0)
FNF:1
FNH:0
FNDA:0,(anonymous_0)
DA:3,0
DA:4,0
DA:8,0
LF:3
LH:0
BRDA:3,0,0,0
BRDA:3,0,1,0
BRDA:4,1,0,0
BRDA:4,1,1,0
BRDA:8,2,0,0
BRDA:8,2,1,0
BRF:6
BRH:0
end_of_record
TN:
SF:webview/utils/FeedbackSystem.ts
FN:2,(anonymous_0)
FNF:1
FNH:0
FNDA:0,(anonymous_0)
DA:3,0
DA:4,0
DA:5,0
DA:6,0
DA:8,0
LF:5
LH:0
BRDA:3,0,0,0
BRDA:3,0,1,0
BRDA:5,1,0,0
BRDA:5,1,1,0
BRF:4
BRH:0
end_of_record
TN:
SF:webview/utils/HealthMonitor.ts
FN:37,(anonymous_0)
FN:50,(anonymous_1)
FN:58,(anonymous_2)
FN:66,(anonymous_3)
FN:81,(anonymous_4)
FN:89,(anonymous_5)
FN:140,(anonymous_6)
FN:147,(anonymous_7)
FN:163,(anonymous_8)
FNF:9
FNH:0
FNDA:0,(anonymous_0)
FNDA:0,(anonymous_1)
FNDA:0,(anonymous_2)
FNDA:0,(anonymous_3)
FNDA:0,(anonymous_4)
FNDA:0,(anonymous_5)
FNDA:0,(anonymous_6)
FNDA:0,(anonymous_7)
FNDA:0,(anonymous_8)
DA:21,0
DA:29,0
DA:30,0
DA:31,0
DA:32,0
DA:38,0
DA:39,0
DA:40,0
DA:42,0
DA:43,0
DA:44,0
DA:51,0
DA:52,0
DA:60,0
DA:67,0
DA:69,0
DA:70,0
DA:72,0
DA:73,0
DA:75,0
DA:82,0
DA:83,0
DA:90,0
DA:91,0
DA:92,0
DA:94,0
DA:95,0
DA:98,0
DA:99,0
DA:100,0
DA:104,0
DA:105,0
DA:106,0
DA:110,0
DA:111,0
DA:112,0
DA:116,0
DA:117,0
DA:118,0
DA:122,0
DA:124,0
DA:125,0
DA:126,0
DA:127,0
DA:130,0
DA:141,0
DA:148,0
DA:149,0
DA:150,0
DA:151,0
DA:164,0
DA:165,0
LF:52
LH:0
BRDA:39,0,0,0
BRDA:39,0,1,0
BRDA:67,1,0,0
BRDA:67,1,1,0
BRDA:70,2,0,0
BRDA:70,2,1,0
BRDA:82,3,0,0
BRDA:82,3,1,0
BRDA:98,4,0,0
BRDA:98,4,1,0
BRDA:104,5,0,0
BRDA:104,5,1,0
BRDA:110,6,0,0
BRDA:110,6,1,0
BRDA:116,7,0,0
BRDA:116,7,1,0
BRDA:124,8,0,0
BRDA:124,8,1,0
BRDA:124,9,0,0
BRDA:124,9,1,0
BRDA:126,10,0,0
BRDA:126,10,1,0
BRDA:126,11,0,0
BRDA:126,11,1,0
BRDA:165,12,0,0
BRDA:165,12,1,0
BRF:26
BRH:0
end_of_record
TN:
SF:webview/utils/ObjectPool.ts
FN:12,(anonymous_0)
FN:21,(anonymous_1)
FN:35,(anonymous_2)
FN:44,(anonymous_3)
FN:51,(anonymous_4)
FN:66,(anonymous_5)
FN:79,(anonymous_6)
FN:90,(anonymous_7)
FN:98,(anonymous_8)
FN:99,(anonymous_9)
FNF:10
FNH:0
FNDA:0,(anonymous_0)
FNDA:0,(anonymous_1)
FNDA:0,(anonymous_2)
FNDA:0,(anonymous_3)
FNDA:0,(anonymous_4)
FNDA:0,(anonymous_5)
FNDA:0,(anonymous_6)
FNDA:0,(anonymous_7)
FNDA:0,(anonymous_8)
FNDA:0,(anonymous_9)
DA:7,0
DA:13,0
DA:14,0
DA:15,0
DA:22,0
DA:23,0
DA:24,0
DA:25,0
DA:27,0
DA:29,0
DA:36,0
DA:37,0
DA:45,0
DA:52,0
DA:60,0
DA:61,0
DA:67,0
DA:68,0
DA:70,0
DA:71,0
DA:73,0
DA:80,0
DA:82,0
DA:83,0
DA:91,0
DA:96,0
DA:97,0
DA:98,0
DA:99,0
LF:29
LH:0
BRDA:12,0,0,0
BRDA:23,1,0,0
BRDA:23,1,1,0
BRDA:24,2,0,0
BRDA:24,2,1,0
BRDA:36,3,0,0
BRDA:36,3,1,0
BRDA:68,4,0,0
BRDA:68,4,1,0
BRDA:80,5,0,0
BRDA:80,5,1,0
BRDA:80,6,0,0
BRDA:80,6,1,0
BRF:13
BRH:0
end_of_record
TN:
SF:webview/utils/ResourceManager.ts
FN:16,(anonymous_0)
FN:23,(anonymous_1)
FN:30,(anonymous_2)
FN:37,(anonymous_3)
FN:44,(anonymous_4)
FN:51,(anonymous_5)
FN:80,(anonymous_6)
FN:115,(anonymous_7)
FNF:8
FNH:0
FNDA:0,(anonymous_0)
FNDA:0,(anonymous_1)
FNDA:0,(anonymous_2)
FNDA:0,(anonymous_3)
FNDA:0,(anonymous_4)
FNDA:0,(anonymous_5)
FNDA:0,(anonymous_6)
FNDA:0,(anonymous_7)
DA:7,0
DA:8,0
DA:9,0
DA:10,0
DA:11,0
DA:17,0
DA:24,0
DA:31,0
DA:38,0
DA:45,0
DA:52,0
DA:55,0
DA:56,0
DA:57,0
DA:58,0
DA:59,0
DA:62,0
DA:65,0
DA:68,0
DA:69,0
DA:70,0
DA:72,0
DA:75,0
DA:78,0
DA:79,0
DA:80,0
DA:82,0
DA:85,0
DA:88,0
DA:89,0
DA:90,0
DA:92,0
DA:95,0
DA:98,0
DA:99,0
DA:100,0
DA:102,0
DA:105,0
DA:107,0
DA:108,0
DA:116,0
LF:41
LH:0
BRDA:58,0,0,0
BRDA:58,0,1,0
BRDA:58,1,0,0
BRDA:58,1,1,0
BRDA:107,2,0,0
BRDA:107,2,1,0
BRDA:116,3,0,0
BRDA:116,3,1,0
BRDA:116,3,2,0
BRDA:116,3,3,0
BRDA:116,3,4,0
BRF:11
BRH:0
end_of_record
