TN:
SF:src/constants.ts
FNF:0
FNH:0
DA:1,1
DA:3,1
DA:4,1
DA:5,1
DA:7,1
DA:9,1
DA:10,1
DA:11,1
DA:13,1
DA:15,1
DA:18,1
DA:22,1
DA:27,1
DA:30,1
DA:33,1
DA:40,1
DA:41,1
DA:43,0
DA:45,1
LF:19
LH:18
BRDA:3,0,0,1
BRDA:3,0,1,1
BRDA:4,1,0,1
BRDA:4,1,1,1
BRDA:16,2,0,1
BRDA:16,2,1,1
BRDA:19,3,0,1
BRDA:19,3,1,1
BRDA:23,4,0,1
BRDA:23,4,1,1
BRDA:34,5,0,1
BRDA:34,5,1,1
BRDA:35,6,0,0
BRDA:35,6,1,1
BRDA:40,7,0,1
BRDA:40,7,1,0
BRDA:40,8,0,1
BRDA:40,8,1,1
BRDA:41,9,0,0
BRF:19
BRH:16
end_of_record
TN:
SF:src/components/MediaPipeGestureDetector.tsx
FN:55,(anonymous_16)
FN:75,(anonymous_17)
FN:102,(anonymous_18)
FN:112,(anonymous_19)
FN:113,(anonymous_20)
FN:113,(anonymous_21)
FN:117,(anonymous_22)
FN:124,(anonymous_23)
FN:125,(anonymous_24)
FN:125,(anonymous_25)
FN:127,(anonymous_26)
FN:148,(anonymous_27)
FN:154,(anonymous_28)
FN:156,(anonymous_29)
FN:213,(anonymous_30)
FN:213,(anonymous_31)
FN:330,(anonymous_32)
FN:334,(anonymous_33)
FN:339,(anonymous_34)
FN:344,(anonymous_35)
FNF:20
FNH:18
FNDA:22,(anonymous_16)
FNDA:28,(anonymous_17)
FNDA:0,(anonymous_18)
FNDA:21,(anonymous_19)
FNDA:1,(anonymous_20)
FNDA:1,(anonymous_21)
FNDA:88,(anonymous_22)
FNDA:21,(anonymous_23)
FNDA:22,(anonymous_24)
FNDA:22,(anonymous_25)
FNDA:1,(anonymous_26)
FNDA:1,(anonymous_27)
FNDA:21,(anonymous_28)
FNDA:21,(anonymous_29)
FNDA:13,(anonymous_30)
FNDA:13,(anonymous_31)
FNDA:0,(anonymous_32)
FNDA:1,(anonymous_33)
FNDA:1,(anonymous_34)
FNDA:2,(anonymous_35)
DA:1,1
DA:2,1
DA:3,1
DA:9,1
DA:10,1
DA:11,1
DA:47,1
DA:48,1
DA:50,1
DA:52,0
DA:55,1
DA:67,22
DA:68,22
DA:69,22
DA:70,22
DA:71,22
DA:72,22
DA:73,22
DA:75,22
DA:76,28
DA:77,2
DA:78,0
DA:79,0
DA:80,0
DA:81,0
DA:83,2
DA:84,2
DA:85,2
DA:86,2
DA:88,2
DA:89,2
DA:92,2
DA:93,2
DA:94,2
DA:98,2
DA:101,2
DA:102,2
DA:103,0
DA:104,0
DA:105,0
DA:106,0
DA:107,0
DA:112,22
DA:113,21
DA:114,21
DA:117,22
DA:118,88
DA:119,22
DA:120,22
DA:121,22
DA:122,22
DA:124,22
DA:125,22
DA:126,22
DA:127,22
DA:128,1
DA:129,1
DA:132,22
DA:133,22
DA:134,13
DA:135,13
DA:138,22
DA:139,22
DA:140,13
DA:141,13
DA:144,0
DA:147,21
DA:148,21
DA:149,1
DA:151,21
DA:154,22
DA:155,21
DA:156,21
DA:157,21
DA:158,1
DA:159,1
DA:161,21
DA:162,21
DA:166,0
DA:172,22
DA:174,0
DA:175,0
DA:184,22
DA:185,22
DA:186,22
DA:213,22
DA:214,13
DA:215,13
DA:217,12
DA:218,5
DA:220,5
DA:221,2
DA:222,2
DA:226,3
DA:227,3
DA:229,0
DA:231,5
DA:238,7
DA:239,1
DA:240,1
DA:241,6
DA:243,6
DA:244,1
DA:245,1
DA:246,1
DA:247,1
DA:248,1
DA:250,0
DA:252,5
DA:253,1
DA:254,1
DA:255,1
DA:256,1
DA:257,1
DA:259,0
DA:261,4
DA:262,4
DA:263,4
DA:264,4
DA:270,0
DA:272,4
DA:273,2
DA:274,2
DA:275,2
DA:276,1
DA:277,1
DA:278,1
DA:280,1
DA:281,1
DA:282,1
DA:283,0
DA:286,4
DA:288,4
DA:289,0
DA:305,0
DA:309,1
DA:313,22
DA:331,0
DA:332,0
DA:335,1
DA:336,1
DA:340,1
DA:341,1
DA:342,1
DA:343,1
DA:344,2
DA:345,1
DA:347,0
DA:356,1
LF:149
LH:125
BRDA:62,0,0,19
BRDA:63,1,0,22
BRDA:76,2,0,26
BRDA:76,3,0,28
BRDA:76,3,1,28
BRDA:76,3,2,22
BRDA:77,4,0,0
BRDA:85,5,0,1
BRDA:85,5,1,1
BRDA:85,6,0,2
BRDA:85,6,1,2
BRDA:101,7,0,0
BRDA:105,8,0,0
BRDA:105,8,1,0
BRDA:105,9,0,0
BRDA:105,9,1,0
BRDA:106,10,0,0
BRDA:106,11,0,0
BRDA:106,11,1,0
BRDA:132,12,0,0
BRDA:132,12,1,22
BRDA:132,13,0,22
BRDA:132,13,1,0
BRDA:133,14,0,13
BRDA:138,15,0,0
BRDA:138,15,1,22
BRDA:138,16,0,22
BRDA:138,16,1,0
BRDA:139,17,0,13
BRDA:139,18,0,22
BRDA:139,18,1,13
BRDA:157,19,0,1
BRDA:162,20,0,0
BRDA:162,20,1,21
BRDA:162,21,0,21
BRDA:162,21,1,21
BRDA:172,22,0,0
BRDA:185,23,0,21
BRDA:185,23,1,1
BRDA:200,24,0,21
BRDA:200,24,1,1
BRDA:217,25,0,5
BRDA:217,25,1,7
BRDA:220,26,0,2
BRDA:220,26,1,3
BRDA:220,27,0,5
BRDA:220,27,1,4
BRDA:223,28,0,1
BRDA:223,28,1,1
BRDA:223,29,0,2
BRDA:223,29,1,2
BRDA:226,30,0,3
BRDA:226,30,1,0
BRDA:226,31,0,3
BRDA:226,31,1,1
BRDA:235,32,0,5
BRDA:235,32,1,0
BRDA:238,33,0,1
BRDA:238,33,1,6
BRDA:241,34,0,0
BRDA:241,34,1,6
BRDA:243,35,0,1
BRDA:243,35,1,5
BRDA:244,36,0,1
BRDA:244,36,1,0
BRDA:245,37,0,1
BRDA:245,37,1,0
BRDA:246,38,0,1
BRDA:246,38,1,0
BRDA:248,39,0,0
BRDA:248,39,1,1
BRDA:248,40,0,1
BRDA:248,40,1,1
BRDA:252,41,0,1
BRDA:252,41,1,4
BRDA:254,42,0,1
BRDA:254,42,1,0
BRDA:255,43,0,1
BRDA:255,43,1,0
BRDA:257,44,0,0
BRDA:257,44,1,1
BRDA:257,45,0,1
BRDA:257,45,1,1
BRDA:261,46,0,4
BRDA:262,47,0,4
BRDA:262,47,1,0
BRDA:264,48,0,3
BRDA:264,48,1,1
BRDA:264,49,0,4
BRDA:264,49,1,4
BRDA:266,50,0,1
BRDA:266,50,1,0
BRDA:267,51,0,1
BRDA:267,51,1,0
BRDA:272,52,0,2
BRDA:272,52,1,2
BRDA:275,53,0,1
BRDA:275,54,0,2
BRDA:275,54,1,1
BRDA:276,55,0,1
BRDA:281,56,0,0
BRDA:281,56,1,1
BRDA:281,57,0,1
BRDA:281,57,1,1
BRDA:282,58,0,0
BRDA:282,59,0,1
BRDA:282,59,1,0
BRDA:288,60,0,0
BRDA:288,61,0,4
BRDA:288,61,1,4
BRDA:296,62,0,0
BRDA:296,62,1,0
BRDA:298,63,0,0
BRDA:298,63,1,0
BRDA:300,64,0,0
BRDA:300,64,1,0
BRDA:335,65,0,1
BRDA:335,66,0,0
BRDA:335,66,1,1
BRDA:335,67,0,1
BRDA:335,67,1,1
BRDA:335,68,0,0
BRDA:335,68,1,1
BRDA:335,69,0,1
BRDA:335,69,1,1
BRDA:340,70,0,0
BRDA:340,70,1,1
BRDA:340,71,0,1
BRDA:340,71,1,1
BRDA:340,72,0,0
BRDA:340,72,1,1
BRDA:340,73,0,1
BRDA:340,73,1,1
BRDA:341,74,0,0
BRDA:341,74,1,1
BRDA:341,75,0,1
BRDA:341,75,1,1
BRDA:341,76,0,0
BRDA:341,76,1,1
BRDA:341,77,0,1
BRDA:341,77,1,1
BRDA:342,78,0,1
BRDA:342,79,0,1
BRDA:342,79,1,1
BRF:144
BRH:100
end_of_record
TN:
SF:src/services/LanguageManager.ts
FN:14,getNested
FN:15,(anonymous_2)
FN:19,(anonymous_3)
FN:22,(anonymous_4)
FN:25,(anonymous_5)
FN:28,(anonymous_6)
FN:32,(anonymous_7)
FN:35,(anonymous_8)
FN:38,(anonymous_9)
FN:41,(anonymous_10)
FN:43,(anonymous_11)
FNF:11
FNH:8
FNDA:90,getNested
FNDA:180,(anonymous_2)
FNDA:22,(anonymous_3)
FNDA:22,(anonymous_4)
FNDA:1,(anonymous_5)
FNDA:90,(anonymous_6)
FNDA:0,(anonymous_7)
FNDA:0,(anonymous_8)
FNDA:0,(anonymous_9)
FNDA:21,(anonymous_10)
FNDA:21,(anonymous_11)
DA:1,1
DA:2,1
DA:6,1
DA:11,1
DA:12,1
DA:15,180
DA:18,1
DA:20,22
DA:23,22
DA:24,2
DA:25,2
DA:29,90
DA:30,90
DA:33,0
DA:36,0
DA:37,0
DA:38,0
DA:42,21
DA:43,21
DA:44,21
LF:20
LH:16
BRDA:15,0,0,180
BRDA:15,0,1,0
BRDA:15,1,0,180
BRDA:15,1,1,180
BRDA:23,2,0,2
BRDA:29,3,0,90
BRDA:29,3,1,0
BRDA:30,4,0,90
BRDA:30,4,1,0
BRDA:37,5,0,0
BRF:10
BRH:6
end_of_record
